2021-03-23 21:47:05,788 INFO  [main] Configuration.deprecation (Configuration.java:warnOnceIfDeprecated(1049)) - session.id is deprecated. Instead, use dfs.metrics.session-id
2021-03-23 21:47:05,791 INFO  [main] jvm.JvmMetrics (JvmMetrics.java:init(76)) - Initializing JVM Metrics with processName=JobTracker, sessionId=
2021-03-23 21:47:06,000 WARN  [main] mapreduce.JobSubmitter (JobSubmitter.java:copyAndConfigureFiles(153)) - Hadoop command-line option parsing not performed. Implement the Tool interface and execute your application with ToolRunner to remedy this.
2021-03-23 21:47:06,037 INFO  [main] input.FileInputFormat (FileInputFormat.java:listStatus(281)) - Total input paths to process : 1
2021-03-23 21:47:06,062 INFO  [main] mapreduce.JobSubmitter (JobSubmitter.java:submitJobInternal(494)) - number of splits:1
2021-03-23 21:47:06,219 INFO  [main] mapreduce.JobSubmitter (JobSubmitter.java:printTokens(583)) - Submitting tokens for job: job_local447818136_0001
2021-03-23 21:47:06,470 INFO  [main] mapreduce.Job (Job.java:submit(1300)) - The url to track the job: http://localhost:8080/
2021-03-23 21:47:06,471 INFO  [main] mapreduce.Job (Job.java:monitorAndPrintJob(1345)) - Running job: job_local447818136_0001
2021-03-23 21:47:06,474 INFO  [Thread-3] mapred.LocalJobRunner (LocalJobRunner.java:createOutputCommitter(471)) - OutputCommitter set in config null
2021-03-23 21:47:06,482 INFO  [Thread-3] mapred.LocalJobRunner (LocalJobRunner.java:createOutputCommitter(489)) - OutputCommitter is org.apache.hadoop.mapreduce.lib.output.FileOutputCommitter
2021-03-23 21:47:07,227 INFO  [Thread-3] mapred.LocalJobRunner (LocalJobRunner.java:runTasks(448)) - Waiting for map tasks
2021-03-23 21:47:07,233 INFO  [LocalJobRunner Map Task Executor #0] mapred.LocalJobRunner (LocalJobRunner.java:run(224)) - Starting task: attempt_local447818136_0001_m_000000_0
2021-03-23 21:47:07,457 INFO  [LocalJobRunner Map Task Executor #0] mapred.Task (Task.java:initialize(587)) -  Using ResourceCalculatorProcessTree : [ ]
2021-03-23 21:47:07,460 INFO  [LocalJobRunner Map Task Executor #0] mapred.MapTask (MapTask.java:runNewMapper(753)) - Processing split: file:/home/dxt5888/project3/small-graph.csv:0+36
2021-03-23 21:47:07,473 INFO  [main] mapreduce.Job (Job.java:monitorAndPrintJob(1366)) - Job job_local447818136_0001 running in uber mode : false
2021-03-23 21:47:07,474 INFO  [main] mapreduce.Job (Job.java:monitorAndPrintJob(1373)) -  map 0% reduce 0%
2021-03-23 21:47:07,565 INFO  [LocalJobRunner Map Task Executor #0] mapred.MapTask (MapTask.java:setEquator(1202)) - (EQUATOR) 0 kvi 26214396(104857584)
2021-03-23 21:47:07,565 INFO  [LocalJobRunner Map Task Executor #0] mapred.MapTask (MapTask.java:init(995)) - mapreduce.task.io.sort.mb: 100
2021-03-23 21:47:07,565 INFO  [LocalJobRunner Map Task Executor #0] mapred.MapTask (MapTask.java:init(996)) - soft limit at 83886080
2021-03-23 21:47:07,565 INFO  [LocalJobRunner Map Task Executor #0] mapred.MapTask (MapTask.java:init(997)) - bufstart = 0; bufvoid = 104857600
2021-03-23 21:47:07,566 INFO  [LocalJobRunner Map Task Executor #0] mapred.MapTask (MapTask.java:init(998)) - kvstart = 26214396; length = 6553600
2021-03-23 21:47:07,574 INFO  [LocalJobRunner Map Task Executor #0] mapred.MapTask (MapTask.java:createSortingCollector(402)) - Map output collector class = org.apache.hadoop.mapred.MapTask$MapOutputBuffer
2021-03-23 21:47:07,596 INFO  [LocalJobRunner Map Task Executor #0] mapred.LocalJobRunner (LocalJobRunner.java:statusUpdate(591)) - 
2021-03-23 21:47:07,603 INFO  [LocalJobRunner Map Task Executor #0] mapred.MapTask (MapTask.java:flush(1457)) - Starting flush of map output
2021-03-23 21:47:07,603 INFO  [LocalJobRunner Map Task Executor #0] mapred.MapTask (MapTask.java:flush(1475)) - Spilling map output
2021-03-23 21:47:07,603 INFO  [LocalJobRunner Map Task Executor #0] mapred.MapTask (MapTask.java:flush(1476)) - bufstart = 0; bufend = 144; bufvoid = 104857600
2021-03-23 21:47:07,603 INFO  [LocalJobRunner Map Task Executor #0] mapred.MapTask (MapTask.java:flush(1478)) - kvstart = 26214396(104857584); kvend = 26214364(104857456); length = 33/6553600
2021-03-23 21:47:07,610 INFO  [LocalJobRunner Map Task Executor #0] mapred.MapTask (MapTask.java:sortAndSpill(1660)) - Finished spill 0
2021-03-23 21:47:07,618 INFO  [LocalJobRunner Map Task Executor #0] mapred.Task (Task.java:done(1001)) - Task:attempt_local447818136_0001_m_000000_0 is done. And is in the process of committing
2021-03-23 21:47:07,628 INFO  [LocalJobRunner Map Task Executor #0] mapred.LocalJobRunner (LocalJobRunner.java:statusUpdate(591)) - map
2021-03-23 21:47:07,629 INFO  [LocalJobRunner Map Task Executor #0] mapred.Task (Task.java:sendDone(1121)) - Task 'attempt_local447818136_0001_m_000000_0' done.
2021-03-23 21:47:07,629 INFO  [LocalJobRunner Map Task Executor #0] mapred.LocalJobRunner (LocalJobRunner.java:run(249)) - Finishing task: attempt_local447818136_0001_m_000000_0
2021-03-23 21:47:07,630 INFO  [Thread-3] mapred.LocalJobRunner (LocalJobRunner.java:runTasks(456)) - map task executor complete.
2021-03-23 21:47:07,632 INFO  [Thread-3] mapred.LocalJobRunner (LocalJobRunner.java:runTasks(448)) - Waiting for reduce tasks
2021-03-23 21:47:07,632 INFO  [pool-3-thread-1] mapred.LocalJobRunner (LocalJobRunner.java:run(302)) - Starting task: attempt_local447818136_0001_r_000000_0
2021-03-23 21:47:07,640 INFO  [pool-3-thread-1] mapred.Task (Task.java:initialize(587)) -  Using ResourceCalculatorProcessTree : [ ]
2021-03-23 21:47:07,643 INFO  [pool-3-thread-1] mapred.ReduceTask (ReduceTask.java:run(362)) - Using ShuffleConsumerPlugin: org.apache.hadoop.mapreduce.task.reduce.Shuffle@5977659b
2021-03-23 21:47:07,671 INFO  [pool-3-thread-1] reduce.MergeManagerImpl (MergeManagerImpl.java:<init>(196)) - MergerManager: memoryLimit=709551680, maxSingleShuffleLimit=177387920, mergeThreshold=468304128, ioSortFactor=10, memToMemMergeOutputsThreshold=10
2021-03-23 21:47:07,691 INFO  [EventFetcher for fetching Map Completion Events] reduce.EventFetcher (EventFetcher.java:run(61)) - attempt_local447818136_0001_r_000000_0 Thread started: EventFetcher for fetching Map Completion Events
2021-03-23 21:47:07,759 INFO  [localfetcher#1] reduce.LocalFetcher (LocalFetcher.java:copyMapOutput(141)) - localfetcher#1 about to shuffle output of map attempt_local447818136_0001_m_000000_0 decomp: 164 len: 168 to MEMORY
2021-03-23 21:47:07,784 INFO  [localfetcher#1] reduce.InMemoryMapOutput (InMemoryMapOutput.java:shuffle(100)) - Read 164 bytes from map-output for attempt_local447818136_0001_m_000000_0
2021-03-23 21:47:07,817 INFO  [localfetcher#1] reduce.MergeManagerImpl (MergeManagerImpl.java:closeInMemoryFile(314)) - closeInMemoryFile -> map-output of size: 164, inMemoryMapOutputs.size() -> 1, commitMemory -> 0, usedMemory ->164
2021-03-23 21:47:07,818 INFO  [EventFetcher for fetching Map Completion Events] reduce.EventFetcher (EventFetcher.java:run(76)) - EventFetcher is interrupted.. Returning
2021-03-23 21:47:07,819 INFO  [pool-3-thread-1] mapred.LocalJobRunner (LocalJobRunner.java:statusUpdate(591)) - 1 / 1 copied.
2021-03-23 21:47:07,819 INFO  [pool-3-thread-1] reduce.MergeManagerImpl (MergeManagerImpl.java:finalMerge(674)) - finalMerge called with 1 in-memory map-outputs and 0 on-disk map-outputs
2021-03-23 21:47:07,825 INFO  [pool-3-thread-1] mapred.Merger (Merger.java:merge(597)) - Merging 1 sorted segments
2021-03-23 21:47:07,825 INFO  [pool-3-thread-1] mapred.Merger (Merger.java:merge(696)) - Down to the last merge-pass, with 1 segments left of total size: 154 bytes
2021-03-23 21:47:07,826 INFO  [pool-3-thread-1] reduce.MergeManagerImpl (MergeManagerImpl.java:finalMerge(751)) - Merged 1 segments, 164 bytes to disk to satisfy reduce memory limit
2021-03-23 21:47:07,826 INFO  [pool-3-thread-1] reduce.MergeManagerImpl (MergeManagerImpl.java:finalMerge(781)) - Merging 1 files, 168 bytes from disk
2021-03-23 21:47:07,827 INFO  [pool-3-thread-1] reduce.MergeManagerImpl (MergeManagerImpl.java:finalMerge(796)) - Merging 0 segments, 0 bytes from memory into reduce
2021-03-23 21:47:07,827 INFO  [pool-3-thread-1] mapred.Merger (Merger.java:merge(597)) - Merging 1 sorted segments
2021-03-23 21:47:07,841 INFO  [pool-3-thread-1] mapred.Merger (Merger.java:merge(696)) - Down to the last merge-pass, with 1 segments left of total size: 154 bytes
2021-03-23 21:47:07,842 INFO  [pool-3-thread-1] mapred.LocalJobRunner (LocalJobRunner.java:statusUpdate(591)) - 1 / 1 copied.
2021-03-23 21:47:08,478 INFO  [main] mapreduce.Job (Job.java:monitorAndPrintJob(1373)) -  map 100% reduce 0%
2021-03-23 21:47:08,480 INFO  [pool-3-thread-1] Configuration.deprecation (Configuration.java:warnOnceIfDeprecated(1049)) - mapred.skip.on is deprecated. Instead, use mapreduce.job.skiprecords
2021-03-23 21:47:08,788 INFO  [pool-3-thread-1] mapred.Task (Task.java:done(1001)) - Task:attempt_local447818136_0001_r_000000_0 is done. And is in the process of committing
2021-03-23 21:47:08,789 INFO  [pool-3-thread-1] mapred.LocalJobRunner (LocalJobRunner.java:statusUpdate(591)) - 1 / 1 copied.
2021-03-23 21:47:08,789 INFO  [pool-3-thread-1] mapred.Task (Task.java:commit(1162)) - Task attempt_local447818136_0001_r_000000_0 is allowed to commit now
2021-03-23 21:47:09,015 INFO  [pool-3-thread-1] output.FileOutputCommitter (FileOutputCommitter.java:commitTask(439)) - Saved output of task 'attempt_local447818136_0001_r_000000_0' to file:/home/dxt5888/project3/intermediate0/_temporary/0/task_local447818136_0001_r_000000
2021-03-23 21:47:09,016 INFO  [pool-3-thread-1] mapred.LocalJobRunner (LocalJobRunner.java:statusUpdate(591)) - reduce > reduce
2021-03-23 21:47:09,016 INFO  [pool-3-thread-1] mapred.Task (Task.java:sendDone(1121)) - Task 'attempt_local447818136_0001_r_000000_0' done.
2021-03-23 21:47:09,016 INFO  [pool-3-thread-1] mapred.LocalJobRunner (LocalJobRunner.java:run(325)) - Finishing task: attempt_local447818136_0001_r_000000_0
2021-03-23 21:47:09,016 INFO  [Thread-3] mapred.LocalJobRunner (LocalJobRunner.java:runTasks(456)) - reduce task executor complete.
2021-03-23 21:47:09,479 INFO  [main] mapreduce.Job (Job.java:monitorAndPrintJob(1373)) -  map 100% reduce 100%
2021-03-23 21:47:10,480 INFO  [main] mapreduce.Job (Job.java:monitorAndPrintJob(1384)) - Job job_local447818136_0001 completed successfully
2021-03-23 21:47:10,491 INFO  [main] mapreduce.Job (Job.java:monitorAndPrintJob(1391)) - Counters: 33
	File System Counters
		FILE: Number of bytes read=14994
		FILE: Number of bytes written=522079
		FILE: Number of read operations=0
		FILE: Number of large read operations=0
		FILE: Number of write operations=0
	Map-Reduce Framework
		Map input records=9
		Map output records=9
		Map output bytes=144
		Map output materialized bytes=168
		Input split bytes=108
		Combine input records=0
		Combine output records=0
		Reduce input groups=6
		Reduce shuffle bytes=168
		Reduce input records=9
		Reduce output records=6
		Spilled Records=18
		Shuffled Maps =1
		Failed Shuffles=0
		Merged Map outputs=1
		GC time elapsed (ms)=20
		CPU time spent (ms)=0
		Physical memory (bytes) snapshot=0
		Virtual memory (bytes) snapshot=0
		Total committed heap usage (bytes)=372252672
	Shuffle Errors
		BAD_ID=0
		CONNECTION=0
		IO_ERROR=0
		WRONG_LENGTH=0
		WRONG_MAP=0
		WRONG_REDUCE=0
	File Input Format Counters 
		Bytes Read=36
	File Output Format Counters 
		Bytes Written=325
2021-03-23 21:47:10,524 INFO  [main] jvm.JvmMetrics (JvmMetrics.java:init(71)) - Cannot initialize JVM Metrics with processName=JobTracker, sessionId= - already initialized
2021-03-23 21:47:10,526 WARN  [main] mapreduce.JobSubmitter (JobSubmitter.java:copyAndConfigureFiles(153)) - Hadoop command-line option parsing not performed. Implement the Tool interface and execute your application with ToolRunner to remedy this.
2021-03-23 21:47:10,739 INFO  [main] input.FileInputFormat (FileInputFormat.java:listStatus(281)) - Total input paths to process : 1
2021-03-23 21:47:10,740 INFO  [main] mapreduce.JobSubmitter (JobSubmitter.java:submitJobInternal(494)) - number of splits:1
2021-03-23 21:47:10,752 INFO  [main] mapreduce.JobSubmitter (JobSubmitter.java:printTokens(583)) - Submitting tokens for job: job_local1748270693_0002
2021-03-23 21:47:10,902 INFO  [main] mapreduce.Job (Job.java:submit(1300)) - The url to track the job: http://localhost:8080/
2021-03-23 21:47:10,902 INFO  [main] mapreduce.Job (Job.java:monitorAndPrintJob(1345)) - Running job: job_local1748270693_0002
2021-03-23 21:47:10,903 INFO  [Thread-14] mapred.LocalJobRunner (LocalJobRunner.java:createOutputCommitter(471)) - OutputCommitter set in config null
2021-03-23 21:47:10,904 INFO  [Thread-14] mapred.LocalJobRunner (LocalJobRunner.java:createOutputCommitter(489)) - OutputCommitter is org.apache.hadoop.mapreduce.lib.output.FileOutputCommitter
2021-03-23 21:47:11,556 INFO  [Thread-14] mapred.LocalJobRunner (LocalJobRunner.java:runTasks(448)) - Waiting for map tasks
2021-03-23 21:47:11,556 INFO  [LocalJobRunner Map Task Executor #0] mapred.LocalJobRunner (LocalJobRunner.java:run(224)) - Starting task: attempt_local1748270693_0002_m_000000_0
2021-03-23 21:47:11,558 INFO  [LocalJobRunner Map Task Executor #0] mapred.Task (Task.java:initialize(587)) -  Using ResourceCalculatorProcessTree : [ ]
2021-03-23 21:47:11,558 INFO  [LocalJobRunner Map Task Executor #0] mapred.MapTask (MapTask.java:runNewMapper(753)) - Processing split: file:/home/dxt5888/project3/intermediate0/part-r-00000:0+313
2021-03-23 21:47:11,608 INFO  [LocalJobRunner Map Task Executor #0] mapred.MapTask (MapTask.java:setEquator(1202)) - (EQUATOR) 0 kvi 26214396(104857584)
2021-03-23 21:47:11,609 INFO  [LocalJobRunner Map Task Executor #0] mapred.MapTask (MapTask.java:init(995)) - mapreduce.task.io.sort.mb: 100
2021-03-23 21:47:11,609 INFO  [LocalJobRunner Map Task Executor #0] mapred.MapTask (MapTask.java:init(996)) - soft limit at 83886080
2021-03-23 21:47:11,609 INFO  [LocalJobRunner Map Task Executor #0] mapred.MapTask (MapTask.java:init(997)) - bufstart = 0; bufvoid = 104857600
2021-03-23 21:47:11,609 INFO  [LocalJobRunner Map Task Executor #0] mapred.MapTask (MapTask.java:init(998)) - kvstart = 26214396; length = 6553600
2021-03-23 21:47:11,612 INFO  [LocalJobRunner Map Task Executor #0] mapred.MapTask (MapTask.java:createSortingCollector(402)) - Map output collector class = org.apache.hadoop.mapred.MapTask$MapOutputBuffer
2021-03-23 21:47:11,622 INFO  [LocalJobRunner Map Task Executor #0] mapred.MapTask (MapTask.java:flush(1457)) - Starting flush of map output
2021-03-23 21:47:11,623 INFO  [LocalJobRunner Map Task Executor #0] mapred.MapTask (MapTask.java:flush(1475)) - Spilling map output
2021-03-23 21:47:11,623 INFO  [LocalJobRunner Map Task Executor #0] mapred.MapTask (MapTask.java:flush(1476)) - bufstart = 0; bufend = 21; bufvoid = 104857600
2021-03-23 21:47:11,623 INFO  [LocalJobRunner Map Task Executor #0] mapred.MapTask (MapTask.java:flush(1478)) - kvstart = 26214396(104857584); kvend = 26214396(104857584); length = 1/6553600
2021-03-23 21:47:11,624 INFO  [LocalJobRunner Map Task Executor #0] mapred.MapTask (MapTask.java:sortAndSpill(1660)) - Finished spill 0
2021-03-23 21:47:11,625 INFO  [Thread-14] mapred.LocalJobRunner (LocalJobRunner.java:runTasks(456)) - map task executor complete.
2021-03-23 21:47:11,718 WARN  [Thread-14] mapred.LocalJobRunner (LocalJobRunner.java:run(560)) - job_local1748270693_0002
java.lang.Exception: java.lang.OutOfMemoryError: Requested array size exceeds VM limit
	at org.apache.hadoop.mapred.LocalJobRunner$Job.runTasks(LocalJobRunner.java:462)
	at org.apache.hadoop.mapred.LocalJobRunner$Job.run(LocalJobRunner.java:522)
Caused by: java.lang.OutOfMemoryError: Requested array size exceeds VM limit
	at java.util.Vector.<init>(Vector.java:138)
	at java.util.Vector.<init>(Vector.java:151)
	at Tagged.readFields(Graph.java:48)
	at org.apache.hadoop.io.serializer.WritableSerialization$WritableDeserializer.deserialize(WritableSerialization.java:71)
	at org.apache.hadoop.io.serializer.WritableSerialization$WritableDeserializer.deserialize(WritableSerialization.java:42)
	at org.apache.hadoop.io.SequenceFile$Reader.deserializeValue(SequenceFile.java:2245)
	at org.apache.hadoop.io.SequenceFile$Reader.getCurrentValue(SequenceFile.java:2218)
	at org.apache.hadoop.mapreduce.lib.input.SequenceFileRecordReader.nextKeyValue(SequenceFileRecordReader.java:78)
	at org.apache.hadoop.mapred.MapTask$NewTrackingRecordReader.nextKeyValue(MapTask.java:553)
	at org.apache.hadoop.mapreduce.task.MapContextImpl.nextKeyValue(MapContextImpl.java:80)
	at org.apache.hadoop.mapreduce.lib.map.WrappedMapper$Context.nextKeyValue(WrappedMapper.java:91)
	at org.apache.hadoop.mapreduce.Mapper.run(Mapper.java:144)
	at org.apache.hadoop.mapred.MapTask.runNewMapper(MapTask.java:784)
	at org.apache.hadoop.mapred.MapTask.run(MapTask.java:341)
	at org.apache.hadoop.mapred.LocalJobRunner$Job$MapTaskRunnable.run(LocalJobRunner.java:243)
	at java.util.concurrent.Executors$RunnableAdapter.call(Executors.java:511)
	at java.util.concurrent.FutureTask.run(FutureTask.java:266)
	at java.util.concurrent.ThreadPoolExecutor.runWorker(ThreadPoolExecutor.java:1149)
	at java.util.concurrent.ThreadPoolExecutor$Worker.run(ThreadPoolExecutor.java:624)
	at java.lang.Thread.run(Thread.java:748)
2021-03-23 21:47:11,903 INFO  [main] mapreduce.Job (Job.java:monitorAndPrintJob(1366)) - Job job_local1748270693_0002 running in uber mode : false
2021-03-23 21:47:11,903 INFO  [main] mapreduce.Job (Job.java:monitorAndPrintJob(1373)) -  map 0% reduce 0%
2021-03-23 21:47:11,903 INFO  [main] mapreduce.Job (Job.java:monitorAndPrintJob(1386)) - Job job_local1748270693_0002 failed with state FAILED due to: NA
2021-03-23 21:47:11,904 INFO  [main] mapreduce.Job (Job.java:monitorAndPrintJob(1391)) - Counters: 0
2021-03-23 21:47:11,931 INFO  [main] jvm.JvmMetrics (JvmMetrics.java:init(71)) - Cannot initialize JVM Metrics with processName=JobTracker, sessionId= - already initialized
2021-03-23 21:47:11,933 WARN  [main] mapreduce.JobSubmitter (JobSubmitter.java:copyAndConfigureFiles(153)) - Hadoop command-line option parsing not performed. Implement the Tool interface and execute your application with ToolRunner to remedy this.
2021-03-23 21:47:11,936 INFO  [main] input.FileInputFormat (FileInputFormat.java:listStatus(281)) - Total input paths to process : 0
2021-03-23 21:47:11,937 INFO  [main] mapreduce.JobSubmitter (JobSubmitter.java:submitJobInternal(494)) - number of splits:0
2021-03-23 21:47:11,945 INFO  [main] mapreduce.JobSubmitter (JobSubmitter.java:printTokens(583)) - Submitting tokens for job: job_local469299976_0003
2021-03-23 21:47:12,082 INFO  [main] mapreduce.Job (Job.java:submit(1300)) - The url to track the job: http://localhost:8080/
2021-03-23 21:47:12,083 INFO  [main] mapreduce.Job (Job.java:monitorAndPrintJob(1345)) - Running job: job_local469299976_0003
2021-03-23 21:47:12,084 INFO  [Thread-16] mapred.LocalJobRunner (LocalJobRunner.java:createOutputCommitter(471)) - OutputCommitter set in config null
2021-03-23 21:47:12,084 INFO  [Thread-16] mapred.LocalJobRunner (LocalJobRunner.java:createOutputCommitter(489)) - OutputCommitter is org.apache.hadoop.mapreduce.lib.output.FileOutputCommitter
2021-03-23 21:47:12,779 INFO  [Thread-16] mapred.LocalJobRunner (LocalJobRunner.java:runTasks(448)) - Waiting for map tasks
2021-03-23 21:47:12,779 INFO  [Thread-16] mapred.LocalJobRunner (LocalJobRunner.java:runTasks(456)) - map task executor complete.
2021-03-23 21:47:12,783 INFO  [Thread-16] mapred.LocalJobRunner (LocalJobRunner.java:runTasks(448)) - Waiting for reduce tasks
2021-03-23 21:47:12,783 INFO  [pool-10-thread-1] mapred.LocalJobRunner (LocalJobRunner.java:run(302)) - Starting task: attempt_local469299976_0003_r_000000_0
2021-03-23 21:47:12,786 INFO  [pool-10-thread-1] mapred.Task (Task.java:initialize(587)) -  Using ResourceCalculatorProcessTree : [ ]
2021-03-23 21:47:12,786 INFO  [pool-10-thread-1] mapred.ReduceTask (ReduceTask.java:run(362)) - Using ShuffleConsumerPlugin: org.apache.hadoop.mapreduce.task.reduce.Shuffle@1a166bef
2021-03-23 21:47:12,790 INFO  [pool-10-thread-1] reduce.MergeManagerImpl (MergeManagerImpl.java:<init>(196)) - MergerManager: memoryLimit=709551680, maxSingleShuffleLimit=177387920, mergeThreshold=468304128, ioSortFactor=10, memToMemMergeOutputsThreshold=10
2021-03-23 21:47:12,792 INFO  [EventFetcher for fetching Map Completion Events] reduce.EventFetcher (EventFetcher.java:run(61)) - attempt_local469299976_0003_r_000000_0 Thread started: EventFetcher for fetching Map Completion Events
2021-03-23 21:47:12,792 INFO  [EventFetcher for fetching Map Completion Events] reduce.EventFetcher (EventFetcher.java:run(76)) - EventFetcher is interrupted.. Returning
2021-03-23 21:47:12,793 INFO  [pool-10-thread-1] mapred.LocalJobRunner (LocalJobRunner.java:statusUpdate(591)) - 
2021-03-23 21:47:12,793 INFO  [pool-10-thread-1] reduce.MergeManagerImpl (MergeManagerImpl.java:finalMerge(674)) - finalMerge called with 0 in-memory map-outputs and 0 on-disk map-outputs
2021-03-23 21:47:12,793 INFO  [pool-10-thread-1] reduce.MergeManagerImpl (MergeManagerImpl.java:finalMerge(781)) - Merging 0 files, 0 bytes from disk
2021-03-23 21:47:12,793 INFO  [pool-10-thread-1] reduce.MergeManagerImpl (MergeManagerImpl.java:finalMerge(796)) - Merging 0 segments, 0 bytes from memory into reduce
2021-03-23 21:47:12,793 INFO  [pool-10-thread-1] mapred.Merger (Merger.java:merge(597)) - Merging 0 sorted segments
2021-03-23 21:47:12,793 INFO  [pool-10-thread-1] mapred.Merger (Merger.java:merge(696)) - Down to the last merge-pass, with 0 segments left of total size: 0 bytes
2021-03-23 21:47:12,794 INFO  [pool-10-thread-1] mapred.LocalJobRunner (LocalJobRunner.java:statusUpdate(591)) - 
2021-03-23 21:47:13,083 INFO  [main] mapreduce.Job (Job.java:monitorAndPrintJob(1366)) - Job job_local469299976_0003 running in uber mode : false
2021-03-23 21:47:13,083 INFO  [main] mapreduce.Job (Job.java:monitorAndPrintJob(1373)) -  map 0% reduce 0%
2021-03-23 21:47:13,618 INFO  [pool-10-thread-1] mapred.Task (Task.java:done(1001)) - Task:attempt_local469299976_0003_r_000000_0 is done. And is in the process of committing
2021-03-23 21:47:13,620 INFO  [pool-10-thread-1] mapred.LocalJobRunner (LocalJobRunner.java:statusUpdate(591)) - 
2021-03-23 21:47:13,620 INFO  [pool-10-thread-1] mapred.Task (Task.java:commit(1162)) - Task attempt_local469299976_0003_r_000000_0 is allowed to commit now
2021-03-23 21:47:13,908 INFO  [pool-10-thread-1] output.FileOutputCommitter (FileOutputCommitter.java:commitTask(439)) - Saved output of task 'attempt_local469299976_0003_r_000000_0' to file:/home/dxt5888/project3/intermediate2/_temporary/0/task_local469299976_0003_r_000000
2021-03-23 21:47:13,909 INFO  [pool-10-thread-1] mapred.LocalJobRunner (LocalJobRunner.java:statusUpdate(591)) - reduce > reduce
2021-03-23 21:47:13,909 INFO  [pool-10-thread-1] mapred.Task (Task.java:sendDone(1121)) - Task 'attempt_local469299976_0003_r_000000_0' done.
2021-03-23 21:47:13,909 INFO  [pool-10-thread-1] mapred.LocalJobRunner (LocalJobRunner.java:run(325)) - Finishing task: attempt_local469299976_0003_r_000000_0
2021-03-23 21:47:13,910 INFO  [Thread-16] mapred.LocalJobRunner (LocalJobRunner.java:runTasks(456)) - reduce task executor complete.
2021-03-23 21:47:14,084 INFO  [main] mapreduce.Job (Job.java:monitorAndPrintJob(1373)) -  map 0% reduce 100%
2021-03-23 21:47:15,085 INFO  [main] mapreduce.Job (Job.java:monitorAndPrintJob(1384)) - Job job_local469299976_0003 completed successfully
2021-03-23 21:47:15,091 INFO  [main] mapreduce.Job (Job.java:monitorAndPrintJob(1391)) - Counters: 27
	File System Counters
		FILE: Number of bytes read=22433
		FILE: Number of bytes written=783808
		FILE: Number of read operations=0
		FILE: Number of large read operations=0
		FILE: Number of write operations=0
	Map-Reduce Framework
		Combine input records=0
		Combine output records=0
		Reduce input groups=0
		Reduce shuffle bytes=0
		Reduce input records=0
		Reduce output records=0
		Spilled Records=0
		Shuffled Maps =0
		Failed Shuffles=0
		Merged Map outputs=0
		GC time elapsed (ms)=0
		CPU time spent (ms)=0
		Physical memory (bytes) snapshot=0
		Virtual memory (bytes) snapshot=0
		Total committed heap usage (bytes)=233312256
	Shuffle Errors
		BAD_ID=0
		CONNECTION=0
		IO_ERROR=0
		WRONG_LENGTH=0
		WRONG_MAP=0
		WRONG_REDUCE=0
	File Output Format Counters 
		Bytes Written=79
2021-03-23 21:47:15,124 INFO  [main] jvm.JvmMetrics (JvmMetrics.java:init(71)) - Cannot initialize JVM Metrics with processName=JobTracker, sessionId= - already initialized
2021-03-23 21:47:15,125 WARN  [main] mapreduce.JobSubmitter (JobSubmitter.java:copyAndConfigureFiles(153)) - Hadoop command-line option parsing not performed. Implement the Tool interface and execute your application with ToolRunner to remedy this.
2021-03-23 21:47:15,319 INFO  [main] input.FileInputFormat (FileInputFormat.java:listStatus(281)) - Total input paths to process : 1
2021-03-23 21:47:15,320 INFO  [main] mapreduce.JobSubmitter (JobSubmitter.java:submitJobInternal(494)) - number of splits:1
2021-03-23 21:47:15,341 INFO  [main] mapreduce.JobSubmitter (JobSubmitter.java:printTokens(583)) - Submitting tokens for job: job_local1563423854_0004
2021-03-23 21:47:15,490 INFO  [main] mapreduce.Job (Job.java:submit(1300)) - The url to track the job: http://localhost:8080/
2021-03-23 21:47:15,491 INFO  [main] mapreduce.Job (Job.java:monitorAndPrintJob(1345)) - Running job: job_local1563423854_0004
2021-03-23 21:47:15,491 INFO  [Thread-24] mapred.LocalJobRunner (LocalJobRunner.java:createOutputCommitter(471)) - OutputCommitter set in config null
2021-03-23 21:47:15,492 INFO  [Thread-24] mapred.LocalJobRunner (LocalJobRunner.java:createOutputCommitter(489)) - OutputCommitter is org.apache.hadoop.mapreduce.lib.output.FileOutputCommitter
2021-03-23 21:47:15,901 INFO  [Thread-24] mapred.LocalJobRunner (LocalJobRunner.java:runTasks(448)) - Waiting for map tasks
2021-03-23 21:47:15,901 INFO  [LocalJobRunner Map Task Executor #0] mapred.LocalJobRunner (LocalJobRunner.java:run(224)) - Starting task: attempt_local1563423854_0004_m_000000_0
2021-03-23 21:47:15,905 INFO  [LocalJobRunner Map Task Executor #0] mapred.Task (Task.java:initialize(587)) -  Using ResourceCalculatorProcessTree : [ ]
2021-03-23 21:47:15,907 INFO  [LocalJobRunner Map Task Executor #0] mapred.MapTask (MapTask.java:runNewMapper(753)) - Processing split: file:/home/dxt5888/project3/intermediate2/part-r-00000:0+67
2021-03-23 21:47:15,976 INFO  [LocalJobRunner Map Task Executor #0] mapred.MapTask (MapTask.java:setEquator(1202)) - (EQUATOR) 0 kvi 26214396(104857584)
2021-03-23 21:47:15,976 INFO  [LocalJobRunner Map Task Executor #0] mapred.MapTask (MapTask.java:init(995)) - mapreduce.task.io.sort.mb: 100
2021-03-23 21:47:15,976 INFO  [LocalJobRunner Map Task Executor #0] mapred.MapTask (MapTask.java:init(996)) - soft limit at 83886080
2021-03-23 21:47:15,977 INFO  [LocalJobRunner Map Task Executor #0] mapred.MapTask (MapTask.java:init(997)) - bufstart = 0; bufvoid = 104857600
2021-03-23 21:47:15,977 INFO  [LocalJobRunner Map Task Executor #0] mapred.MapTask (MapTask.java:init(998)) - kvstart = 26214396; length = 6553600
2021-03-23 21:47:15,977 INFO  [LocalJobRunner Map Task Executor #0] mapred.MapTask (MapTask.java:createSortingCollector(402)) - Map output collector class = org.apache.hadoop.mapred.MapTask$MapOutputBuffer
2021-03-23 21:47:15,979 INFO  [LocalJobRunner Map Task Executor #0] mapred.LocalJobRunner (LocalJobRunner.java:statusUpdate(591)) - 
2021-03-23 21:47:15,979 INFO  [LocalJobRunner Map Task Executor #0] mapred.MapTask (MapTask.java:flush(1457)) - Starting flush of map output
2021-03-23 21:47:15,981 INFO  [LocalJobRunner Map Task Executor #0] mapred.Task (Task.java:done(1001)) - Task:attempt_local1563423854_0004_m_000000_0 is done. And is in the process of committing
2021-03-23 21:47:15,982 INFO  [LocalJobRunner Map Task Executor #0] mapred.LocalJobRunner (LocalJobRunner.java:statusUpdate(591)) - map
2021-03-23 21:47:15,982 INFO  [LocalJobRunner Map Task Executor #0] mapred.Task (Task.java:sendDone(1121)) - Task 'attempt_local1563423854_0004_m_000000_0' done.
2021-03-23 21:47:15,982 INFO  [LocalJobRunner Map Task Executor #0] mapred.LocalJobRunner (LocalJobRunner.java:run(249)) - Finishing task: attempt_local1563423854_0004_m_000000_0
2021-03-23 21:47:15,982 INFO  [Thread-24] mapred.LocalJobRunner (LocalJobRunner.java:runTasks(456)) - map task executor complete.
2021-03-23 21:47:15,984 INFO  [Thread-24] mapred.LocalJobRunner (LocalJobRunner.java:runTasks(448)) - Waiting for reduce tasks
2021-03-23 21:47:15,984 INFO  [pool-13-thread-1] mapred.LocalJobRunner (LocalJobRunner.java:run(302)) - Starting task: attempt_local1563423854_0004_r_000000_0
2021-03-23 21:47:15,985 INFO  [pool-13-thread-1] mapred.Task (Task.java:initialize(587)) -  Using ResourceCalculatorProcessTree : [ ]
2021-03-23 21:47:15,985 INFO  [pool-13-thread-1] mapred.ReduceTask (ReduceTask.java:run(362)) - Using ShuffleConsumerPlugin: org.apache.hadoop.mapreduce.task.reduce.Shuffle@41097099
2021-03-23 21:47:15,994 INFO  [pool-13-thread-1] reduce.MergeManagerImpl (MergeManagerImpl.java:<init>(196)) - MergerManager: memoryLimit=709551680, maxSingleShuffleLimit=177387920, mergeThreshold=468304128, ioSortFactor=10, memToMemMergeOutputsThreshold=10
2021-03-23 21:47:16,000 INFO  [EventFetcher for fetching Map Completion Events] reduce.EventFetcher (EventFetcher.java:run(61)) - attempt_local1563423854_0004_r_000000_0 Thread started: EventFetcher for fetching Map Completion Events
2021-03-23 21:47:16,002 INFO  [localfetcher#3] reduce.LocalFetcher (LocalFetcher.java:copyMapOutput(141)) - localfetcher#3 about to shuffle output of map attempt_local1563423854_0004_m_000000_0 decomp: 2 len: 6 to MEMORY
2021-03-23 21:47:16,002 INFO  [localfetcher#3] reduce.InMemoryMapOutput (InMemoryMapOutput.java:shuffle(100)) - Read 2 bytes from map-output for attempt_local1563423854_0004_m_000000_0
2021-03-23 21:47:16,002 INFO  [localfetcher#3] reduce.MergeManagerImpl (MergeManagerImpl.java:closeInMemoryFile(314)) - closeInMemoryFile -> map-output of size: 2, inMemoryMapOutputs.size() -> 1, commitMemory -> 0, usedMemory ->2
2021-03-23 21:47:16,011 INFO  [EventFetcher for fetching Map Completion Events] reduce.EventFetcher (EventFetcher.java:run(76)) - EventFetcher is interrupted.. Returning
2021-03-23 21:47:16,011 INFO  [pool-13-thread-1] mapred.LocalJobRunner (LocalJobRunner.java:statusUpdate(591)) - 1 / 1 copied.
2021-03-23 21:47:16,012 INFO  [pool-13-thread-1] reduce.MergeManagerImpl (MergeManagerImpl.java:finalMerge(674)) - finalMerge called with 1 in-memory map-outputs and 0 on-disk map-outputs
2021-03-23 21:47:16,012 INFO  [pool-13-thread-1] mapred.Merger (Merger.java:merge(597)) - Merging 1 sorted segments
2021-03-23 21:47:16,015 INFO  [pool-13-thread-1] mapred.Merger (Merger.java:merge(696)) - Down to the last merge-pass, with 0 segments left of total size: 0 bytes
2021-03-23 21:47:16,015 INFO  [pool-13-thread-1] reduce.MergeManagerImpl (MergeManagerImpl.java:finalMerge(751)) - Merged 1 segments, 2 bytes to disk to satisfy reduce memory limit
2021-03-23 21:47:16,016 INFO  [pool-13-thread-1] reduce.MergeManagerImpl (MergeManagerImpl.java:finalMerge(781)) - Merging 1 files, 6 bytes from disk
2021-03-23 21:47:16,016 INFO  [pool-13-thread-1] reduce.MergeManagerImpl (MergeManagerImpl.java:finalMerge(796)) - Merging 0 segments, 0 bytes from memory into reduce
2021-03-23 21:47:16,016 INFO  [pool-13-thread-1] mapred.Merger (Merger.java:merge(597)) - Merging 1 sorted segments
2021-03-23 21:47:16,016 INFO  [pool-13-thread-1] mapred.Merger (Merger.java:merge(696)) - Down to the last merge-pass, with 0 segments left of total size: 0 bytes
2021-03-23 21:47:16,017 INFO  [pool-13-thread-1] mapred.LocalJobRunner (LocalJobRunner.java:statusUpdate(591)) - 1 / 1 copied.
2021-03-23 21:47:16,019 WARN  [Readahead Thread #2] io.ReadaheadPool (ReadaheadPool.java:run(214)) - Failed readahead on ifile
EBADF: Bad file descriptor
	at org.apache.hadoop.io.nativeio.NativeIO$POSIX.posix_fadvise(Native Method)
	at org.apache.hadoop.io.nativeio.NativeIO$POSIX.posixFadviseIfPossible(NativeIO.java:267)
	at org.apache.hadoop.io.nativeio.NativeIO$POSIX$CacheManipulator.posixFadviseIfPossible(NativeIO.java:146)
	at org.apache.hadoop.io.ReadaheadPool$ReadaheadRequestImpl.run(ReadaheadPool.java:206)
	at java.util.concurrent.ThreadPoolExecutor.runWorker(ThreadPoolExecutor.java:1149)
	at java.util.concurrent.ThreadPoolExecutor$Worker.run(ThreadPoolExecutor.java:624)
	at java.lang.Thread.run(Thread.java:748)
2021-03-23 21:47:16,491 INFO  [main] mapreduce.Job (Job.java:monitorAndPrintJob(1366)) - Job job_local1563423854_0004 running in uber mode : false
2021-03-23 21:47:16,491 INFO  [main] mapreduce.Job (Job.java:monitorAndPrintJob(1373)) -  map 100% reduce 0%
2021-03-23 21:47:16,645 INFO  [pool-13-thread-1] mapred.Task (Task.java:done(1001)) - Task:attempt_local1563423854_0004_r_000000_0 is done. And is in the process of committing
2021-03-23 21:47:16,646 INFO  [pool-13-thread-1] mapred.LocalJobRunner (LocalJobRunner.java:statusUpdate(591)) - 1 / 1 copied.
2021-03-23 21:47:16,646 INFO  [pool-13-thread-1] mapred.Task (Task.java:commit(1162)) - Task attempt_local1563423854_0004_r_000000_0 is allowed to commit now
2021-03-23 21:47:16,877 INFO  [pool-13-thread-1] output.FileOutputCommitter (FileOutputCommitter.java:commitTask(439)) - Saved output of task 'attempt_local1563423854_0004_r_000000_0' to file:/home/dxt5888/project3/intermediate3/_temporary/0/task_local1563423854_0004_r_000000
2021-03-23 21:47:16,880 INFO  [pool-13-thread-1] mapred.LocalJobRunner (LocalJobRunner.java:statusUpdate(591)) - reduce > reduce
2021-03-23 21:47:16,880 INFO  [pool-13-thread-1] mapred.Task (Task.java:sendDone(1121)) - Task 'attempt_local1563423854_0004_r_000000_0' done.
2021-03-23 21:47:16,880 INFO  [pool-13-thread-1] mapred.LocalJobRunner (LocalJobRunner.java:run(325)) - Finishing task: attempt_local1563423854_0004_r_000000_0
2021-03-23 21:47:16,887 INFO  [Thread-24] mapred.LocalJobRunner (LocalJobRunner.java:runTasks(456)) - reduce task executor complete.
2021-03-23 21:47:17,492 INFO  [main] mapreduce.Job (Job.java:monitorAndPrintJob(1373)) -  map 100% reduce 100%
2021-03-23 21:47:17,591 INFO  [communication thread] mapred.LocalJobRunner (LocalJobRunner.java:statusUpdate(591)) - map > sort
2021-03-23 21:47:18,493 INFO  [main] mapreduce.Job (Job.java:monitorAndPrintJob(1384)) - Job job_local1563423854_0004 completed successfully
2021-03-23 21:47:18,495 INFO  [main] mapreduce.Job (Job.java:monitorAndPrintJob(1391)) - Counters: 33
	File System Counters
		FILE: Number of bytes read=59644
		FILE: Number of bytes written=2091657
		FILE: Number of read operations=0
		FILE: Number of large read operations=0
		FILE: Number of write operations=0
	Map-Reduce Framework
		Map input records=0
		Map output records=0
		Map output bytes=0
		Map output materialized bytes=6
		Input split bytes=119
		Combine input records=0
		Combine output records=0
		Reduce input groups=0
		Reduce shuffle bytes=6
		Reduce input records=0
		Reduce output records=0
		Spilled Records=0
		Shuffled Maps =1
		Failed Shuffles=0
		Merged Map outputs=1
		GC time elapsed (ms)=23
		CPU time spent (ms)=0
		Physical memory (bytes) snapshot=0
		Virtual memory (bytes) snapshot=0
		Total committed heap usage (bytes)=436215808
	Shuffle Errors
		BAD_ID=0
		CONNECTION=0
		IO_ERROR=0
		WRONG_LENGTH=0
		WRONG_MAP=0
		WRONG_REDUCE=0
	File Input Format Counters 
		Bytes Read=79
	File Output Format Counters 
		Bytes Written=79
2021-03-23 21:47:18,509 INFO  [main] jvm.JvmMetrics (JvmMetrics.java:init(71)) - Cannot initialize JVM Metrics with processName=JobTracker, sessionId= - already initialized
2021-03-23 21:47:18,525 WARN  [main] mapreduce.JobSubmitter (JobSubmitter.java:copyAndConfigureFiles(153)) - Hadoop command-line option parsing not performed. Implement the Tool interface and execute your application with ToolRunner to remedy this.
2021-03-23 21:47:18,600 INFO  [main] input.FileInputFormat (FileInputFormat.java:listStatus(281)) - Total input paths to process : 1
2021-03-23 21:47:18,601 INFO  [main] mapreduce.JobSubmitter (JobSubmitter.java:submitJobInternal(494)) - number of splits:1
2021-03-23 21:47:18,622 INFO  [main] mapreduce.JobSubmitter (JobSubmitter.java:printTokens(583)) - Submitting tokens for job: job_local2023588165_0005
2021-03-23 21:47:18,747 INFO  [main] mapreduce.Job (Job.java:submit(1300)) - The url to track the job: http://localhost:8080/
2021-03-23 21:47:18,747 INFO  [main] mapreduce.Job (Job.java:monitorAndPrintJob(1345)) - Running job: job_local2023588165_0005
2021-03-23 21:47:18,750 INFO  [Thread-33] mapred.LocalJobRunner (LocalJobRunner.java:createOutputCommitter(471)) - OutputCommitter set in config null
2021-03-23 21:47:18,750 INFO  [Thread-33] mapred.LocalJobRunner (LocalJobRunner.java:createOutputCommitter(489)) - OutputCommitter is org.apache.hadoop.mapreduce.lib.output.FileOutputCommitter
2021-03-23 21:47:18,907 INFO  [Thread-33] mapred.LocalJobRunner (LocalJobRunner.java:runTasks(448)) - Waiting for map tasks
2021-03-23 21:47:18,908 INFO  [LocalJobRunner Map Task Executor #0] mapred.LocalJobRunner (LocalJobRunner.java:run(224)) - Starting task: attempt_local2023588165_0005_m_000000_0
2021-03-23 21:47:18,909 INFO  [LocalJobRunner Map Task Executor #0] mapred.Task (Task.java:initialize(587)) -  Using ResourceCalculatorProcessTree : [ ]
2021-03-23 21:47:18,910 INFO  [LocalJobRunner Map Task Executor #0] mapred.MapTask (MapTask.java:runNewMapper(753)) - Processing split: file:/home/dxt5888/project3/intermediate3/part-r-00000:0+67
2021-03-23 21:47:18,973 INFO  [LocalJobRunner Map Task Executor #0] mapred.MapTask (MapTask.java:setEquator(1202)) - (EQUATOR) 0 kvi 26214396(104857584)
2021-03-23 21:47:18,973 INFO  [LocalJobRunner Map Task Executor #0] mapred.MapTask (MapTask.java:init(995)) - mapreduce.task.io.sort.mb: 100
2021-03-23 21:47:18,985 INFO  [LocalJobRunner Map Task Executor #0] mapred.MapTask (MapTask.java:init(996)) - soft limit at 83886080
2021-03-23 21:47:18,985 INFO  [LocalJobRunner Map Task Executor #0] mapred.MapTask (MapTask.java:init(997)) - bufstart = 0; bufvoid = 104857600
2021-03-23 21:47:18,985 INFO  [LocalJobRunner Map Task Executor #0] mapred.MapTask (MapTask.java:init(998)) - kvstart = 26214396; length = 6553600
2021-03-23 21:47:18,987 INFO  [LocalJobRunner Map Task Executor #0] mapred.MapTask (MapTask.java:createSortingCollector(402)) - Map output collector class = org.apache.hadoop.mapred.MapTask$MapOutputBuffer
2021-03-23 21:47:18,990 INFO  [LocalJobRunner Map Task Executor #0] mapred.LocalJobRunner (LocalJobRunner.java:statusUpdate(591)) - 
2021-03-23 21:47:18,990 INFO  [LocalJobRunner Map Task Executor #0] mapred.MapTask (MapTask.java:flush(1457)) - Starting flush of map output
2021-03-23 21:47:18,991 INFO  [LocalJobRunner Map Task Executor #0] mapred.Task (Task.java:done(1001)) - Task:attempt_local2023588165_0005_m_000000_0 is done. And is in the process of committing
2021-03-23 21:47:18,993 INFO  [LocalJobRunner Map Task Executor #0] mapred.LocalJobRunner (LocalJobRunner.java:statusUpdate(591)) - map
2021-03-23 21:47:18,993 INFO  [LocalJobRunner Map Task Executor #0] mapred.Task (Task.java:sendDone(1121)) - Task 'attempt_local2023588165_0005_m_000000_0' done.
2021-03-23 21:47:18,994 INFO  [LocalJobRunner Map Task Executor #0] mapred.LocalJobRunner (LocalJobRunner.java:run(249)) - Finishing task: attempt_local2023588165_0005_m_000000_0
2021-03-23 21:47:18,994 INFO  [Thread-33] mapred.LocalJobRunner (LocalJobRunner.java:runTasks(456)) - map task executor complete.
2021-03-23 21:47:19,015 INFO  [Thread-33] mapred.LocalJobRunner (LocalJobRunner.java:runTasks(448)) - Waiting for reduce tasks
2021-03-23 21:47:19,016 INFO  [pool-16-thread-1] mapred.LocalJobRunner (LocalJobRunner.java:run(302)) - Starting task: attempt_local2023588165_0005_r_000000_0
2021-03-23 21:47:19,028 INFO  [pool-16-thread-1] mapred.Task (Task.java:initialize(587)) -  Using ResourceCalculatorProcessTree : [ ]
2021-03-23 21:47:19,028 INFO  [pool-16-thread-1] mapred.ReduceTask (ReduceTask.java:run(362)) - Using ShuffleConsumerPlugin: org.apache.hadoop.mapreduce.task.reduce.Shuffle@37a625a4
2021-03-23 21:47:19,041 INFO  [pool-16-thread-1] reduce.MergeManagerImpl (MergeManagerImpl.java:<init>(196)) - MergerManager: memoryLimit=709551680, maxSingleShuffleLimit=177387920, mergeThreshold=468304128, ioSortFactor=10, memToMemMergeOutputsThreshold=10
2021-03-23 21:47:19,053 INFO  [EventFetcher for fetching Map Completion Events] reduce.EventFetcher (EventFetcher.java:run(61)) - attempt_local2023588165_0005_r_000000_0 Thread started: EventFetcher for fetching Map Completion Events
2021-03-23 21:47:19,054 INFO  [localfetcher#4] reduce.LocalFetcher (LocalFetcher.java:copyMapOutput(141)) - localfetcher#4 about to shuffle output of map attempt_local2023588165_0005_m_000000_0 decomp: 2 len: 6 to MEMORY
2021-03-23 21:47:19,054 INFO  [localfetcher#4] reduce.InMemoryMapOutput (InMemoryMapOutput.java:shuffle(100)) - Read 2 bytes from map-output for attempt_local2023588165_0005_m_000000_0
2021-03-23 21:47:19,054 INFO  [localfetcher#4] reduce.MergeManagerImpl (MergeManagerImpl.java:closeInMemoryFile(314)) - closeInMemoryFile -> map-output of size: 2, inMemoryMapOutputs.size() -> 1, commitMemory -> 0, usedMemory ->2
2021-03-23 21:47:19,054 INFO  [EventFetcher for fetching Map Completion Events] reduce.EventFetcher (EventFetcher.java:run(76)) - EventFetcher is interrupted.. Returning
2021-03-23 21:47:19,055 INFO  [pool-16-thread-1] mapred.LocalJobRunner (LocalJobRunner.java:statusUpdate(591)) - 1 / 1 copied.
2021-03-23 21:47:19,055 INFO  [pool-16-thread-1] reduce.MergeManagerImpl (MergeManagerImpl.java:finalMerge(674)) - finalMerge called with 1 in-memory map-outputs and 0 on-disk map-outputs
2021-03-23 21:47:19,056 INFO  [pool-16-thread-1] mapred.Merger (Merger.java:merge(597)) - Merging 1 sorted segments
2021-03-23 21:47:19,056 INFO  [pool-16-thread-1] mapred.Merger (Merger.java:merge(696)) - Down to the last merge-pass, with 0 segments left of total size: 0 bytes
2021-03-23 21:47:19,056 INFO  [pool-16-thread-1] reduce.MergeManagerImpl (MergeManagerImpl.java:finalMerge(751)) - Merged 1 segments, 2 bytes to disk to satisfy reduce memory limit
2021-03-23 21:47:19,056 INFO  [pool-16-thread-1] reduce.MergeManagerImpl (MergeManagerImpl.java:finalMerge(781)) - Merging 1 files, 6 bytes from disk
2021-03-23 21:47:19,056 INFO  [pool-16-thread-1] reduce.MergeManagerImpl (MergeManagerImpl.java:finalMerge(796)) - Merging 0 segments, 0 bytes from memory into reduce
2021-03-23 21:47:19,056 INFO  [pool-16-thread-1] mapred.Merger (Merger.java:merge(597)) - Merging 1 sorted segments
2021-03-23 21:47:19,057 INFO  [pool-16-thread-1] mapred.Merger (Merger.java:merge(696)) - Down to the last merge-pass, with 0 segments left of total size: 0 bytes
2021-03-23 21:47:19,057 INFO  [pool-16-thread-1] mapred.LocalJobRunner (LocalJobRunner.java:statusUpdate(591)) - 1 / 1 copied.
2021-03-23 21:47:19,748 INFO  [main] mapreduce.Job (Job.java:monitorAndPrintJob(1366)) - Job job_local2023588165_0005 running in uber mode : false
2021-03-23 21:47:19,748 INFO  [main] mapreduce.Job (Job.java:monitorAndPrintJob(1373)) -  map 100% reduce 0%
2021-03-23 21:47:19,991 INFO  [pool-16-thread-1] mapred.Task (Task.java:done(1001)) - Task:attempt_local2023588165_0005_r_000000_0 is done. And is in the process of committing
2021-03-23 21:47:19,992 INFO  [pool-16-thread-1] mapred.LocalJobRunner (LocalJobRunner.java:statusUpdate(591)) - 1 / 1 copied.
2021-03-23 21:47:19,992 INFO  [pool-16-thread-1] mapred.Task (Task.java:commit(1162)) - Task attempt_local2023588165_0005_r_000000_0 is allowed to commit now
2021-03-23 21:47:20,197 INFO  [pool-16-thread-1] output.FileOutputCommitter (FileOutputCommitter.java:commitTask(439)) - Saved output of task 'attempt_local2023588165_0005_r_000000_0' to file:/home/dxt5888/project3/intermediate4/_temporary/0/task_local2023588165_0005_r_000000
2021-03-23 21:47:20,198 INFO  [pool-16-thread-1] mapred.LocalJobRunner (LocalJobRunner.java:statusUpdate(591)) - reduce > reduce
2021-03-23 21:47:20,198 INFO  [pool-16-thread-1] mapred.Task (Task.java:sendDone(1121)) - Task 'attempt_local2023588165_0005_r_000000_0' done.
2021-03-23 21:47:20,198 INFO  [pool-16-thread-1] mapred.LocalJobRunner (LocalJobRunner.java:run(325)) - Finishing task: attempt_local2023588165_0005_r_000000_0
2021-03-23 21:47:20,198 INFO  [Thread-33] mapred.LocalJobRunner (LocalJobRunner.java:runTasks(456)) - reduce task executor complete.
2021-03-23 21:47:20,748 INFO  [main] mapreduce.Job (Job.java:monitorAndPrintJob(1373)) -  map 100% reduce 100%
2021-03-23 21:47:22,749 INFO  [main] mapreduce.Job (Job.java:monitorAndPrintJob(1384)) - Job job_local2023588165_0005 completed successfully
2021-03-23 21:47:22,752 INFO  [main] mapreduce.Job (Job.java:monitorAndPrintJob(1391)) - Counters: 33
	File System Counters
		FILE: Number of bytes read=74466
		FILE: Number of bytes written=2615783
		FILE: Number of read operations=0
		FILE: Number of large read operations=0
		FILE: Number of write operations=0
	Map-Reduce Framework
		Map input records=0
		Map output records=0
		Map output bytes=0
		Map output materialized bytes=6
		Input split bytes=119
		Combine input records=0
		Combine output records=0
		Reduce input groups=0
		Reduce shuffle bytes=6
		Reduce input records=0
		Reduce output records=0
		Spilled Records=0
		Shuffled Maps =1
		Failed Shuffles=0
		Merged Map outputs=1
		GC time elapsed (ms)=25
		CPU time spent (ms)=0
		Physical memory (bytes) snapshot=0
		Virtual memory (bytes) snapshot=0
		Total committed heap usage (bytes)=326639616
	Shuffle Errors
		BAD_ID=0
		CONNECTION=0
		IO_ERROR=0
		WRONG_LENGTH=0
		WRONG_MAP=0
		WRONG_REDUCE=0
	File Input Format Counters 
		Bytes Read=79
	File Output Format Counters 
		Bytes Written=79
2021-03-23 21:47:22,777 INFO  [main] jvm.JvmMetrics (JvmMetrics.java:init(71)) - Cannot initialize JVM Metrics with processName=JobTracker, sessionId= - already initialized
2021-03-23 21:47:22,781 WARN  [main] mapreduce.JobSubmitter (JobSubmitter.java:copyAndConfigureFiles(153)) - Hadoop command-line option parsing not performed. Implement the Tool interface and execute your application with ToolRunner to remedy this.
2021-03-23 21:47:22,990 INFO  [main] input.FileInputFormat (FileInputFormat.java:listStatus(281)) - Total input paths to process : 1
2021-03-23 21:47:22,991 INFO  [main] mapreduce.JobSubmitter (JobSubmitter.java:submitJobInternal(494)) - number of splits:1
2021-03-23 21:47:22,996 INFO  [main] mapreduce.JobSubmitter (JobSubmitter.java:printTokens(583)) - Submitting tokens for job: job_local1747374358_0006
2021-03-23 21:47:23,118 INFO  [main] mapreduce.Job (Job.java:submit(1300)) - The url to track the job: http://localhost:8080/
2021-03-23 21:47:23,119 INFO  [main] mapreduce.Job (Job.java:monitorAndPrintJob(1345)) - Running job: job_local1747374358_0006
2021-03-23 21:47:23,120 INFO  [Thread-42] mapred.LocalJobRunner (LocalJobRunner.java:createOutputCommitter(471)) - OutputCommitter set in config null
2021-03-23 21:47:23,120 INFO  [Thread-42] mapred.LocalJobRunner (LocalJobRunner.java:createOutputCommitter(489)) - OutputCommitter is org.apache.hadoop.mapreduce.lib.output.FileOutputCommitter
2021-03-23 21:47:23,574 INFO  [Thread-42] mapred.LocalJobRunner (LocalJobRunner.java:runTasks(448)) - Waiting for map tasks
2021-03-23 21:47:23,574 INFO  [LocalJobRunner Map Task Executor #0] mapred.LocalJobRunner (LocalJobRunner.java:run(224)) - Starting task: attempt_local1747374358_0006_m_000000_0
2021-03-23 21:47:23,576 INFO  [LocalJobRunner Map Task Executor #0] mapred.Task (Task.java:initialize(587)) -  Using ResourceCalculatorProcessTree : [ ]
2021-03-23 21:47:23,577 INFO  [LocalJobRunner Map Task Executor #0] mapred.MapTask (MapTask.java:runNewMapper(753)) - Processing split: file:/home/dxt5888/project3/intermediate4/part-r-00000:0+67
2021-03-23 21:47:23,649 INFO  [LocalJobRunner Map Task Executor #0] mapred.MapTask (MapTask.java:setEquator(1202)) - (EQUATOR) 0 kvi 26214396(104857584)
2021-03-23 21:47:23,650 INFO  [LocalJobRunner Map Task Executor #0] mapred.MapTask (MapTask.java:init(995)) - mapreduce.task.io.sort.mb: 100
2021-03-23 21:47:23,650 INFO  [LocalJobRunner Map Task Executor #0] mapred.MapTask (MapTask.java:init(996)) - soft limit at 83886080
2021-03-23 21:47:23,650 INFO  [LocalJobRunner Map Task Executor #0] mapred.MapTask (MapTask.java:init(997)) - bufstart = 0; bufvoid = 104857600
2021-03-23 21:47:23,650 INFO  [LocalJobRunner Map Task Executor #0] mapred.MapTask (MapTask.java:init(998)) - kvstart = 26214396; length = 6553600
2021-03-23 21:47:23,652 INFO  [LocalJobRunner Map Task Executor #0] mapred.MapTask (MapTask.java:createSortingCollector(402)) - Map output collector class = org.apache.hadoop.mapred.MapTask$MapOutputBuffer
2021-03-23 21:47:23,861 INFO  [LocalJobRunner Map Task Executor #0] mapred.LocalJobRunner (LocalJobRunner.java:statusUpdate(591)) - 
2021-03-23 21:47:23,861 INFO  [LocalJobRunner Map Task Executor #0] mapred.MapTask (MapTask.java:flush(1457)) - Starting flush of map output
2021-03-23 21:47:23,863 INFO  [LocalJobRunner Map Task Executor #0] mapred.Task (Task.java:done(1001)) - Task:attempt_local1747374358_0006_m_000000_0 is done. And is in the process of committing
2021-03-23 21:47:23,867 INFO  [LocalJobRunner Map Task Executor #0] mapred.LocalJobRunner (LocalJobRunner.java:statusUpdate(591)) - map
2021-03-23 21:47:23,867 INFO  [LocalJobRunner Map Task Executor #0] mapred.Task (Task.java:sendDone(1121)) - Task 'attempt_local1747374358_0006_m_000000_0' done.
2021-03-23 21:47:23,867 INFO  [LocalJobRunner Map Task Executor #0] mapred.LocalJobRunner (LocalJobRunner.java:run(249)) - Finishing task: attempt_local1747374358_0006_m_000000_0
2021-03-23 21:47:23,868 INFO  [Thread-42] mapred.LocalJobRunner (LocalJobRunner.java:runTasks(456)) - map task executor complete.
2021-03-23 21:47:23,869 INFO  [Thread-42] mapred.LocalJobRunner (LocalJobRunner.java:runTasks(448)) - Waiting for reduce tasks
2021-03-23 21:47:23,869 INFO  [pool-19-thread-1] mapred.LocalJobRunner (LocalJobRunner.java:run(302)) - Starting task: attempt_local1747374358_0006_r_000000_0
2021-03-23 21:47:23,872 INFO  [pool-19-thread-1] mapred.Task (Task.java:initialize(587)) -  Using ResourceCalculatorProcessTree : [ ]
2021-03-23 21:47:23,872 INFO  [pool-19-thread-1] mapred.ReduceTask (ReduceTask.java:run(362)) - Using ShuffleConsumerPlugin: org.apache.hadoop.mapreduce.task.reduce.Shuffle@42f68554
2021-03-23 21:47:23,873 INFO  [pool-19-thread-1] reduce.MergeManagerImpl (MergeManagerImpl.java:<init>(196)) - MergerManager: memoryLimit=709551680, maxSingleShuffleLimit=177387920, mergeThreshold=468304128, ioSortFactor=10, memToMemMergeOutputsThreshold=10
2021-03-23 21:47:23,875 INFO  [EventFetcher for fetching Map Completion Events] reduce.EventFetcher (EventFetcher.java:run(61)) - attempt_local1747374358_0006_r_000000_0 Thread started: EventFetcher for fetching Map Completion Events
2021-03-23 21:47:23,876 INFO  [localfetcher#5] reduce.LocalFetcher (LocalFetcher.java:copyMapOutput(141)) - localfetcher#5 about to shuffle output of map attempt_local1747374358_0006_m_000000_0 decomp: 2 len: 6 to MEMORY
2021-03-23 21:47:23,876 INFO  [localfetcher#5] reduce.InMemoryMapOutput (InMemoryMapOutput.java:shuffle(100)) - Read 2 bytes from map-output for attempt_local1747374358_0006_m_000000_0
2021-03-23 21:47:23,876 INFO  [localfetcher#5] reduce.MergeManagerImpl (MergeManagerImpl.java:closeInMemoryFile(314)) - closeInMemoryFile -> map-output of size: 2, inMemoryMapOutputs.size() -> 1, commitMemory -> 0, usedMemory ->2
2021-03-23 21:47:23,877 INFO  [EventFetcher for fetching Map Completion Events] reduce.EventFetcher (EventFetcher.java:run(76)) - EventFetcher is interrupted.. Returning
2021-03-23 21:47:23,877 INFO  [pool-19-thread-1] mapred.LocalJobRunner (LocalJobRunner.java:statusUpdate(591)) - 1 / 1 copied.
2021-03-23 21:47:23,877 INFO  [pool-19-thread-1] reduce.MergeManagerImpl (MergeManagerImpl.java:finalMerge(674)) - finalMerge called with 1 in-memory map-outputs and 0 on-disk map-outputs
2021-03-23 21:47:23,878 INFO  [pool-19-thread-1] mapred.Merger (Merger.java:merge(597)) - Merging 1 sorted segments
2021-03-23 21:47:23,881 INFO  [pool-19-thread-1] mapred.Merger (Merger.java:merge(696)) - Down to the last merge-pass, with 0 segments left of total size: 0 bytes
2021-03-23 21:47:23,881 INFO  [pool-19-thread-1] reduce.MergeManagerImpl (MergeManagerImpl.java:finalMerge(751)) - Merged 1 segments, 2 bytes to disk to satisfy reduce memory limit
2021-03-23 21:47:23,881 INFO  [pool-19-thread-1] reduce.MergeManagerImpl (MergeManagerImpl.java:finalMerge(781)) - Merging 1 files, 6 bytes from disk
2021-03-23 21:47:23,881 INFO  [pool-19-thread-1] reduce.MergeManagerImpl (MergeManagerImpl.java:finalMerge(796)) - Merging 0 segments, 0 bytes from memory into reduce
2021-03-23 21:47:23,881 INFO  [pool-19-thread-1] mapred.Merger (Merger.java:merge(597)) - Merging 1 sorted segments
2021-03-23 21:47:23,881 INFO  [pool-19-thread-1] mapred.Merger (Merger.java:merge(696)) - Down to the last merge-pass, with 0 segments left of total size: 0 bytes
2021-03-23 21:47:23,882 INFO  [pool-19-thread-1] mapred.LocalJobRunner (LocalJobRunner.java:statusUpdate(591)) - 1 / 1 copied.
2021-03-23 21:47:24,119 INFO  [main] mapreduce.Job (Job.java:monitorAndPrintJob(1366)) - Job job_local1747374358_0006 running in uber mode : false
2021-03-23 21:47:24,119 INFO  [main] mapreduce.Job (Job.java:monitorAndPrintJob(1373)) -  map 100% reduce 0%
2021-03-23 21:47:24,896 INFO  [pool-19-thread-1] mapred.Task (Task.java:done(1001)) - Task:attempt_local1747374358_0006_r_000000_0 is done. And is in the process of committing
2021-03-23 21:47:24,897 INFO  [pool-19-thread-1] mapred.LocalJobRunner (LocalJobRunner.java:statusUpdate(591)) - 1 / 1 copied.
2021-03-23 21:47:24,898 INFO  [pool-19-thread-1] mapred.Task (Task.java:commit(1162)) - Task attempt_local1747374358_0006_r_000000_0 is allowed to commit now
2021-03-23 21:47:25,243 INFO  [pool-19-thread-1] output.FileOutputCommitter (FileOutputCommitter.java:commitTask(439)) - Saved output of task 'attempt_local1747374358_0006_r_000000_0' to file:/home/dxt5888/project3/intermediate5/_temporary/0/task_local1747374358_0006_r_000000
2021-03-23 21:47:25,244 INFO  [pool-19-thread-1] mapred.LocalJobRunner (LocalJobRunner.java:statusUpdate(591)) - reduce > reduce
2021-03-23 21:47:25,244 INFO  [pool-19-thread-1] mapred.Task (Task.java:sendDone(1121)) - Task 'attempt_local1747374358_0006_r_000000_0' done.
2021-03-23 21:47:25,244 INFO  [pool-19-thread-1] mapred.LocalJobRunner (LocalJobRunner.java:run(325)) - Finishing task: attempt_local1747374358_0006_r_000000_0
2021-03-23 21:47:25,244 INFO  [Thread-42] mapred.LocalJobRunner (LocalJobRunner.java:runTasks(456)) - reduce task executor complete.
2021-03-23 21:47:26,120 INFO  [main] mapreduce.Job (Job.java:monitorAndPrintJob(1373)) -  map 100% reduce 100%
2021-03-23 21:47:27,121 INFO  [main] mapreduce.Job (Job.java:monitorAndPrintJob(1384)) - Job job_local1747374358_0006 completed successfully
2021-03-23 21:47:27,124 INFO  [main] mapreduce.Job (Job.java:monitorAndPrintJob(1391)) - Counters: 33
	File System Counters
		FILE: Number of bytes read=89288
		FILE: Number of bytes written=3139909
		FILE: Number of read operations=0
		FILE: Number of large read operations=0
		FILE: Number of write operations=0
	Map-Reduce Framework
		Map input records=0
		Map output records=0
		Map output bytes=0
		Map output materialized bytes=6
		Input split bytes=119
		Combine input records=0
		Combine output records=0
		Reduce input groups=0
		Reduce shuffle bytes=6
		Reduce input records=0
		Reduce output records=0
		Spilled Records=0
		Shuffled Maps =1
		Failed Shuffles=0
		Merged Map outputs=1
		GC time elapsed (ms)=22
		CPU time spent (ms)=0
		Physical memory (bytes) snapshot=0
		Virtual memory (bytes) snapshot=0
		Total committed heap usage (bytes)=372252672
	Shuffle Errors
		BAD_ID=0
		CONNECTION=0
		IO_ERROR=0
		WRONG_LENGTH=0
		WRONG_MAP=0
		WRONG_REDUCE=0
	File Input Format Counters 
		Bytes Read=79
	File Output Format Counters 
		Bytes Written=79
2021-03-23 21:47:27,141 INFO  [main] jvm.JvmMetrics (JvmMetrics.java:init(71)) - Cannot initialize JVM Metrics with processName=JobTracker, sessionId= - already initialized
2021-03-23 21:47:27,148 WARN  [main] mapreduce.JobSubmitter (JobSubmitter.java:copyAndConfigureFiles(153)) - Hadoop command-line option parsing not performed. Implement the Tool interface and execute your application with ToolRunner to remedy this.
2021-03-23 21:47:27,488 INFO  [main] input.FileInputFormat (FileInputFormat.java:listStatus(281)) - Total input paths to process : 1
2021-03-23 21:47:27,489 INFO  [main] mapreduce.JobSubmitter (JobSubmitter.java:submitJobInternal(494)) - number of splits:1
2021-03-23 21:47:27,494 INFO  [main] mapreduce.JobSubmitter (JobSubmitter.java:printTokens(583)) - Submitting tokens for job: job_local1000701467_0007
2021-03-23 21:47:27,620 INFO  [main] mapreduce.Job (Job.java:submit(1300)) - The url to track the job: http://localhost:8080/
2021-03-23 21:47:27,620 INFO  [main] mapreduce.Job (Job.java:monitorAndPrintJob(1345)) - Running job: job_local1000701467_0007
2021-03-23 21:47:27,621 INFO  [Thread-51] mapred.LocalJobRunner (LocalJobRunner.java:createOutputCommitter(471)) - OutputCommitter set in config null
2021-03-23 21:47:27,622 INFO  [Thread-51] mapred.LocalJobRunner (LocalJobRunner.java:createOutputCommitter(489)) - OutputCommitter is org.apache.hadoop.mapreduce.lib.output.FileOutputCommitter
2021-03-23 21:47:28,284 INFO  [Thread-51] mapred.LocalJobRunner (LocalJobRunner.java:runTasks(448)) - Waiting for map tasks
2021-03-23 21:47:28,285 INFO  [LocalJobRunner Map Task Executor #0] mapred.LocalJobRunner (LocalJobRunner.java:run(224)) - Starting task: attempt_local1000701467_0007_m_000000_0
2021-03-23 21:47:28,286 INFO  [LocalJobRunner Map Task Executor #0] mapred.Task (Task.java:initialize(587)) -  Using ResourceCalculatorProcessTree : [ ]
2021-03-23 21:47:28,287 INFO  [LocalJobRunner Map Task Executor #0] mapred.MapTask (MapTask.java:runNewMapper(753)) - Processing split: file:/home/dxt5888/project3/intermediate5/part-r-00000:0+67
2021-03-23 21:47:28,357 INFO  [LocalJobRunner Map Task Executor #0] mapred.MapTask (MapTask.java:setEquator(1202)) - (EQUATOR) 0 kvi 26214396(104857584)
2021-03-23 21:47:28,357 INFO  [LocalJobRunner Map Task Executor #0] mapred.MapTask (MapTask.java:init(995)) - mapreduce.task.io.sort.mb: 100
2021-03-23 21:47:28,358 INFO  [LocalJobRunner Map Task Executor #0] mapred.MapTask (MapTask.java:init(996)) - soft limit at 83886080
2021-03-23 21:47:28,358 INFO  [LocalJobRunner Map Task Executor #0] mapred.MapTask (MapTask.java:init(997)) - bufstart = 0; bufvoid = 104857600
2021-03-23 21:47:28,358 INFO  [LocalJobRunner Map Task Executor #0] mapred.MapTask (MapTask.java:init(998)) - kvstart = 26214396; length = 6553600
2021-03-23 21:47:28,359 INFO  [LocalJobRunner Map Task Executor #0] mapred.MapTask (MapTask.java:createSortingCollector(402)) - Map output collector class = org.apache.hadoop.mapred.MapTask$MapOutputBuffer
2021-03-23 21:47:28,434 INFO  [LocalJobRunner Map Task Executor #0] mapred.LocalJobRunner (LocalJobRunner.java:statusUpdate(591)) - 
2021-03-23 21:47:28,435 INFO  [LocalJobRunner Map Task Executor #0] mapred.MapTask (MapTask.java:flush(1457)) - Starting flush of map output
2021-03-23 21:47:28,436 INFO  [LocalJobRunner Map Task Executor #0] mapred.Task (Task.java:done(1001)) - Task:attempt_local1000701467_0007_m_000000_0 is done. And is in the process of committing
2021-03-23 21:47:28,438 INFO  [LocalJobRunner Map Task Executor #0] mapred.LocalJobRunner (LocalJobRunner.java:statusUpdate(591)) - map
2021-03-23 21:47:28,438 INFO  [LocalJobRunner Map Task Executor #0] mapred.Task (Task.java:sendDone(1121)) - Task 'attempt_local1000701467_0007_m_000000_0' done.
2021-03-23 21:47:28,438 INFO  [LocalJobRunner Map Task Executor #0] mapred.LocalJobRunner (LocalJobRunner.java:run(249)) - Finishing task: attempt_local1000701467_0007_m_000000_0
2021-03-23 21:47:28,438 INFO  [Thread-51] mapred.LocalJobRunner (LocalJobRunner.java:runTasks(456)) - map task executor complete.
2021-03-23 21:47:28,439 INFO  [Thread-51] mapred.LocalJobRunner (LocalJobRunner.java:runTasks(448)) - Waiting for reduce tasks
2021-03-23 21:47:28,439 INFO  [pool-22-thread-1] mapred.LocalJobRunner (LocalJobRunner.java:run(302)) - Starting task: attempt_local1000701467_0007_r_000000_0
2021-03-23 21:47:28,441 INFO  [pool-22-thread-1] mapred.Task (Task.java:initialize(587)) -  Using ResourceCalculatorProcessTree : [ ]
2021-03-23 21:47:28,441 INFO  [pool-22-thread-1] mapred.ReduceTask (ReduceTask.java:run(362)) - Using ShuffleConsumerPlugin: org.apache.hadoop.mapreduce.task.reduce.Shuffle@505edbed
2021-03-23 21:47:28,441 INFO  [pool-22-thread-1] reduce.MergeManagerImpl (MergeManagerImpl.java:<init>(196)) - MergerManager: memoryLimit=709551680, maxSingleShuffleLimit=177387920, mergeThreshold=468304128, ioSortFactor=10, memToMemMergeOutputsThreshold=10
2021-03-23 21:47:28,442 INFO  [EventFetcher for fetching Map Completion Events] reduce.EventFetcher (EventFetcher.java:run(61)) - attempt_local1000701467_0007_r_000000_0 Thread started: EventFetcher for fetching Map Completion Events
2021-03-23 21:47:28,444 INFO  [localfetcher#6] reduce.LocalFetcher (LocalFetcher.java:copyMapOutput(141)) - localfetcher#6 about to shuffle output of map attempt_local1000701467_0007_m_000000_0 decomp: 2 len: 6 to MEMORY
2021-03-23 21:47:28,445 INFO  [localfetcher#6] reduce.InMemoryMapOutput (InMemoryMapOutput.java:shuffle(100)) - Read 2 bytes from map-output for attempt_local1000701467_0007_m_000000_0
2021-03-23 21:47:28,445 INFO  [localfetcher#6] reduce.MergeManagerImpl (MergeManagerImpl.java:closeInMemoryFile(314)) - closeInMemoryFile -> map-output of size: 2, inMemoryMapOutputs.size() -> 1, commitMemory -> 0, usedMemory ->2
2021-03-23 21:47:28,445 INFO  [EventFetcher for fetching Map Completion Events] reduce.EventFetcher (EventFetcher.java:run(76)) - EventFetcher is interrupted.. Returning
2021-03-23 21:47:28,446 INFO  [pool-22-thread-1] mapred.LocalJobRunner (LocalJobRunner.java:statusUpdate(591)) - 1 / 1 copied.
2021-03-23 21:47:28,446 INFO  [pool-22-thread-1] reduce.MergeManagerImpl (MergeManagerImpl.java:finalMerge(674)) - finalMerge called with 1 in-memory map-outputs and 0 on-disk map-outputs
2021-03-23 21:47:28,447 INFO  [pool-22-thread-1] mapred.Merger (Merger.java:merge(597)) - Merging 1 sorted segments
2021-03-23 21:47:28,448 INFO  [pool-22-thread-1] mapred.Merger (Merger.java:merge(696)) - Down to the last merge-pass, with 0 segments left of total size: 0 bytes
2021-03-23 21:47:28,448 INFO  [pool-22-thread-1] reduce.MergeManagerImpl (MergeManagerImpl.java:finalMerge(751)) - Merged 1 segments, 2 bytes to disk to satisfy reduce memory limit
2021-03-23 21:47:28,448 INFO  [pool-22-thread-1] reduce.MergeManagerImpl (MergeManagerImpl.java:finalMerge(781)) - Merging 1 files, 6 bytes from disk
2021-03-23 21:47:28,448 INFO  [pool-22-thread-1] reduce.MergeManagerImpl (MergeManagerImpl.java:finalMerge(796)) - Merging 0 segments, 0 bytes from memory into reduce
2021-03-23 21:47:28,448 INFO  [pool-22-thread-1] mapred.Merger (Merger.java:merge(597)) - Merging 1 sorted segments
2021-03-23 21:47:28,448 INFO  [pool-22-thread-1] mapred.Merger (Merger.java:merge(696)) - Down to the last merge-pass, with 0 segments left of total size: 0 bytes
2021-03-23 21:47:28,449 INFO  [pool-22-thread-1] mapred.LocalJobRunner (LocalJobRunner.java:statusUpdate(591)) - 1 / 1 copied.
2021-03-23 21:47:28,621 INFO  [main] mapreduce.Job (Job.java:monitorAndPrintJob(1366)) - Job job_local1000701467_0007 running in uber mode : false
2021-03-23 21:47:28,622 INFO  [main] mapreduce.Job (Job.java:monitorAndPrintJob(1373)) -  map 100% reduce 0%
2021-03-23 21:47:29,134 INFO  [pool-22-thread-1] mapred.Task (Task.java:done(1001)) - Task:attempt_local1000701467_0007_r_000000_0 is done. And is in the process of committing
2021-03-23 21:47:29,135 INFO  [pool-22-thread-1] mapred.LocalJobRunner (LocalJobRunner.java:statusUpdate(591)) - 1 / 1 copied.
2021-03-23 21:47:29,135 INFO  [pool-22-thread-1] mapred.Task (Task.java:commit(1162)) - Task attempt_local1000701467_0007_r_000000_0 is allowed to commit now
2021-03-23 21:47:29,289 INFO  [pool-22-thread-1] output.FileOutputCommitter (FileOutputCommitter.java:commitTask(439)) - Saved output of task 'attempt_local1000701467_0007_r_000000_0' to file:/home/dxt5888/project3/output/_temporary/0/task_local1000701467_0007_r_000000
2021-03-23 21:47:29,290 INFO  [pool-22-thread-1] mapred.LocalJobRunner (LocalJobRunner.java:statusUpdate(591)) - reduce > reduce
2021-03-23 21:47:29,290 INFO  [pool-22-thread-1] mapred.Task (Task.java:sendDone(1121)) - Task 'attempt_local1000701467_0007_r_000000_0' done.
2021-03-23 21:47:29,290 INFO  [pool-22-thread-1] mapred.LocalJobRunner (LocalJobRunner.java:run(325)) - Finishing task: attempt_local1000701467_0007_r_000000_0
2021-03-23 21:47:29,290 INFO  [Thread-51] mapred.LocalJobRunner (LocalJobRunner.java:runTasks(456)) - reduce task executor complete.
2021-03-23 21:47:29,622 INFO  [main] mapreduce.Job (Job.java:monitorAndPrintJob(1373)) -  map 100% reduce 100%
2021-03-23 21:47:30,623 INFO  [main] mapreduce.Job (Job.java:monitorAndPrintJob(1384)) - Job job_local1000701467_0007 completed successfully
2021-03-23 21:47:30,624 INFO  [main] mapreduce.Job (Job.java:monitorAndPrintJob(1391)) - Counters: 33
	File System Counters
		FILE: Number of bytes read=104110
		FILE: Number of bytes written=3663400
		FILE: Number of read operations=0
		FILE: Number of large read operations=0
		FILE: Number of write operations=0
	Map-Reduce Framework
		Map input records=0
		Map output records=0
		Map output bytes=0
		Map output materialized bytes=6
		Input split bytes=119
		Combine input records=0
		Combine output records=0
		Reduce input groups=0
		Reduce shuffle bytes=6
		Reduce input records=0
		Reduce output records=0
		Spilled Records=0
		Shuffled Maps =1
		Failed Shuffles=0
		Merged Map outputs=1
		GC time elapsed (ms)=22
		CPU time spent (ms)=0
		Physical memory (bytes) snapshot=0
		Virtual memory (bytes) snapshot=0
		Total committed heap usage (bytes)=372260864
	Shuffle Errors
		BAD_ID=0
		CONNECTION=0
		IO_ERROR=0
		WRONG_LENGTH=0
		WRONG_MAP=0
		WRONG_REDUCE=0
	File Input Format Counters 
		Bytes Read=79
	File Output Format Counters 
		Bytes Written=8
