which: no hbase in (/opt/hadoop/2.6.0/sbin:/opt/hadoop/contrib/myHadoop/bin:/opt/hadoop/2.6.0/bin:/opt/mvapich2/intel/ib/bin:/opt/intel/2018.1.163/compilers_and_libraries_2018.1.163/linux/bin/intel64:/usr/lib64/qt-3.3/bin:/usr/local/bin:/bin:/usr/bin:/usr/bin:/usr/local/sbin:/usr/sbin:/opt/sdsc/bin:/opt/sdsc/sbin:/opt/ibutils/bin:/opt/pdsh/bin:/opt/rocks/bin:/opt/rocks/sbin:/home/dxt5888/bin)
SLF4J: Class path contains multiple SLF4J bindings.
SLF4J: Found binding in [jar:file:/oasis/projects/nsf/uot143/fegaras/apache-hive-2.1.0-bin/lib/log4j-slf4j-impl-2.4.1.jar!/org/slf4j/impl/StaticLoggerBinder.class]
SLF4J: Found binding in [jar:file:/opt/hadoop/2.6.0/share/hadoop/common/lib/slf4j-log4j12-1.7.5.jar!/org/slf4j/impl/StaticLoggerBinder.class]
SLF4J: See http://www.slf4j.org/codes.html#multiple_bindings for an explanation.
SLF4J: Actual binding is of type [org.apache.logging.slf4j.Log4jLoggerFactory]

Logging initialized using configuration in jar:file:/oasis/projects/nsf/uot143/fegaras/apache-hive-2.1.0-bin/lib/hive-common-2.1.0.jar!/hive-log4j2.properties Async: true
OK
Time taken: 1.238 seconds
OK
Time taken: 0.012 seconds
OK
Time taken: 1.816 seconds
OK
Time taken: 1.583 seconds
Loading data to table default.employee
OK
Time taken: 1.751 seconds
Loading data to table default.department
OK
Time taken: 0.755 seconds
WARNING: Hive-on-MR is deprecated in Hive 2 and may not be available in the future versions. Consider using a different execution engine (i.e. spark, tez) or using Hive 1.X releases.
Query ID = dxt5888_20210415102546_5c9600b7-0269-4dc1-99c8-8a7207ee811e
Total jobs = 1
SLF4J: Class path contains multiple SLF4J bindings.
SLF4J: Found binding in [jar:file:/oasis/projects/nsf/uot143/fegaras/apache-hive-2.1.0-bin/lib/log4j-slf4j-impl-2.4.1.jar!/org/slf4j/impl/StaticLoggerBinder.class]
SLF4J: Found binding in [jar:file:/opt/hadoop/2.6.0/share/hadoop/common/lib/slf4j-log4j12-1.7.5.jar!/org/slf4j/impl/StaticLoggerBinder.class]
SLF4J: See http://www.slf4j.org/codes.html#multiple_bindings for an explanation.
SLF4J: Actual binding is of type [org.apache.logging.slf4j.Log4jLoggerFactory]
2021-04-15 10:26:03	Starting to launch local task to process map join;	maximum memory = 518979584
2021-04-15 10:26:04	Dump the side-table for tag: 1 with group count: 2 into file: file:/tmp/dxt5888/94182baa-b597-43e3-9d40-0a67a1e325fe/hive_2021-04-15_10-25-53_329_4004615589519063728-1/-local-10004/HashTable-Stage-3/MapJoin-mapfile01--.hashtable
2021-04-15 10:26:04	Uploaded 1 File to: file:/tmp/dxt5888/94182baa-b597-43e3-9d40-0a67a1e325fe/hive_2021-04-15_10-25-53_329_4004615589519063728-1/-local-10004/HashTable-Stage-3/MapJoin-mapfile01--.hashtable (305 bytes)
2021-04-15 10:26:04	End of local task; Time Taken: 1.092 sec.
Execution completed successfully
MapredLocal task succeeded
Launching Job 1 out of 1
Number of reduce tasks is set to 0 since there's no reduce operator
Job running in-process (local Hadoop)
2021-04-15 10:26:09,774 Stage-3 map = 100%,  reduce = 0%
Ended Job = job_local777909786_0001
MapReduce Jobs Launched: 
Stage-Stage-3:  HDFS Read: 0 HDFS Write: 0 SUCCESS
Total MapReduce CPU Time Spent: 0 msec
OK
Smith	CSE
Jones	EE
Mary	CSE
Time taken: 16.472 seconds, Fetched: 3 row(s)
