which: no hadoop in (/opt/mvapich2/intel/ib/bin:/opt/intel/2018.1.163/compilers_and_libraries_2018.1.163/linux/bin/intel64:/usr/lib64/qt-3.3/bin:/usr/local/bin:/bin:/usr/bin:/usr/bin:/usr/local/sbin:/usr/sbin:/opt/sdsc/bin:/opt/sdsc/sbin:/opt/ibutils/bin:/opt/pdsh/bin:/opt/rocks/bin:/opt/rocks/sbin:/home/dxt5888/bin)
21/04/10 03:54:38 INFO pig.ExecTypeProvider: Trying ExecType : LOCAL
21/04/10 03:54:38 INFO pig.ExecTypeProvider: Picked LOCAL as the ExecType
2021-04-10 03:54:38,119 [main] INFO  org.apache.pig.Main - Apache Pig version 0.16.0 (r1746530) compiled Jun 01 2016, 23:09:59
2021-04-10 03:54:38,119 [main] INFO  org.apache.pig.Main - Logging error messages to: /home/dxt5888/project6/pig_1618052078116.log
2021-04-10 03:54:38,285 [main] INFO  org.apache.pig.impl.util.Utils - Default bootup file /home/dxt5888/.pigbootup not found
2021-04-10 03:54:38,438 [main] INFO  org.apache.pig.backend.hadoop.executionengine.HExecutionEngine - Connecting to hadoop file system at: file:///
2021-04-10 03:54:38,466 [main] INFO  org.apache.pig.PigServer - Pig Script ID for the session: 
2021-04-10 03:54:38,466 [main] WARN  org.apache.pig.PigServer - ATS is disabled since yarn.timeline-service.enabled set to false
2021-04-10 03:54:39,103 [main] INFO  org.apache.pig.tools.pigstats.ScriptState - Pig features used in the script: GROUP_BY
2021-04-10 03:54:39,252 [main] INFO  org.apache.pig.newplan.logical.optimizer.LogicalPlanOptimizer - {RULES_ENABLED=[AddForEach, ColumnMapKeyPrune, ConstantCalculator, GroupByConstParallelSetter, LimitOptimizer, LoadTypeCastInserter, MergeFilter, MergeForEach, PartitionFilterOptimizer, PredicatePushdownOptimizer, PushDownForEachFlatten, PushUpFilter, SplitFilter, StreamTypeCastInserter]}
2021-04-10 03:54:39,297 [main] INFO  org.apache.pig.impl.util.SpillableMemoryManager - Selected heap (Tenured Gen) of size 699072512 to monitor. collectionUsageThreshold = 489350752, usageThreshold = 489350752
2021-04-10 03:54:39,330 [main] INFO  org.apache.pig.backend.hadoop.executionengine.mapReduceLayer.MRCompiler - File concatenation threshold: 100 optimistic? false
2021-04-10 03:54:39,337 [main] WARN  org.apache.hadoop.util.NativeCodeLoader - Unable to load native-hadoop library for your platform... using builtin-java classes where applicable
2021-04-10 03:54:39,353 [main] INFO  org.apache.pig.backend.hadoop.executionengine.mapReduceLayer.MultiQueryOptimizer - MR plan size before optimization: 2
2021-04-10 03:54:39,354 [main] INFO  org.apache.pig.backend.hadoop.executionengine.mapReduceLayer.MultiQueryOptimizer - MR plan size after optimization: 2
2021-04-10 03:54:39,429 [main] INFO  org.apache.pig.tools.pigstats.mapreduce.MRScriptState - Pig script settings are added to the job
2021-04-10 03:54:39,455 [main] INFO  org.apache.pig.backend.hadoop.executionengine.mapReduceLayer.JobControlCompiler - mapred.job.reduce.markreset.buffer.percent is not set, set to default 0.3
2021-04-10 03:54:39,457 [main] INFO  org.apache.pig.backend.hadoop.executionengine.mapReduceLayer.JobControlCompiler - Reduce phase detected, estimating # of required reducers.
2021-04-10 03:54:39,457 [main] INFO  org.apache.pig.backend.hadoop.executionengine.mapReduceLayer.JobControlCompiler - Using reducer estimator: org.apache.pig.backend.hadoop.executionengine.mapReduceLayer.InputSizeReducerEstimator
2021-04-10 03:54:39,463 [main] INFO  org.apache.pig.backend.hadoop.executionengine.mapReduceLayer.InputSizeReducerEstimator - BytesPerReducer=1000000000 maxReducers=999 totalInputFileSize=194759
2021-04-10 03:54:39,463 [main] INFO  org.apache.pig.backend.hadoop.executionengine.mapReduceLayer.JobControlCompiler - Setting Parallelism to 1
2021-04-10 03:54:39,472 [main] INFO  org.apache.pig.backend.hadoop.executionengine.mapReduceLayer.JobControlCompiler - Setting up single store job
2021-04-10 03:54:39,475 [main] INFO  org.apache.pig.data.SchemaTupleFrontend - Key [pig.schematuple] is false, will not generate code.
2021-04-10 03:54:39,475 [main] INFO  org.apache.pig.data.SchemaTupleFrontend - Starting process to move generated code to distributed cacche
2021-04-10 03:54:39,475 [main] INFO  org.apache.pig.data.SchemaTupleFrontend - Distributed cache not supported or needed in local mode. Setting key [pig.schematuple.local.dir] with code temp directory: /tmp/1618052079475-0
2021-04-10 03:54:39,586 [main] INFO  org.apache.pig.backend.hadoop.executionengine.mapReduceLayer.MapReduceLauncher - 1 map-reduce job(s) waiting for submission.
2021-04-10 03:54:39,607 [JobControl] WARN  org.apache.hadoop.mapred.JobClient - No job jar file set.  User classes may not be found. See JobConf(Class) or JobConf#setJar(String).
2021-04-10 03:54:39,633 [JobControl] INFO  org.apache.pig.builtin.PigStorage - Using PigTextInputFormat
2021-04-10 03:54:39,646 [JobControl] INFO  org.apache.hadoop.mapreduce.lib.input.FileInputFormat - Total input paths to process : 1
2021-04-10 03:54:39,646 [JobControl] INFO  org.apache.pig.backend.hadoop.executionengine.util.MapRedUtil - Total input paths to process : 1
2021-04-10 03:54:39,651 [JobControl] WARN  org.apache.hadoop.io.compress.snappy.LoadSnappy - Snappy native library is available
2021-04-10 03:54:39,651 [JobControl] WARN  org.apache.hadoop.io.compress.snappy.LoadSnappy - Snappy native library not loaded
2021-04-10 03:54:39,652 [JobControl] INFO  org.apache.pig.backend.hadoop.executionengine.util.MapRedUtil - Total input paths (combined) to process : 1
2021-04-10 03:54:39,929 [Thread-3] INFO  org.apache.hadoop.util.ProcessTree - setsid exited with exit code 0
2021-04-10 03:54:39,942 [Thread-3] INFO  org.apache.hadoop.mapred.Task -  Using ResourceCalculatorPlugin : org.apache.hadoop.util.LinuxResourceCalculatorPlugin@41160a91
2021-04-10 03:54:39,952 [Thread-3] INFO  org.apache.pig.builtin.PigStorage - Using PigTextInputFormat
2021-04-10 03:54:39,953 [Thread-3] INFO  org.apache.pig.backend.hadoop.executionengine.mapReduceLayer.PigRecordReader - Current split being processed file:/home/dxt5888/project6/small-twitter.csv:0+194759
2021-04-10 03:54:39,960 [Thread-3] INFO  org.apache.hadoop.mapred.MapTask - io.sort.mb = 100
2021-04-10 03:54:40,035 [Thread-3] INFO  org.apache.hadoop.mapred.MapTask - data buffer = 79691776/99614720
2021-04-10 03:54:40,035 [Thread-3] INFO  org.apache.hadoop.mapred.MapTask - record buffer = 262144/327680
2021-04-10 03:54:40,047 [Thread-3] INFO  org.apache.pig.impl.util.SpillableMemoryManager - Selected heap (Tenured Gen) of size 699072512 to monitor. collectionUsageThreshold = 489350752, usageThreshold = 489350752
2021-04-10 03:54:40,048 [Thread-3] INFO  org.apache.pig.data.SchemaTupleBackend - Key [pig.schematuple] was not set... will not generate code.
2021-04-10 03:54:40,053 [Thread-3] INFO  org.apache.pig.backend.hadoop.executionengine.mapReduceLayer.PigGenericMapReduce$Map - Aliases being processed per job phase (AliasName[line,offset]): M: E[1,4],E[-1,-1],AA[5,5] C:  R: BB[7,5],CC[9,5]
2021-04-10 03:54:40,088 [main] INFO  org.apache.pig.backend.hadoop.executionengine.mapReduceLayer.MapReduceLauncher - HadoopJobId: job_local_0001
2021-04-10 03:54:40,088 [main] INFO  org.apache.pig.backend.hadoop.executionengine.mapReduceLayer.MapReduceLauncher - Processing aliases AA,BB,CC,E
2021-04-10 03:54:40,088 [main] INFO  org.apache.pig.backend.hadoop.executionengine.mapReduceLayer.MapReduceLauncher - detailed locations: M: E[1,4],E[-1,-1],AA[5,5] C:  R: BB[7,5],CC[9,5]
2021-04-10 03:54:40,090 [main] INFO  org.apache.pig.backend.hadoop.executionengine.mapReduceLayer.MapReduceLauncher - 0% complete
2021-04-10 03:54:40,090 [main] INFO  org.apache.pig.backend.hadoop.executionengine.mapReduceLayer.MapReduceLauncher - Running jobs are [job_local_0001]
2021-04-10 03:54:40,306 [Thread-3] INFO  org.apache.hadoop.mapred.MapTask - Starting flush of map output
2021-04-10 03:54:40,365 [Thread-3] INFO  org.apache.hadoop.mapred.MapTask - Finished spill 0
2021-04-10 03:54:40,368 [Thread-3] INFO  org.apache.hadoop.mapred.Task - Task:attempt_local_0001_m_000000_0 is done. And is in the process of commiting
2021-04-10 03:54:42,894 [Thread-3] INFO  org.apache.hadoop.mapred.LocalJobRunner - 
2021-04-10 03:54:42,894 [Thread-3] INFO  org.apache.hadoop.mapred.Task - Task 'attempt_local_0001_m_000000_0' done.
2021-04-10 03:54:42,907 [Thread-3] INFO  org.apache.hadoop.mapred.Task -  Using ResourceCalculatorPlugin : org.apache.hadoop.util.LinuxResourceCalculatorPlugin@50656146
2021-04-10 03:54:42,907 [Thread-3] INFO  org.apache.hadoop.mapred.LocalJobRunner - 
2021-04-10 03:54:42,909 [Thread-3] INFO  org.apache.hadoop.mapred.Merger - Merging 1 sorted segments
2021-04-10 03:54:42,913 [Thread-3] INFO  org.apache.hadoop.mapred.Merger - Down to the last merge-pass, with 1 segments left of total size: 294760 bytes
2021-04-10 03:54:42,913 [Thread-3] INFO  org.apache.hadoop.mapred.LocalJobRunner - 
2021-04-10 03:54:42,919 [Thread-3] INFO  org.apache.pig.impl.util.SpillableMemoryManager - Selected heap (Tenured Gen) of size 699072512 to monitor. collectionUsageThreshold = 489350752, usageThreshold = 489350752
2021-04-10 03:54:42,919 [Thread-3] WARN  org.apache.pig.data.SchemaTupleBackend - SchemaTupleBackend has already been initialized
2021-04-10 03:54:42,928 [Thread-3] INFO  org.apache.pig.backend.hadoop.executionengine.mapReduceLayer.PigMapReduce$Reduce - Aliases being processed per job phase (AliasName[line,offset]): M: E[1,4],E[-1,-1],AA[5,5] C:  R: BB[7,5],CC[9,5]
2021-04-10 03:54:43,101 [main] INFO  org.apache.pig.backend.hadoop.executionengine.mapReduceLayer.MapReduceLauncher - 25% complete
2021-04-10 03:54:43,101 [main] INFO  org.apache.pig.backend.hadoop.executionengine.mapReduceLayer.MapReduceLauncher - Running jobs are [job_local_0001]
2021-04-10 03:54:43,285 [Thread-3] INFO  org.apache.hadoop.mapred.Task - Task:attempt_local_0001_r_000000_0 is done. And is in the process of commiting
2021-04-10 03:54:43,287 [Thread-3] INFO  org.apache.hadoop.mapred.LocalJobRunner - 
2021-04-10 03:54:43,288 [Thread-3] INFO  org.apache.hadoop.mapred.Task - Task attempt_local_0001_r_000000_0 is allowed to commit now
2021-04-10 03:54:43,290 [Thread-3] INFO  org.apache.hadoop.mapreduce.lib.output.FileOutputCommitter - Saved output of task 'attempt_local_0001_r_000000_0' to file:/tmp/temp1494551784/tmp-757482288
2021-04-10 03:54:45,918 [Thread-3] INFO  org.apache.hadoop.mapred.LocalJobRunner - reduce > reduce
2021-04-10 03:54:45,918 [Thread-3] INFO  org.apache.hadoop.mapred.Task - Task 'attempt_local_0001_r_000000_0' done.
2021-04-10 03:54:46,102 [main] INFO  org.apache.pig.backend.hadoop.executionengine.mapReduceLayer.MapReduceLauncher - 50% complete
2021-04-10 03:54:46,107 [main] INFO  org.apache.pig.tools.pigstats.mapreduce.MRScriptState - Pig script settings are added to the job
2021-04-10 03:54:46,107 [main] INFO  org.apache.pig.backend.hadoop.executionengine.mapReduceLayer.JobControlCompiler - mapred.job.reduce.markreset.buffer.percent is not set, set to default 0.3
2021-04-10 03:54:46,108 [main] INFO  org.apache.pig.backend.hadoop.executionengine.mapReduceLayer.JobControlCompiler - Reduce phase detected, estimating # of required reducers.
2021-04-10 03:54:46,108 [main] INFO  org.apache.pig.backend.hadoop.executionengine.mapReduceLayer.JobControlCompiler - Using reducer estimator: org.apache.pig.backend.hadoop.executionengine.mapReduceLayer.InputSizeReducerEstimator
2021-04-10 03:54:46,108 [main] INFO  org.apache.pig.backend.hadoop.executionengine.mapReduceLayer.InputSizeReducerEstimator - BytesPerReducer=1000000000 maxReducers=999 totalInputFileSize=55810
2021-04-10 03:54:46,108 [main] INFO  org.apache.pig.backend.hadoop.executionengine.mapReduceLayer.JobControlCompiler - Setting Parallelism to 1
2021-04-10 03:54:46,109 [main] INFO  org.apache.pig.backend.hadoop.executionengine.mapReduceLayer.JobControlCompiler - Setting up single store job
2021-04-10 03:54:46,116 [main] INFO  org.apache.pig.backend.hadoop.executionengine.mapReduceLayer.MapReduceLauncher - 1 map-reduce job(s) waiting for submission.
2021-04-10 03:54:46,134 [JobControl] WARN  org.apache.hadoop.mapred.JobClient - No job jar file set.  User classes may not be found. See JobConf(Class) or JobConf#setJar(String).
2021-04-10 03:54:46,155 [JobControl] INFO  org.apache.hadoop.mapreduce.lib.input.FileInputFormat - Total input paths to process : 1
2021-04-10 03:54:46,155 [JobControl] INFO  org.apache.pig.backend.hadoop.executionengine.util.MapRedUtil - Total input paths to process : 1
2021-04-10 03:54:46,155 [JobControl] INFO  org.apache.pig.backend.hadoop.executionengine.util.MapRedUtil - Total input paths (combined) to process : 1
2021-04-10 03:54:46,405 [Thread-9] INFO  org.apache.hadoop.mapred.Task -  Using ResourceCalculatorPlugin : org.apache.hadoop.util.LinuxResourceCalculatorPlugin@423e6716
2021-04-10 03:54:46,408 [Thread-9] INFO  org.apache.pig.backend.hadoop.executionengine.mapReduceLayer.PigRecordReader - Current split being processed file:/tmp/temp1494551784/tmp-757482288/part-r-00000:0+55810
2021-04-10 03:54:46,408 [Thread-9] INFO  org.apache.hadoop.mapred.MapTask - io.sort.mb = 100
2021-04-10 03:54:46,457 [Thread-9] INFO  org.apache.hadoop.mapred.MapTask - data buffer = 79691776/99614720
2021-04-10 03:54:46,457 [Thread-9] INFO  org.apache.hadoop.mapred.MapTask - record buffer = 262144/327680
2021-04-10 03:54:46,460 [Thread-9] INFO  org.apache.pig.impl.util.SpillableMemoryManager - Selected heap (Tenured Gen) of size 699072512 to monitor. collectionUsageThreshold = 489350752, usageThreshold = 489350752
2021-04-10 03:54:46,460 [Thread-9] WARN  org.apache.pig.data.SchemaTupleBackend - SchemaTupleBackend has already been initialized
2021-04-10 03:54:46,462 [Thread-9] INFO  org.apache.pig.backend.hadoop.executionengine.mapReduceLayer.PigGenericMapReduce$Map - Aliases being processed per job phase (AliasName[line,offset]): M: DD[11,5] C:  R: EE[13,5]
2021-04-10 03:54:46,549 [Thread-9] INFO  org.apache.hadoop.mapred.MapTask - Starting flush of map output
2021-04-10 03:54:46,555 [Thread-9] INFO  org.apache.hadoop.mapred.MapTask - Finished spill 0
2021-04-10 03:54:46,556 [Thread-9] INFO  org.apache.hadoop.mapred.Task - Task:attempt_local_0002_m_000000_0 is done. And is in the process of commiting
2021-04-10 03:54:46,631 [main] INFO  org.apache.pig.backend.hadoop.executionengine.mapReduceLayer.MapReduceLauncher - HadoopJobId: job_local_0002
2021-04-10 03:54:46,631 [main] INFO  org.apache.pig.backend.hadoop.executionengine.mapReduceLayer.MapReduceLauncher - Processing aliases DD,EE
2021-04-10 03:54:46,631 [main] INFO  org.apache.pig.backend.hadoop.executionengine.mapReduceLayer.MapReduceLauncher - detailed locations: M: DD[11,5] C:  R: EE[13,5]
2021-04-10 03:54:49,409 [Thread-9] INFO  org.apache.hadoop.mapred.LocalJobRunner - 
2021-04-10 03:54:49,410 [Thread-9] INFO  org.apache.hadoop.mapred.Task - Task 'attempt_local_0002_m_000000_0' done.
2021-04-10 03:54:49,419 [Thread-9] INFO  org.apache.hadoop.mapred.Task -  Using ResourceCalculatorPlugin : org.apache.hadoop.util.LinuxResourceCalculatorPlugin@1e2228a
2021-04-10 03:54:49,419 [Thread-9] INFO  org.apache.hadoop.mapred.LocalJobRunner - 
2021-04-10 03:54:49,419 [Thread-9] INFO  org.apache.hadoop.mapred.Merger - Merging 1 sorted segments
2021-04-10 03:54:49,420 [Thread-9] INFO  org.apache.hadoop.mapred.Merger - Down to the last merge-pass, with 1 segments left of total size: 147058 bytes
2021-04-10 03:54:49,420 [Thread-9] INFO  org.apache.hadoop.mapred.LocalJobRunner - 
2021-04-10 03:54:49,636 [main] INFO  org.apache.pig.backend.hadoop.executionengine.mapReduceLayer.MapReduceLauncher - 75% complete
2021-04-10 03:54:49,636 [main] INFO  org.apache.pig.backend.hadoop.executionengine.mapReduceLayer.MapReduceLauncher - Running jobs are [job_local_0002]
2021-04-10 03:54:49,714 [Thread-9] INFO  org.apache.pig.impl.util.SpillableMemoryManager - Selected heap (Tenured Gen) of size 699072512 to monitor. collectionUsageThreshold = 489350752, usageThreshold = 489350752
2021-04-10 03:54:49,714 [Thread-9] WARN  org.apache.pig.data.SchemaTupleBackend - SchemaTupleBackend has already been initialized
2021-04-10 03:54:49,718 [Thread-9] INFO  org.apache.pig.backend.hadoop.executionengine.mapReduceLayer.PigMapReduce$Reduce - Aliases being processed per job phase (AliasName[line,offset]): M: DD[11,5] C:  R: EE[13,5]
2021-04-10 03:54:49,992 [Thread-9] INFO  org.apache.hadoop.mapred.Task - Task:attempt_local_0002_r_000000_0 is done. And is in the process of commiting
2021-04-10 03:54:49,992 [Thread-9] INFO  org.apache.hadoop.mapred.LocalJobRunner - 
2021-04-10 03:54:49,993 [Thread-9] INFO  org.apache.hadoop.mapred.Task - Task attempt_local_0002_r_000000_0 is allowed to commit now
2021-04-10 03:54:50,218 [Thread-9] INFO  org.apache.hadoop.mapreduce.lib.output.FileOutputCommitter - Saved output of task 'attempt_local_0002_r_000000_0' to file:/home/dxt5888/project6/output
2021-04-10 03:54:52,437 [Thread-9] INFO  org.apache.hadoop.mapred.LocalJobRunner - reduce > reduce
2021-04-10 03:54:52,437 [Thread-9] INFO  org.apache.hadoop.mapred.Task - Task 'attempt_local_0002_r_000000_0' done.
2021-04-10 03:54:52,637 [main] INFO  org.apache.pig.backend.hadoop.executionengine.mapReduceLayer.MapReduceLauncher - Running jobs are [job_local_0002]
2021-04-10 03:54:53,139 [main] INFO  org.apache.pig.backend.hadoop.executionengine.mapReduceLayer.MapReduceLauncher - 100% complete
2021-04-10 03:54:53,141 [main] INFO  org.apache.pig.tools.pigstats.mapreduce.SimplePigStats - Script Statistics: 

HadoopVersion	PigVersion	UserId	StartedAt	FinishedAt	Features
1.0.4	0.16.0	dxt5888	2021-04-10 03:54:39	2021-04-10 03:54:53	GROUP_BY

Success!

Job Stats (time in seconds):
JobId	Maps	Reduces	MaxMapTime	MinMapTime	AvgMapTime	MedianMapTime	MaxReduceTime	MinReduceTime	AvgReduceTime	MedianReducetime	Alias	Feature	Outputs
job_local_0001	1	1	n/a	n/a	n/a	n/a	n/a	n/a	n/a	n/a	AA,BB,CC,E	GROUP_BY	
job_local_0002	1	1	n/a	n/a	n/a	n/a	n/a	n/a	n/a	n/a	DD,EE	GROUP_BY	file:///home/dxt5888/project6/output,

Input(s):
Successfully read 10000 records from: "file:///home/dxt5888/project6/small-twitter.csv"

Output(s):
Successfully stored 7 records in: "file:///home/dxt5888/project6/output"

Counters:
Total records written : 7
Total bytes written : 0
Spillable Memory Manager spill count : 0
Total bags proactively spilled: 0
Total records proactively spilled: 0

Job DAG:
job_local_0001	->	job_local_0002,
job_local_0002


2021-04-10 03:54:53,143 [main] INFO  org.apache.pig.backend.hadoop.executionengine.mapReduceLayer.MapReduceLauncher - Success!
2021-04-10 03:54:53,169 [main] INFO  org.apache.pig.Main - Pig script completed in 15 seconds and 294 milliseconds (15294 ms)
