2021-03-09 15:43:44,752 INFO  [main] Configuration.deprecation (Configuration.java:warnOnceIfDeprecated(1049)) - session.id is deprecated. Instead, use dfs.metrics.session-id
2021-03-09 15:43:44,767 INFO  [main] jvm.JvmMetrics (JvmMetrics.java:init(76)) - Initializing JVM Metrics with processName=JobTracker, sessionId=
2021-03-09 15:43:44,945 WARN  [main] mapreduce.JobSubmitter (JobSubmitter.java:copyAndConfigureFiles(153)) - Hadoop command-line option parsing not performed. Implement the Tool interface and execute your application with ToolRunner to remedy this.
2021-03-09 15:43:44,980 INFO  [main] input.FileInputFormat (FileInputFormat.java:listStatus(281)) - Total input paths to process : 1
2021-03-09 15:43:45,001 INFO  [main] mapreduce.JobSubmitter (JobSubmitter.java:submitJobInternal(494)) - number of splits:1
2021-03-09 15:43:45,139 INFO  [main] mapreduce.JobSubmitter (JobSubmitter.java:printTokens(583)) - Submitting tokens for job: job_local1754115286_0001
2021-03-09 15:43:45,370 INFO  [main] mapreduce.Job (Job.java:submit(1300)) - The url to track the job: http://localhost:8080/
2021-03-09 15:43:45,371 INFO  [main] mapreduce.Job (Job.java:monitorAndPrintJob(1345)) - Running job: job_local1754115286_0001
2021-03-09 15:43:45,373 INFO  [Thread-3] mapred.LocalJobRunner (LocalJobRunner.java:createOutputCommitter(471)) - OutputCommitter set in config null
2021-03-09 15:43:45,391 INFO  [Thread-3] mapred.LocalJobRunner (LocalJobRunner.java:createOutputCommitter(489)) - OutputCommitter is org.apache.hadoop.mapreduce.lib.output.FileOutputCommitter
2021-03-09 15:43:45,815 INFO  [Thread-3] mapred.LocalJobRunner (LocalJobRunner.java:runTasks(448)) - Waiting for map tasks
2021-03-09 15:43:45,817 INFO  [LocalJobRunner Map Task Executor #0] mapred.LocalJobRunner (LocalJobRunner.java:run(224)) - Starting task: attempt_local1754115286_0001_m_000000_0
2021-03-09 15:43:46,093 INFO  [LocalJobRunner Map Task Executor #0] mapred.Task (Task.java:initialize(587)) -  Using ResourceCalculatorProcessTree : [ ]
2021-03-09 15:43:46,095 INFO  [LocalJobRunner Map Task Executor #0] mapred.MapTask (MapTask.java:runNewMapper(753)) - Processing split: file:/home/dxt5888/project2/small-twitter.csv:0+194759
2021-03-09 15:43:46,186 INFO  [LocalJobRunner Map Task Executor #0] mapred.MapTask (MapTask.java:setEquator(1202)) - (EQUATOR) 0 kvi 26214396(104857584)
2021-03-09 15:43:46,186 INFO  [LocalJobRunner Map Task Executor #0] mapred.MapTask (MapTask.java:init(995)) - mapreduce.task.io.sort.mb: 100
2021-03-09 15:43:46,189 INFO  [LocalJobRunner Map Task Executor #0] mapred.MapTask (MapTask.java:init(996)) - soft limit at 83886080
2021-03-09 15:43:46,189 INFO  [LocalJobRunner Map Task Executor #0] mapred.MapTask (MapTask.java:init(997)) - bufstart = 0; bufvoid = 104857600
2021-03-09 15:43:46,189 INFO  [LocalJobRunner Map Task Executor #0] mapred.MapTask (MapTask.java:init(998)) - kvstart = 26214396; length = 6553600
2021-03-09 15:43:46,196 INFO  [LocalJobRunner Map Task Executor #0] mapred.MapTask (MapTask.java:createSortingCollector(402)) - Map output collector class = org.apache.hadoop.mapred.MapTask$MapOutputBuffer
2021-03-09 15:43:46,372 INFO  [main] mapreduce.Job (Job.java:monitorAndPrintJob(1366)) - Job job_local1754115286_0001 running in uber mode : false
2021-03-09 15:43:46,373 INFO  [main] mapreduce.Job (Job.java:monitorAndPrintJob(1373)) -  map 0% reduce 0%
2021-03-09 15:43:47,228 INFO  [LocalJobRunner Map Task Executor #0] mapred.LocalJobRunner (LocalJobRunner.java:statusUpdate(591)) - 
2021-03-09 15:43:47,229 INFO  [LocalJobRunner Map Task Executor #0] mapred.MapTask (MapTask.java:flush(1457)) - Starting flush of map output
2021-03-09 15:43:47,229 INFO  [LocalJobRunner Map Task Executor #0] mapred.MapTask (MapTask.java:flush(1475)) - Spilling map output
2021-03-09 15:43:47,229 INFO  [LocalJobRunner Map Task Executor #0] mapred.MapTask (MapTask.java:flush(1476)) - bufstart = 0; bufend = 80000; bufvoid = 104857600
2021-03-09 15:43:47,229 INFO  [LocalJobRunner Map Task Executor #0] mapred.MapTask (MapTask.java:flush(1478)) - kvstart = 26214396(104857584); kvend = 26174400(104697600); length = 39997/6553600
2021-03-09 15:43:47,368 INFO  [LocalJobRunner Map Task Executor #0] mapred.MapTask (MapTask.java:sortAndSpill(1660)) - Finished spill 0
2021-03-09 15:43:47,378 INFO  [LocalJobRunner Map Task Executor #0] mapred.Task (Task.java:done(1001)) - Task:attempt_local1754115286_0001_m_000000_0 is done. And is in the process of committing
2021-03-09 15:43:47,398 INFO  [LocalJobRunner Map Task Executor #0] mapred.LocalJobRunner (LocalJobRunner.java:statusUpdate(591)) - map
2021-03-09 15:43:47,398 INFO  [LocalJobRunner Map Task Executor #0] mapred.Task (Task.java:sendDone(1121)) - Task 'attempt_local1754115286_0001_m_000000_0' done.
2021-03-09 15:43:47,398 INFO  [LocalJobRunner Map Task Executor #0] mapred.LocalJobRunner (LocalJobRunner.java:run(249)) - Finishing task: attempt_local1754115286_0001_m_000000_0
2021-03-09 15:43:47,399 INFO  [Thread-3] mapred.LocalJobRunner (LocalJobRunner.java:runTasks(456)) - map task executor complete.
2021-03-09 15:43:47,413 INFO  [Thread-3] mapred.LocalJobRunner (LocalJobRunner.java:runTasks(448)) - Waiting for reduce tasks
2021-03-09 15:43:47,413 INFO  [pool-3-thread-1] mapred.LocalJobRunner (LocalJobRunner.java:run(302)) - Starting task: attempt_local1754115286_0001_r_000000_0
2021-03-09 15:43:47,424 INFO  [pool-3-thread-1] mapred.Task (Task.java:initialize(587)) -  Using ResourceCalculatorProcessTree : [ ]
2021-03-09 15:43:47,426 INFO  [pool-3-thread-1] mapred.ReduceTask (ReduceTask.java:run(362)) - Using ShuffleConsumerPlugin: org.apache.hadoop.mapreduce.task.reduce.Shuffle@67f2a024
2021-03-09 15:43:47,456 INFO  [pool-3-thread-1] reduce.MergeManagerImpl (MergeManagerImpl.java:<init>(196)) - MergerManager: memoryLimit=709551680, maxSingleShuffleLimit=177387920, mergeThreshold=468304128, ioSortFactor=10, memToMemMergeOutputsThreshold=10
2021-03-09 15:43:47,472 INFO  [EventFetcher for fetching Map Completion Events] reduce.EventFetcher (EventFetcher.java:run(61)) - attempt_local1754115286_0001_r_000000_0 Thread started: EventFetcher for fetching Map Completion Events
2021-03-09 15:43:47,532 INFO  [localfetcher#1] reduce.LocalFetcher (LocalFetcher.java:copyMapOutput(141)) - localfetcher#1 about to shuffle output of map attempt_local1754115286_0001_m_000000_0 decomp: 91912 len: 91916 to MEMORY
2021-03-09 15:43:47,564 INFO  [localfetcher#1] reduce.InMemoryMapOutput (InMemoryMapOutput.java:shuffle(100)) - Read 91912 bytes from map-output for attempt_local1754115286_0001_m_000000_0
2021-03-09 15:43:47,583 INFO  [localfetcher#1] reduce.MergeManagerImpl (MergeManagerImpl.java:closeInMemoryFile(314)) - closeInMemoryFile -> map-output of size: 91912, inMemoryMapOutputs.size() -> 1, commitMemory -> 0, usedMemory ->91912
2021-03-09 15:43:47,586 INFO  [EventFetcher for fetching Map Completion Events] reduce.EventFetcher (EventFetcher.java:run(76)) - EventFetcher is interrupted.. Returning
2021-03-09 15:43:47,587 INFO  [pool-3-thread-1] mapred.LocalJobRunner (LocalJobRunner.java:statusUpdate(591)) - 1 / 1 copied.
2021-03-09 15:43:47,587 INFO  [pool-3-thread-1] reduce.MergeManagerImpl (MergeManagerImpl.java:finalMerge(674)) - finalMerge called with 1 in-memory map-outputs and 0 on-disk map-outputs
2021-03-09 15:43:47,592 INFO  [pool-3-thread-1] mapred.Merger (Merger.java:merge(597)) - Merging 1 sorted segments
2021-03-09 15:43:47,592 INFO  [pool-3-thread-1] mapred.Merger (Merger.java:merge(696)) - Down to the last merge-pass, with 1 segments left of total size: 91906 bytes
2021-03-09 15:43:47,621 INFO  [pool-3-thread-1] reduce.MergeManagerImpl (MergeManagerImpl.java:finalMerge(751)) - Merged 1 segments, 91912 bytes to disk to satisfy reduce memory limit
2021-03-09 15:43:47,622 INFO  [pool-3-thread-1] reduce.MergeManagerImpl (MergeManagerImpl.java:finalMerge(781)) - Merging 1 files, 91916 bytes from disk
2021-03-09 15:43:47,622 INFO  [pool-3-thread-1] reduce.MergeManagerImpl (MergeManagerImpl.java:finalMerge(796)) - Merging 0 segments, 0 bytes from memory into reduce
2021-03-09 15:43:47,623 INFO  [pool-3-thread-1] mapred.Merger (Merger.java:merge(597)) - Merging 1 sorted segments
2021-03-09 15:43:47,623 INFO  [pool-3-thread-1] mapred.Merger (Merger.java:merge(696)) - Down to the last merge-pass, with 1 segments left of total size: 91906 bytes
2021-03-09 15:43:47,624 INFO  [pool-3-thread-1] mapred.LocalJobRunner (LocalJobRunner.java:statusUpdate(591)) - 1 / 1 copied.
2021-03-09 15:43:47,977 INFO  [pool-3-thread-1] Configuration.deprecation (Configuration.java:warnOnceIfDeprecated(1049)) - mapred.skip.on is deprecated. Instead, use mapreduce.job.skiprecords
2021-03-09 15:43:48,165 INFO  [pool-3-thread-1] mapred.Task (Task.java:done(1001)) - Task:attempt_local1754115286_0001_r_000000_0 is done. And is in the process of committing
2021-03-09 15:43:48,167 INFO  [pool-3-thread-1] mapred.LocalJobRunner (LocalJobRunner.java:statusUpdate(591)) - 1 / 1 copied.
2021-03-09 15:43:48,167 INFO  [pool-3-thread-1] mapred.Task (Task.java:commit(1162)) - Task attempt_local1754115286_0001_r_000000_0 is allowed to commit now
2021-03-09 15:43:48,224 INFO  [pool-3-thread-1] output.FileOutputCommitter (FileOutputCommitter.java:commitTask(439)) - Saved output of task 'attempt_local1754115286_0001_r_000000_0' to file:/home/dxt5888/project2/temp/_temporary/0/task_local1754115286_0001_r_000000
2021-03-09 15:43:48,225 INFO  [pool-3-thread-1] mapred.LocalJobRunner (LocalJobRunner.java:statusUpdate(591)) - reduce > reduce
2021-03-09 15:43:48,225 INFO  [pool-3-thread-1] mapred.Task (Task.java:sendDone(1121)) - Task 'attempt_local1754115286_0001_r_000000_0' done.
2021-03-09 15:43:48,225 INFO  [pool-3-thread-1] mapred.LocalJobRunner (LocalJobRunner.java:run(325)) - Finishing task: attempt_local1754115286_0001_r_000000_0
2021-03-09 15:43:48,225 INFO  [Thread-3] mapred.LocalJobRunner (LocalJobRunner.java:runTasks(456)) - reduce task executor complete.
2021-03-09 15:43:48,375 INFO  [main] mapreduce.Job (Job.java:monitorAndPrintJob(1373)) -  map 100% reduce 100%
2021-03-09 15:43:50,376 INFO  [main] mapreduce.Job (Job.java:monitorAndPrintJob(1384)) - Job job_local1754115286_0001 completed successfully
2021-03-09 15:43:50,387 INFO  [main] mapreduce.Job (Job.java:monitorAndPrintJob(1391)) - Counters: 33
	File System Counters
		FILE: Number of bytes read=585646
		FILE: Number of bytes written=904580
		FILE: Number of read operations=0
		FILE: Number of large read operations=0
		FILE: Number of write operations=0
	Map-Reduce Framework
		Map input records=10000
		Map output records=10000
		Map output bytes=80000
		Map output materialized bytes=91916
		Input split bytes=110
		Combine input records=10000
		Combine output records=9191
		Reduce input groups=9191
		Reduce shuffle bytes=91916
		Reduce input records=9191
		Reduce output records=9191
		Spilled Records=18382
		Shuffled Maps =1
		Failed Shuffles=0
		Merged Map outputs=1
		GC time elapsed (ms)=38
		CPU time spent (ms)=0
		Physical memory (bytes) snapshot=0
		Virtual memory (bytes) snapshot=0
		Total committed heap usage (bytes)=372252672
	Shuffle Errors
		BAD_ID=0
		CONNECTION=0
		IO_ERROR=0
		WRONG_LENGTH=0
		WRONG_MAP=0
		WRONG_REDUCE=0
	File Input Format Counters 
		Bytes Read=194759
	File Output Format Counters 
		Bytes Written=106332
2021-03-09 15:43:50,412 INFO  [main] jvm.JvmMetrics (JvmMetrics.java:init(71)) - Cannot initialize JVM Metrics with processName=JobTracker, sessionId= - already initialized
2021-03-09 15:43:50,419 WARN  [main] mapreduce.JobSubmitter (JobSubmitter.java:copyAndConfigureFiles(153)) - Hadoop command-line option parsing not performed. Implement the Tool interface and execute your application with ToolRunner to remedy this.
2021-03-09 15:43:50,580 INFO  [main] input.FileInputFormat (FileInputFormat.java:listStatus(281)) - Total input paths to process : 1
2021-03-09 15:43:50,582 INFO  [main] mapreduce.JobSubmitter (JobSubmitter.java:submitJobInternal(494)) - number of splits:1
2021-03-09 15:43:50,594 INFO  [main] mapreduce.JobSubmitter (JobSubmitter.java:printTokens(583)) - Submitting tokens for job: job_local219801277_0002
2021-03-09 15:43:50,726 INFO  [main] mapreduce.Job (Job.java:submit(1300)) - The url to track the job: http://localhost:8080/
2021-03-09 15:43:50,726 INFO  [main] mapreduce.Job (Job.java:monitorAndPrintJob(1345)) - Running job: job_local219801277_0002
2021-03-09 15:43:50,727 INFO  [Thread-14] mapred.LocalJobRunner (LocalJobRunner.java:createOutputCommitter(471)) - OutputCommitter set in config null
2021-03-09 15:43:50,728 INFO  [Thread-14] mapred.LocalJobRunner (LocalJobRunner.java:createOutputCommitter(489)) - OutputCommitter is org.apache.hadoop.mapreduce.lib.output.FileOutputCommitter
2021-03-09 15:43:51,168 INFO  [Thread-14] mapred.LocalJobRunner (LocalJobRunner.java:runTasks(448)) - Waiting for map tasks
2021-03-09 15:43:51,168 INFO  [LocalJobRunner Map Task Executor #0] mapred.LocalJobRunner (LocalJobRunner.java:run(224)) - Starting task: attempt_local219801277_0002_m_000000_0
2021-03-09 15:43:51,170 INFO  [LocalJobRunner Map Task Executor #0] mapred.Task (Task.java:initialize(587)) -  Using ResourceCalculatorProcessTree : [ ]
2021-03-09 15:43:51,170 INFO  [LocalJobRunner Map Task Executor #0] mapred.MapTask (MapTask.java:runNewMapper(753)) - Processing split: file:/home/dxt5888/project2/temp/part-r-00000:0+105496
2021-03-09 15:43:51,232 INFO  [LocalJobRunner Map Task Executor #0] mapred.MapTask (MapTask.java:setEquator(1202)) - (EQUATOR) 0 kvi 26214396(104857584)
2021-03-09 15:43:51,232 INFO  [LocalJobRunner Map Task Executor #0] mapred.MapTask (MapTask.java:init(995)) - mapreduce.task.io.sort.mb: 100
2021-03-09 15:43:51,232 INFO  [LocalJobRunner Map Task Executor #0] mapred.MapTask (MapTask.java:init(996)) - soft limit at 83886080
2021-03-09 15:43:51,232 INFO  [LocalJobRunner Map Task Executor #0] mapred.MapTask (MapTask.java:init(997)) - bufstart = 0; bufvoid = 104857600
2021-03-09 15:43:51,233 INFO  [LocalJobRunner Map Task Executor #0] mapred.MapTask (MapTask.java:init(998)) - kvstart = 26214396; length = 6553600
2021-03-09 15:43:51,245 INFO  [LocalJobRunner Map Task Executor #0] mapred.MapTask (MapTask.java:createSortingCollector(402)) - Map output collector class = org.apache.hadoop.mapred.MapTask$MapOutputBuffer
2021-03-09 15:43:51,726 INFO  [main] mapreduce.Job (Job.java:monitorAndPrintJob(1366)) - Job job_local219801277_0002 running in uber mode : false
2021-03-09 15:43:51,727 INFO  [main] mapreduce.Job (Job.java:monitorAndPrintJob(1373)) -  map 0% reduce 0%
2021-03-09 15:43:51,836 INFO  [LocalJobRunner Map Task Executor #0] mapred.LocalJobRunner (LocalJobRunner.java:statusUpdate(591)) - 
2021-03-09 15:43:51,863 INFO  [LocalJobRunner Map Task Executor #0] mapred.MapTask (MapTask.java:flush(1457)) - Starting flush of map output
2021-03-09 15:43:51,863 INFO  [LocalJobRunner Map Task Executor #0] mapred.MapTask (MapTask.java:flush(1475)) - Spilling map output
2021-03-09 15:43:51,863 INFO  [LocalJobRunner Map Task Executor #0] mapred.MapTask (MapTask.java:flush(1476)) - bufstart = 0; bufend = 56; bufvoid = 104857600
2021-03-09 15:43:51,863 INFO  [LocalJobRunner Map Task Executor #0] mapred.MapTask (MapTask.java:flush(1478)) - kvstart = 26214396(104857584); kvend = 26214372(104857488); length = 25/6553600
2021-03-09 15:43:51,864 INFO  [LocalJobRunner Map Task Executor #0] mapred.MapTask (MapTask.java:sortAndSpill(1660)) - Finished spill 0
2021-03-09 15:43:51,866 INFO  [LocalJobRunner Map Task Executor #0] mapred.Task (Task.java:done(1001)) - Task:attempt_local219801277_0002_m_000000_0 is done. And is in the process of committing
2021-03-09 15:43:51,868 INFO  [LocalJobRunner Map Task Executor #0] mapred.LocalJobRunner (LocalJobRunner.java:statusUpdate(591)) - map
2021-03-09 15:43:51,868 INFO  [LocalJobRunner Map Task Executor #0] mapred.Task (Task.java:sendDone(1121)) - Task 'attempt_local219801277_0002_m_000000_0' done.
2021-03-09 15:43:51,869 INFO  [LocalJobRunner Map Task Executor #0] mapred.LocalJobRunner (LocalJobRunner.java:run(249)) - Finishing task: attempt_local219801277_0002_m_000000_0
2021-03-09 15:43:51,869 INFO  [Thread-14] mapred.LocalJobRunner (LocalJobRunner.java:runTasks(456)) - map task executor complete.
2021-03-09 15:43:51,882 INFO  [Thread-14] mapred.LocalJobRunner (LocalJobRunner.java:runTasks(448)) - Waiting for reduce tasks
2021-03-09 15:43:51,882 INFO  [pool-8-thread-1] mapred.LocalJobRunner (LocalJobRunner.java:run(302)) - Starting task: attempt_local219801277_0002_r_000000_0
2021-03-09 15:43:51,892 INFO  [pool-8-thread-1] mapred.Task (Task.java:initialize(587)) -  Using ResourceCalculatorProcessTree : [ ]
2021-03-09 15:43:51,893 INFO  [pool-8-thread-1] mapred.ReduceTask (ReduceTask.java:run(362)) - Using ShuffleConsumerPlugin: org.apache.hadoop.mapreduce.task.reduce.Shuffle@42e253f6
2021-03-09 15:43:51,893 INFO  [pool-8-thread-1] reduce.MergeManagerImpl (MergeManagerImpl.java:<init>(196)) - MergerManager: memoryLimit=709551680, maxSingleShuffleLimit=177387920, mergeThreshold=468304128, ioSortFactor=10, memToMemMergeOutputsThreshold=10
2021-03-09 15:43:51,913 INFO  [EventFetcher for fetching Map Completion Events] reduce.EventFetcher (EventFetcher.java:run(61)) - attempt_local219801277_0002_r_000000_0 Thread started: EventFetcher for fetching Map Completion Events
2021-03-09 15:43:51,915 INFO  [localfetcher#2] reduce.LocalFetcher (LocalFetcher.java:copyMapOutput(141)) - localfetcher#2 about to shuffle output of map attempt_local219801277_0002_m_000000_0 decomp: 72 len: 76 to MEMORY
2021-03-09 15:43:51,915 INFO  [localfetcher#2] reduce.InMemoryMapOutput (InMemoryMapOutput.java:shuffle(100)) - Read 72 bytes from map-output for attempt_local219801277_0002_m_000000_0
2021-03-09 15:43:51,916 INFO  [localfetcher#2] reduce.MergeManagerImpl (MergeManagerImpl.java:closeInMemoryFile(314)) - closeInMemoryFile -> map-output of size: 72, inMemoryMapOutputs.size() -> 1, commitMemory -> 0, usedMemory ->72
2021-03-09 15:43:51,924 INFO  [EventFetcher for fetching Map Completion Events] reduce.EventFetcher (EventFetcher.java:run(76)) - EventFetcher is interrupted.. Returning
2021-03-09 15:43:51,925 INFO  [pool-8-thread-1] mapred.LocalJobRunner (LocalJobRunner.java:statusUpdate(591)) - 1 / 1 copied.
2021-03-09 15:43:51,925 INFO  [pool-8-thread-1] reduce.MergeManagerImpl (MergeManagerImpl.java:finalMerge(674)) - finalMerge called with 1 in-memory map-outputs and 0 on-disk map-outputs
2021-03-09 15:43:51,925 INFO  [pool-8-thread-1] mapred.Merger (Merger.java:merge(597)) - Merging 1 sorted segments
2021-03-09 15:43:51,926 INFO  [pool-8-thread-1] mapred.Merger (Merger.java:merge(696)) - Down to the last merge-pass, with 1 segments left of total size: 66 bytes
2021-03-09 15:43:51,932 INFO  [pool-8-thread-1] reduce.MergeManagerImpl (MergeManagerImpl.java:finalMerge(751)) - Merged 1 segments, 72 bytes to disk to satisfy reduce memory limit
2021-03-09 15:43:51,933 INFO  [pool-8-thread-1] reduce.MergeManagerImpl (MergeManagerImpl.java:finalMerge(781)) - Merging 1 files, 76 bytes from disk
2021-03-09 15:43:51,933 INFO  [pool-8-thread-1] reduce.MergeManagerImpl (MergeManagerImpl.java:finalMerge(796)) - Merging 0 segments, 0 bytes from memory into reduce
2021-03-09 15:43:51,933 INFO  [pool-8-thread-1] mapred.Merger (Merger.java:merge(597)) - Merging 1 sorted segments
2021-03-09 15:43:51,933 INFO  [pool-8-thread-1] mapred.Merger (Merger.java:merge(696)) - Down to the last merge-pass, with 1 segments left of total size: 66 bytes
2021-03-09 15:43:51,933 INFO  [pool-8-thread-1] mapred.LocalJobRunner (LocalJobRunner.java:statusUpdate(591)) - 1 / 1 copied.
2021-03-09 15:43:51,935 WARN  [Readahead Thread #2] io.ReadaheadPool (ReadaheadPool.java:run(214)) - Failed readahead on ifile
EBADF: Bad file descriptor
	at org.apache.hadoop.io.nativeio.NativeIO$POSIX.posix_fadvise(Native Method)
	at org.apache.hadoop.io.nativeio.NativeIO$POSIX.posixFadviseIfPossible(NativeIO.java:267)
	at org.apache.hadoop.io.nativeio.NativeIO$POSIX$CacheManipulator.posixFadviseIfPossible(NativeIO.java:146)
	at org.apache.hadoop.io.ReadaheadPool$ReadaheadRequestImpl.run(ReadaheadPool.java:206)
	at java.util.concurrent.ThreadPoolExecutor.runWorker(ThreadPoolExecutor.java:1149)
	at java.util.concurrent.ThreadPoolExecutor$Worker.run(ThreadPoolExecutor.java:624)
	at java.lang.Thread.run(Thread.java:748)
2021-03-09 15:43:52,727 INFO  [main] mapreduce.Job (Job.java:monitorAndPrintJob(1373)) -  map 100% reduce 0%
2021-03-09 15:43:52,869 INFO  [pool-8-thread-1] mapred.Task (Task.java:done(1001)) - Task:attempt_local219801277_0002_r_000000_0 is done. And is in the process of committing
2021-03-09 15:43:52,870 INFO  [pool-8-thread-1] mapred.LocalJobRunner (LocalJobRunner.java:statusUpdate(591)) - 1 / 1 copied.
2021-03-09 15:43:52,870 INFO  [pool-8-thread-1] mapred.Task (Task.java:commit(1162)) - Task attempt_local219801277_0002_r_000000_0 is allowed to commit now
2021-03-09 15:43:53,342 INFO  [pool-8-thread-1] output.FileOutputCommitter (FileOutputCommitter.java:commitTask(439)) - Saved output of task 'attempt_local219801277_0002_r_000000_0' to file:/home/dxt5888/project2/output/_temporary/0/task_local219801277_0002_r_000000
2021-03-09 15:43:53,344 INFO  [pool-8-thread-1] mapred.LocalJobRunner (LocalJobRunner.java:statusUpdate(591)) - reduce > reduce
2021-03-09 15:43:53,344 INFO  [pool-8-thread-1] mapred.Task (Task.java:sendDone(1121)) - Task 'attempt_local219801277_0002_r_000000_0' done.
2021-03-09 15:43:53,344 INFO  [pool-8-thread-1] mapred.LocalJobRunner (LocalJobRunner.java:run(325)) - Finishing task: attempt_local219801277_0002_r_000000_0
2021-03-09 15:43:53,345 INFO  [Thread-14] mapred.LocalJobRunner (LocalJobRunner.java:runTasks(456)) - reduce task executor complete.
2021-03-09 15:43:53,728 INFO  [main] mapreduce.Job (Job.java:monitorAndPrintJob(1373)) -  map 100% reduce 100%
2021-03-09 15:43:55,729 INFO  [main] mapreduce.Job (Job.java:monitorAndPrintJob(1384)) - Job job_local219801277_0002 completed successfully
2021-03-09 15:43:55,736 INFO  [main] mapreduce.Job (Job.java:monitorAndPrintJob(1391)) - Counters: 33
	File System Counters
		FILE: Number of bytes read=994638
		FILE: Number of bytes written=1622095
		FILE: Number of read operations=0
		FILE: Number of large read operations=0
		FILE: Number of write operations=0
	Map-Reduce Framework
		Map input records=9191
		Map output records=7
		Map output bytes=56
		Map output materialized bytes=76
		Input split bytes=110
		Combine input records=0
		Combine output records=0
		Reduce input groups=7
		Reduce shuffle bytes=76
		Reduce input records=7
		Reduce output records=7
		Spilled Records=14
		Shuffled Maps =1
		Failed Shuffles=0
		Merged Map outputs=1
		GC time elapsed (ms)=24
		CPU time spent (ms)=0
		Physical memory (bytes) snapshot=0
		Virtual memory (bytes) snapshot=0
		Total committed heap usage (bytes)=466624512
	Shuffle Errors
		BAD_ID=0
		CONNECTION=0
		IO_ERROR=0
		WRONG_LENGTH=0
		WRONG_MAP=0
		WRONG_REDUCE=0
	File Input Format Counters 
		Bytes Read=106340
	File Output Format Counters 
		Bytes Written=47
