Using Spark's default log4j profile: org/apache/spark/log4j-defaults.properties
21/04/08 21:39:08 INFO SparkContext: Running Spark version 1.5.2
21/04/08 21:39:08 WARN NativeCodeLoader: Unable to load native-hadoop library for your platform... using builtin-java classes where applicable
21/04/08 21:39:09 INFO SecurityManager: Changing view acls to: dxt5888
21/04/08 21:39:09 INFO SecurityManager: Changing modify acls to: dxt5888
21/04/08 21:39:09 INFO SecurityManager: SecurityManager: authentication disabled; ui acls disabled; users with view permissions: Set(dxt5888); users with modify permissions: Set(dxt5888)
21/04/08 21:39:09 INFO Slf4jLogger: Slf4jLogger started
21/04/08 21:39:09 INFO Remoting: Starting remoting
21/04/08 21:39:09 INFO Remoting: Remoting started; listening on addresses :[akka.tcp://sparkDriver@198.202.114.55:45490]
21/04/08 21:39:09 INFO Utils: Successfully started service 'sparkDriver' on port 45490.
21/04/08 21:39:09 INFO SparkEnv: Registering MapOutputTracker
21/04/08 21:39:09 INFO SparkEnv: Registering BlockManagerMaster
21/04/08 21:39:09 INFO DiskBlockManager: Created local directory at /tmp/blockmgr-e70cf768-bfb1-49de-a0fe-2057948a72cb
21/04/08 21:39:09 INFO MemoryStore: MemoryStore started with capacity 530.0 MB
21/04/08 21:39:09 INFO HttpFileServer: HTTP File server directory is /tmp/spark-61867361-4884-4a3f-ae20-da2d940b35b9/httpd-aff124e1-1538-4d6f-b22b-5fbcfe4103f8
21/04/08 21:39:09 INFO HttpServer: Starting HTTP Server
21/04/08 21:39:10 INFO Utils: Successfully started service 'HTTP file server' on port 41752.
21/04/08 21:39:10 INFO SparkEnv: Registering OutputCommitCoordinator
21/04/08 21:39:10 INFO Utils: Successfully started service 'SparkUI' on port 4040.
21/04/08 21:39:10 INFO SparkUI: Started SparkUI at http://198.202.114.55:4040
21/04/08 21:39:10 INFO SparkContext: Added JAR file:/home/dxt5888/project5/graph.jar at http://198.202.114.55:41752/jars/graph.jar with timestamp 1617943150238
21/04/08 21:39:10 WARN MetricsSystem: Using default name DAGScheduler for source because spark.app.id is not set.
21/04/08 21:39:10 INFO Executor: Starting executor ID driver on host localhost
21/04/08 21:39:10 INFO Utils: Successfully started service 'org.apache.spark.network.netty.NettyBlockTransferService' on port 38213.
21/04/08 21:39:10 INFO NettyBlockTransferService: Server created on 38213
21/04/08 21:39:10 INFO BlockManagerMaster: Trying to register BlockManager
21/04/08 21:39:10 INFO BlockManagerMasterEndpoint: Registering block manager localhost:38213 with 530.0 MB RAM, BlockManagerId(driver, localhost, 38213)
21/04/08 21:39:10 INFO BlockManagerMaster: Registered BlockManager
21/04/08 21:39:11 INFO MemoryStore: ensureFreeSpace(120040) called with curMem=0, maxMem=555755765
21/04/08 21:39:11 INFO MemoryStore: Block broadcast_0 stored as values in memory (estimated size 117.2 KB, free 529.9 MB)
21/04/08 21:39:11 INFO MemoryStore: ensureFreeSpace(12673) called with curMem=120040, maxMem=555755765
21/04/08 21:39:11 INFO MemoryStore: Block broadcast_0_piece0 stored as bytes in memory (estimated size 12.4 KB, free 529.9 MB)
21/04/08 21:39:11 INFO BlockManagerInfo: Added broadcast_0_piece0 in memory on localhost:38213 (size: 12.4 KB, free: 530.0 MB)
21/04/08 21:39:11 INFO SparkContext: Created broadcast 0 from textFile at Graph.scala:20
21/04/08 21:39:11 INFO FileInputFormat: Total input paths to process : 1
21/04/08 21:39:11 INFO SparkContext: Starting job: collect at Graph.scala:90
21/04/08 21:39:11 INFO DAGScheduler: Registering RDD 2 (map at Graph.scala:20)
21/04/08 21:39:11 INFO DAGScheduler: Registering RDD 2 (map at Graph.scala:20)
21/04/08 21:39:11 INFO DAGScheduler: Registering RDD 4 (map at Graph.scala:27)
21/04/08 21:39:11 INFO DAGScheduler: Registering RDD 8 (flatMap at Graph.scala:44)
21/04/08 21:39:11 INFO DAGScheduler: Got job 0 (collect at Graph.scala:90) with 2 output partitions
21/04/08 21:39:11 INFO DAGScheduler: Final stage: ResultStage 4(collect at Graph.scala:90)
21/04/08 21:39:11 INFO DAGScheduler: Parents of final stage: List(ShuffleMapStage 3)
21/04/08 21:39:11 INFO DAGScheduler: Missing parents: List(ShuffleMapStage 3)
21/04/08 21:39:11 INFO DAGScheduler: Submitting ShuffleMapStage 1 (MapPartitionsRDD[2] at map at Graph.scala:20), which has no missing parents
21/04/08 21:39:11 INFO MemoryStore: ensureFreeSpace(3536) called with curMem=132713, maxMem=555755765
21/04/08 21:39:11 INFO MemoryStore: Block broadcast_1 stored as values in memory (estimated size 3.5 KB, free 529.9 MB)
21/04/08 21:39:11 INFO MemoryStore: ensureFreeSpace(2083) called with curMem=136249, maxMem=555755765
21/04/08 21:39:11 INFO MemoryStore: Block broadcast_1_piece0 stored as bytes in memory (estimated size 2.0 KB, free 529.9 MB)
21/04/08 21:39:11 INFO BlockManagerInfo: Added broadcast_1_piece0 in memory on localhost:38213 (size: 2.0 KB, free: 530.0 MB)
21/04/08 21:39:11 INFO SparkContext: Created broadcast 1 from broadcast at DAGScheduler.scala:861
21/04/08 21:39:11 INFO DAGScheduler: Submitting 2 missing tasks from ShuffleMapStage 1 (MapPartitionsRDD[2] at map at Graph.scala:20)
21/04/08 21:39:11 INFO TaskSchedulerImpl: Adding task set 1.0 with 2 tasks
21/04/08 21:39:11 INFO DAGScheduler: Submitting ShuffleMapStage 0 (MapPartitionsRDD[2] at map at Graph.scala:20), which has no missing parents
21/04/08 21:39:11 INFO MemoryStore: ensureFreeSpace(4616) called with curMem=138332, maxMem=555755765
21/04/08 21:39:11 INFO MemoryStore: Block broadcast_2 stored as values in memory (estimated size 4.5 KB, free 529.9 MB)
21/04/08 21:39:11 INFO MemoryStore: ensureFreeSpace(2502) called with curMem=142948, maxMem=555755765
21/04/08 21:39:11 INFO MemoryStore: Block broadcast_2_piece0 stored as bytes in memory (estimated size 2.4 KB, free 529.9 MB)
21/04/08 21:39:11 INFO BlockManagerInfo: Added broadcast_2_piece0 in memory on localhost:38213 (size: 2.4 KB, free: 530.0 MB)
21/04/08 21:39:11 INFO SparkContext: Created broadcast 2 from broadcast at DAGScheduler.scala:861
21/04/08 21:39:11 INFO DAGScheduler: Submitting 2 missing tasks from ShuffleMapStage 0 (MapPartitionsRDD[2] at map at Graph.scala:20)
21/04/08 21:39:11 INFO TaskSchedulerImpl: Adding task set 0.0 with 2 tasks
21/04/08 21:39:11 INFO TaskSetManager: Starting task 0.0 in stage 1.0 (TID 0, localhost, PROCESS_LOCAL, 2193 bytes)
21/04/08 21:39:11 INFO TaskSetManager: Starting task 1.0 in stage 1.0 (TID 1, localhost, PROCESS_LOCAL, 2193 bytes)
21/04/08 21:39:11 INFO Executor: Running task 0.0 in stage 1.0 (TID 0)
21/04/08 21:39:11 INFO Executor: Running task 1.0 in stage 1.0 (TID 1)
21/04/08 21:39:11 INFO Executor: Fetching http://198.202.114.55:41752/jars/graph.jar with timestamp 1617943150238
21/04/08 21:39:11 INFO Utils: Fetching http://198.202.114.55:41752/jars/graph.jar to /tmp/spark-61867361-4884-4a3f-ae20-da2d940b35b9/userFiles-31d609eb-800a-4247-8bea-90c26d44b17b/fetchFileTemp6727087538425636354.tmp
21/04/08 21:39:11 INFO Executor: Adding file:/tmp/spark-61867361-4884-4a3f-ae20-da2d940b35b9/userFiles-31d609eb-800a-4247-8bea-90c26d44b17b/graph.jar to class loader
21/04/08 21:39:11 INFO HadoopRDD: Input split: file:/home/dxt5888/project5/small-graph.csv:18+18
21/04/08 21:39:11 INFO HadoopRDD: Input split: file:/home/dxt5888/project5/small-graph.csv:0+18
21/04/08 21:39:11 INFO deprecation: mapred.tip.id is deprecated. Instead, use mapreduce.task.id
21/04/08 21:39:11 INFO deprecation: mapred.task.id is deprecated. Instead, use mapreduce.task.attempt.id
21/04/08 21:39:11 INFO deprecation: mapred.task.is.map is deprecated. Instead, use mapreduce.task.ismap
21/04/08 21:39:11 INFO deprecation: mapred.task.partition is deprecated. Instead, use mapreduce.task.partition
21/04/08 21:39:11 INFO deprecation: mapred.job.id is deprecated. Instead, use mapreduce.job.id
21/04/08 21:39:12 INFO Executor: Finished task 0.0 in stage 1.0 (TID 0). 2254 bytes result sent to driver
21/04/08 21:39:12 INFO Executor: Finished task 1.0 in stage 1.0 (TID 1). 2254 bytes result sent to driver
21/04/08 21:39:12 INFO TaskSetManager: Starting task 0.0 in stage 0.0 (TID 2, localhost, PROCESS_LOCAL, 2193 bytes)
21/04/08 21:39:12 INFO Executor: Running task 0.0 in stage 0.0 (TID 2)
21/04/08 21:39:12 INFO HadoopRDD: Input split: file:/home/dxt5888/project5/small-graph.csv:0+18
21/04/08 21:39:12 INFO Executor: Finished task 0.0 in stage 0.0 (TID 2). 2254 bytes result sent to driver
21/04/08 21:39:12 INFO TaskSetManager: Starting task 1.0 in stage 0.0 (TID 3, localhost, PROCESS_LOCAL, 2193 bytes)
21/04/08 21:39:12 INFO Executor: Running task 1.0 in stage 0.0 (TID 3)
21/04/08 21:39:12 INFO HadoopRDD: Input split: file:/home/dxt5888/project5/small-graph.csv:18+18
21/04/08 21:39:12 INFO Executor: Finished task 1.0 in stage 0.0 (TID 3). 2254 bytes result sent to driver
21/04/08 21:39:12 INFO TaskSetManager: Finished task 0.0 in stage 1.0 (TID 0) in 450 ms on localhost (1/2)
21/04/08 21:39:12 INFO TaskSetManager: Finished task 1.0 in stage 0.0 (TID 3) in 23 ms on localhost (1/2)
21/04/08 21:39:12 INFO DAGScheduler: ShuffleMapStage 1 (map at Graph.scala:20) finished in 0.452 s
21/04/08 21:39:12 INFO DAGScheduler: looking for newly runnable stages
21/04/08 21:39:12 INFO DAGScheduler: running: Set(ShuffleMapStage 0)
21/04/08 21:39:12 INFO DAGScheduler: waiting: Set(ShuffleMapStage 2, ShuffleMapStage 3, ResultStage 4)
21/04/08 21:39:12 INFO DAGScheduler: failed: Set()
21/04/08 21:39:12 INFO DAGScheduler: Missing parents for ShuffleMapStage 2: List(ShuffleMapStage 0)
21/04/08 21:39:12 INFO DAGScheduler: Missing parents for ShuffleMapStage 3: List(ShuffleMapStage 2)
21/04/08 21:39:12 INFO DAGScheduler: Missing parents for ResultStage 4: List(ShuffleMapStage 3)
21/04/08 21:39:12 INFO TaskSetManager: Finished task 1.0 in stage 1.0 (TID 1) in 433 ms on localhost (2/2)
21/04/08 21:39:12 INFO TaskSchedulerImpl: Removed TaskSet 1.0, whose tasks have all completed, from pool 
21/04/08 21:39:12 INFO TaskSetManager: Finished task 0.0 in stage 0.0 (TID 2) in 59 ms on localhost (2/2)
21/04/08 21:39:12 INFO TaskSchedulerImpl: Removed TaskSet 0.0, whose tasks have all completed, from pool 
21/04/08 21:39:12 INFO DAGScheduler: ShuffleMapStage 0 (map at Graph.scala:20) finished in 0.455 s
21/04/08 21:39:12 INFO DAGScheduler: looking for newly runnable stages
21/04/08 21:39:12 INFO DAGScheduler: running: Set()
21/04/08 21:39:12 INFO DAGScheduler: waiting: Set(ShuffleMapStage 2, ShuffleMapStage 3, ResultStage 4)
21/04/08 21:39:12 INFO DAGScheduler: failed: Set()
21/04/08 21:39:12 INFO DAGScheduler: Missing parents for ShuffleMapStage 2: List()
21/04/08 21:39:12 INFO DAGScheduler: Missing parents for ShuffleMapStage 3: List(ShuffleMapStage 2)
21/04/08 21:39:12 INFO DAGScheduler: Missing parents for ResultStage 4: List(ShuffleMapStage 3)
21/04/08 21:39:12 INFO DAGScheduler: Submitting ShuffleMapStage 2 (MapPartitionsRDD[4] at map at Graph.scala:27), which is now runnable
21/04/08 21:39:12 INFO MemoryStore: ensureFreeSpace(5000) called with curMem=145450, maxMem=555755765
21/04/08 21:39:12 INFO MemoryStore: Block broadcast_3 stored as values in memory (estimated size 4.9 KB, free 529.9 MB)
21/04/08 21:39:12 INFO MemoryStore: ensureFreeSpace(2658) called with curMem=150450, maxMem=555755765
21/04/08 21:39:12 INFO MemoryStore: Block broadcast_3_piece0 stored as bytes in memory (estimated size 2.6 KB, free 529.9 MB)
21/04/08 21:39:12 INFO BlockManagerInfo: Added broadcast_3_piece0 in memory on localhost:38213 (size: 2.6 KB, free: 530.0 MB)
21/04/08 21:39:12 INFO SparkContext: Created broadcast 3 from broadcast at DAGScheduler.scala:861
21/04/08 21:39:12 INFO DAGScheduler: Submitting 2 missing tasks from ShuffleMapStage 2 (MapPartitionsRDD[4] at map at Graph.scala:27)
21/04/08 21:39:12 INFO TaskSchedulerImpl: Adding task set 2.0 with 2 tasks
21/04/08 21:39:12 INFO TaskSetManager: Starting task 0.0 in stage 2.0 (TID 4, localhost, PROCESS_LOCAL, 1942 bytes)
21/04/08 21:39:12 INFO TaskSetManager: Starting task 1.0 in stage 2.0 (TID 5, localhost, PROCESS_LOCAL, 1942 bytes)
21/04/08 21:39:12 INFO Executor: Running task 1.0 in stage 2.0 (TID 5)
21/04/08 21:39:12 INFO Executor: Running task 0.0 in stage 2.0 (TID 4)
21/04/08 21:39:12 INFO ShuffleBlockFetcherIterator: Getting 2 non-empty blocks out of 2 blocks
21/04/08 21:39:12 INFO ShuffleBlockFetcherIterator: Started 0 remote fetches in 7 ms
21/04/08 21:39:12 INFO ShuffleBlockFetcherIterator: Getting 2 non-empty blocks out of 2 blocks
21/04/08 21:39:12 INFO ShuffleBlockFetcherIterator: Started 0 remote fetches in 9 ms
21/04/08 21:39:12 INFO Executor: Finished task 1.0 in stage 2.0 (TID 5). 1375 bytes result sent to driver
21/04/08 21:39:12 INFO TaskSetManager: Finished task 1.0 in stage 2.0 (TID 5) in 57 ms on localhost (1/2)
21/04/08 21:39:12 INFO Executor: Finished task 0.0 in stage 2.0 (TID 4). 1375 bytes result sent to driver
21/04/08 21:39:12 INFO TaskSetManager: Finished task 0.0 in stage 2.0 (TID 4) in 61 ms on localhost (2/2)
21/04/08 21:39:12 INFO DAGScheduler: ShuffleMapStage 2 (map at Graph.scala:27) finished in 0.056 s
21/04/08 21:39:12 INFO TaskSchedulerImpl: Removed TaskSet 2.0, whose tasks have all completed, from pool 
21/04/08 21:39:12 INFO DAGScheduler: looking for newly runnable stages
21/04/08 21:39:12 INFO DAGScheduler: running: Set()
21/04/08 21:39:12 INFO DAGScheduler: waiting: Set(ShuffleMapStage 3, ResultStage 4)
21/04/08 21:39:12 INFO DAGScheduler: failed: Set()
21/04/08 21:39:12 INFO DAGScheduler: Missing parents for ShuffleMapStage 3: List()
21/04/08 21:39:12 INFO DAGScheduler: Missing parents for ResultStage 4: List(ShuffleMapStage 3)
21/04/08 21:39:12 INFO DAGScheduler: Submitting ShuffleMapStage 3 (MapPartitionsRDD[8] at flatMap at Graph.scala:44), which is now runnable
21/04/08 21:39:12 INFO MemoryStore: ensureFreeSpace(3864) called with curMem=153108, maxMem=555755765
21/04/08 21:39:12 INFO MemoryStore: Block broadcast_4 stored as values in memory (estimated size 3.8 KB, free 529.9 MB)
21/04/08 21:39:12 INFO MemoryStore: ensureFreeSpace(1963) called with curMem=156972, maxMem=555755765
21/04/08 21:39:12 INFO MemoryStore: Block broadcast_4_piece0 stored as bytes in memory (estimated size 1963.0 B, free 529.9 MB)
21/04/08 21:39:12 INFO BlockManagerInfo: Added broadcast_4_piece0 in memory on localhost:38213 (size: 1963.0 B, free: 530.0 MB)
21/04/08 21:39:12 INFO SparkContext: Created broadcast 4 from broadcast at DAGScheduler.scala:861
21/04/08 21:39:12 INFO DAGScheduler: Submitting 2 missing tasks from ShuffleMapStage 3 (MapPartitionsRDD[8] at flatMap at Graph.scala:44)
21/04/08 21:39:12 INFO TaskSchedulerImpl: Adding task set 3.0 with 2 tasks
21/04/08 21:39:12 INFO TaskSetManager: Starting task 0.0 in stage 3.0 (TID 6, localhost, PROCESS_LOCAL, 2015 bytes)
21/04/08 21:39:12 INFO TaskSetManager: Starting task 1.0 in stage 3.0 (TID 7, localhost, PROCESS_LOCAL, 2015 bytes)
21/04/08 21:39:12 INFO Executor: Running task 0.0 in stage 3.0 (TID 6)
21/04/08 21:39:12 INFO ShuffleBlockFetcherIterator: Getting 2 non-empty blocks out of 2 blocks
21/04/08 21:39:12 INFO ShuffleBlockFetcherIterator: Started 0 remote fetches in 1 ms
21/04/08 21:39:12 INFO ShuffleBlockFetcherIterator: Getting 2 non-empty blocks out of 2 blocks
21/04/08 21:39:12 INFO ShuffleBlockFetcherIterator: Started 0 remote fetches in 0 ms
21/04/08 21:39:12 INFO Executor: Finished task 0.0 in stage 3.0 (TID 6). 1375 bytes result sent to driver
21/04/08 21:39:12 INFO TaskSetManager: Finished task 0.0 in stage 3.0 (TID 6) in 23 ms on localhost (1/2)
21/04/08 21:39:12 INFO Executor: Running task 1.0 in stage 3.0 (TID 7)
21/04/08 21:39:12 INFO ShuffleBlockFetcherIterator: Getting 2 non-empty blocks out of 2 blocks
21/04/08 21:39:12 INFO ShuffleBlockFetcherIterator: Started 0 remote fetches in 1 ms
21/04/08 21:39:12 INFO ShuffleBlockFetcherIterator: Getting 2 non-empty blocks out of 2 blocks
21/04/08 21:39:12 INFO ShuffleBlockFetcherIterator: Started 0 remote fetches in 0 ms
21/04/08 21:39:12 INFO Executor: Finished task 1.0 in stage 3.0 (TID 7). 1375 bytes result sent to driver
21/04/08 21:39:12 INFO TaskSetManager: Finished task 1.0 in stage 3.0 (TID 7) in 34 ms on localhost (2/2)
21/04/08 21:39:12 INFO DAGScheduler: ShuffleMapStage 3 (flatMap at Graph.scala:44) finished in 0.033 s
21/04/08 21:39:12 INFO TaskSchedulerImpl: Removed TaskSet 3.0, whose tasks have all completed, from pool 
21/04/08 21:39:12 INFO DAGScheduler: looking for newly runnable stages
21/04/08 21:39:12 INFO DAGScheduler: running: Set()
21/04/08 21:39:12 INFO DAGScheduler: waiting: Set(ResultStage 4)
21/04/08 21:39:12 INFO DAGScheduler: failed: Set()
21/04/08 21:39:12 INFO DAGScheduler: Missing parents for ResultStage 4: List()
21/04/08 21:39:12 INFO DAGScheduler: Submitting ResultStage 4 (MapPartitionsRDD[10] at mapValues at Graph.scala:61), which is now runnable
21/04/08 21:39:12 INFO MemoryStore: ensureFreeSpace(4480) called with curMem=158935, maxMem=555755765
21/04/08 21:39:12 INFO MemoryStore: Block broadcast_5 stored as values in memory (estimated size 4.4 KB, free 529.9 MB)
21/04/08 21:39:12 INFO MemoryStore: ensureFreeSpace(2178) called with curMem=163415, maxMem=555755765
21/04/08 21:39:12 INFO MemoryStore: Block broadcast_5_piece0 stored as bytes in memory (estimated size 2.1 KB, free 529.9 MB)
21/04/08 21:39:12 INFO BlockManagerInfo: Added broadcast_5_piece0 in memory on localhost:38213 (size: 2.1 KB, free: 530.0 MB)
21/04/08 21:39:12 INFO SparkContext: Created broadcast 5 from broadcast at DAGScheduler.scala:861
21/04/08 21:39:12 INFO DAGScheduler: Submitting 2 missing tasks from ResultStage 4 (MapPartitionsRDD[10] at mapValues at Graph.scala:61)
21/04/08 21:39:12 INFO TaskSchedulerImpl: Adding task set 4.0 with 2 tasks
21/04/08 21:39:12 INFO TaskSetManager: Starting task 0.0 in stage 4.0 (TID 8, localhost, PROCESS_LOCAL, 1953 bytes)
21/04/08 21:39:12 INFO TaskSetManager: Starting task 1.0 in stage 4.0 (TID 9, localhost, PROCESS_LOCAL, 1953 bytes)
21/04/08 21:39:12 INFO Executor: Running task 1.0 in stage 4.0 (TID 9)
21/04/08 21:39:12 INFO ShuffleBlockFetcherIterator: Getting 2 non-empty blocks out of 2 blocks
21/04/08 21:39:12 INFO Executor: Running task 0.0 in stage 4.0 (TID 8)
21/04/08 21:39:12 INFO ShuffleBlockFetcherIterator: Started 0 remote fetches in 1 ms
21/04/08 21:39:12 INFO ShuffleBlockFetcherIterator: Getting 2 non-empty blocks out of 2 blocks
21/04/08 21:39:12 INFO ShuffleBlockFetcherIterator: Started 0 remote fetches in 0 ms
21/04/08 21:39:12 INFO Executor: Finished task 1.0 in stage 4.0 (TID 9). 1477 bytes result sent to driver
21/04/08 21:39:12 INFO Executor: Finished task 0.0 in stage 4.0 (TID 8). 1413 bytes result sent to driver
21/04/08 21:39:12 INFO TaskSetManager: Finished task 1.0 in stage 4.0 (TID 9) in 18 ms on localhost (1/2)
21/04/08 21:39:12 INFO TaskSetManager: Finished task 0.0 in stage 4.0 (TID 8) in 21 ms on localhost (2/2)
21/04/08 21:39:12 INFO DAGScheduler: ResultStage 4 (collect at Graph.scala:90) finished in 0.021 s
21/04/08 21:39:12 INFO TaskSchedulerImpl: Removed TaskSet 4.0, whose tasks have all completed, from pool 
21/04/08 21:39:12 INFO DAGScheduler: Job 0 finished: collect at Graph.scala:90, took 0.723345 s
(4,(2147483647,6))
(2,(1,777777))
(1,(0,2))
(3,(1,777777))
(7,(2147483647,3))
(5,(2147483647,1))
21/04/08 21:39:12 INFO SparkContext: Invoking stop() from shutdown hook
21/04/08 21:39:12 INFO SparkUI: Stopped Spark web UI at http://198.202.114.55:4040
21/04/08 21:39:12 INFO DAGScheduler: Stopping DAGScheduler
21/04/08 21:39:12 INFO MapOutputTrackerMasterEndpoint: MapOutputTrackerMasterEndpoint stopped!
21/04/08 21:39:12 INFO MemoryStore: MemoryStore cleared
21/04/08 21:39:12 INFO BlockManager: BlockManager stopped
21/04/08 21:39:12 INFO BlockManagerMaster: BlockManagerMaster stopped
21/04/08 21:39:12 INFO OutputCommitCoordinator$OutputCommitCoordinatorEndpoint: OutputCommitCoordinator stopped!
21/04/08 21:39:12 INFO SparkContext: Successfully stopped SparkContext
21/04/08 21:39:12 INFO ShutdownHookManager: Shutdown hook called
21/04/08 21:39:12 INFO RemoteActorRefProvider$RemotingTerminator: Shutting down remote daemon.
21/04/08 21:39:12 INFO RemoteActorRefProvider$RemotingTerminator: Remote daemon shut down; proceeding with flushing remote transports.
21/04/08 21:39:12 INFO ShutdownHookManager: Deleting directory /tmp/spark-61867361-4884-4a3f-ae20-da2d940b35b9
