myHadoop: Setting MH_IPOIB_TRANSFORM='s/\([^.]*\).*$/\1.ibnet/' from myhadoop.conf
myHadoop: Setting MH_SCRATCH_DIR=/scratch/$USER/$SLURM_JOBID from myhadoop.conf
myHadoop: Using HADOOP_HOME=/opt/hadoop/2.6.0
myHadoop: Using MH_SCRATCH_DIR=/scratch/dxt5888/39429396
myHadoop: Using JAVA_HOME=/lib/jvm/java
myHadoop: Generating Hadoop configuration in directory in /home/dxt5888/cometcluster...
myHadoop: Backing up old config dir to /home/dxt5888/cometcluster.12...
cp: cannot create regular file ‘/home/dxt5888/cometcluster/mapred-site.xml’: No such file or directory
cp: cannot create regular file ‘/home/dxt5888/cometcluster/mapred-site.xml.template’: No such file or directory
cp: cannot create regular file ‘/home/dxt5888/cometcluster/slaves’: No such file or directory
cp: cannot create regular file ‘/home/dxt5888/cometcluster/ssl-client.xml.example’: No such file or directory
cp: cannot create regular file ‘/home/dxt5888/cometcluster/ssl-server.xml.example’‘/home/dxt5888/cometcluster’ -> ‘/home/dxt5888/cometcluster.12’
: No such file or directory
cp: cannot create regular file ‘/home/dxt5888/cometcluster/yarn-env.cmd’: No such file or directory
cp: cannot create regular file ‘/home/dxt5888/cometcluster/yarn-env.sh’: No such file or directory
cp: cannot create regular file ‘/home/dxt5888/cometcluster/yarn-site.xml’: No such file or directory
myHadoop: Designating comet-14-01.ibnet as master node (namenode, secondary namenode, and jobtracker)
/opt/hadoop/contrib/myHadoop/bin/myhadoop-configure.sh: line 210: /home/dxt5888/cometcluster/masters: No such file or directory
myHadoop: The following nodes will be slaves (datanode, tasktracer):
comet-14-01.ibnet
comet-14-02.ibnet
2021-05-04 21:08:24,278 INFO  [main] namenode.NameNode (StringUtils.java:startupShutdownMessage(633)) - STARTUP_MSG: 
/************************************************************
STARTUP_MSG: Starting NameNode
STARTUP_MSG:   host = comet-14-01.sdsc.edu/198.202.112.231
STARTUP_MSG:   args = [-format]
STARTUP_MSG:   version = 2.6.0
STARTUP_MSG:   classpath = /home/dxt5888/cometcluster:/opt/hadoop/2.6.0/share/hadoop/common/lib/jersey-core-1.9.jar:/opt/hadoop/2.6.0/share/hadoop/common/lib/api-util-1.0.0-M20.jar:/opt/hadoop/2.6.0/share/hadoop/common/lib/jetty-6.1.26.jar:/opt/hadoop/2.6.0/share/hadoop/common/lib/junit-4.11.jar:/opt/hadoop/2.6.0/share/hadoop/common/lib/slf4j-api-1.7.5.jar:/opt/hadoop/2.6.0/share/hadoop/common/lib/netty-3.6.2.Final.jar:/opt/hadoop/2.6.0/share/hadoop/common/lib/activation-1.1.jar:/opt/hadoop/2.6.0/share/hadoop/common/lib/jettison-1.1.jar:/opt/hadoop/2.6.0/share/hadoop/common/lib/guava-11.0.2.jar:/opt/hadoop/2.6.0/share/hadoop/common/lib/curator-framework-2.6.0.jar:/opt/hadoop/2.6.0/share/hadoop/common/lib/jersey-server-1.9.jar:/opt/hadoop/2.6.0/share/hadoop/common/lib/commons-compress-1.4.1.jar:/opt/hadoop/2.6.0/share/hadoop/common/lib/jsch-0.1.42.jar:/opt/hadoop/2.6.0/share/hadoop/common/lib/jaxb-impl-2.2.3-1.jar:/opt/hadoop/2.6.0/share/hadoop/common/lib/htrace-core-3.0.4.jar:/opt/hadoop/2.6.0/share/hadoop/common/lib/apacheds-i18n-2.0.0-M15.jar:/opt/hadoop/2.6.0/share/hadoop/common/lib/jasper-compiler-5.5.23.jar:/opt/hadoop/2.6.0/share/hadoop/common/lib/commons-codec-1.4.jar:/opt/hadoop/2.6.0/share/hadoop/common/lib/commons-lang-2.6.jar:/opt/hadoop/2.6.0/share/hadoop/common/lib/xz-1.0.jar:/opt/hadoop/2.6.0/share/hadoop/common/lib/httpclient-4.2.5.jar:/opt/hadoop/2.6.0/share/hadoop/common/lib/asm-3.2.jar:/opt/hadoop/2.6.0/share/hadoop/common/lib/hamcrest-core-1.3.jar:/opt/hadoop/2.6.0/share/hadoop/common/lib/jets3t-0.9.0.jar:/opt/hadoop/2.6.0/share/hadoop/common/lib/curator-recipes-2.6.0.jar:/opt/hadoop/2.6.0/share/hadoop/common/lib/jackson-mapper-asl-1.9.13.jar:/opt/hadoop/2.6.0/share/hadoop/common/lib/jsr305-1.3.9.jar:/opt/hadoop/2.6.0/share/hadoop/common/lib/jaxb-api-2.2.2.jar:/opt/hadoop/2.6.0/share/hadoop/common/lib/jackson-jaxrs-1.9.13.jar:/opt/hadoop/2.6.0/share/hadoop/common/lib/hadoop-annotations-2.6.0.jar:/opt/hadoop/2.6.0/share/hadoop/common/lib/commons-cli-1.2.jar:/opt/hadoop/2.6.0/share/hadoop/common/lib/curator-client-2.6.0.jar:/opt/hadoop/2.6.0/share/hadoop/common/lib/hadoop-auth-2.6.0.jar:/opt/hadoop/2.6.0/share/hadoop/common/lib/commons-digester-1.8.jar:/opt/hadoop/2.6.0/share/hadoop/common/lib/commons-el-1.0.jar:/opt/hadoop/2.6.0/share/hadoop/common/lib/protobuf-java-2.5.0.jar:/opt/hadoop/2.6.0/share/hadoop/common/lib/commons-httpclient-3.1.jar:/opt/hadoop/2.6.0/share/hadoop/common/lib/commons-logging-1.1.3.jar:/opt/hadoop/2.6.0/share/hadoop/common/lib/jackson-core-asl-1.9.13.jar:/opt/hadoop/2.6.0/share/hadoop/common/lib/jetty-util-6.1.26.jar:/opt/hadoop/2.6.0/share/hadoop/common/lib/commons-collections-3.2.1.jar:/opt/hadoop/2.6.0/share/hadoop/common/lib/avro-1.7.4.jar:/opt/hadoop/2.6.0/share/hadoop/common/lib/httpcore-4.2.5.jar:/opt/hadoop/2.6.0/share/hadoop/common/lib/xmlenc-0.52.jar:/opt/hadoop/2.6.0/share/hadoop/common/lib/commons-configuration-1.6.jar:/opt/hadoop/2.6.0/share/hadoop/common/lib/paranamer-2.3.jar:/opt/hadoop/2.6.0/share/hadoop/common/lib/slf4j-log4j12-1.7.5.jar:/opt/hadoop/2.6.0/share/hadoop/common/lib/mockito-all-1.8.5.jar:/opt/hadoop/2.6.0/share/hadoop/common/lib/commons-beanutils-1.7.0.jar:/opt/hadoop/2.6.0/share/hadoop/common/lib/log4j-1.2.17.jar:/opt/hadoop/2.6.0/share/hadoop/common/lib/commons-io-2.4.jar:/opt/hadoop/2.6.0/share/hadoop/common/lib/jersey-json-1.9.jar:/opt/hadoop/2.6.0/share/hadoop/common/lib/commons-net-3.1.jar:/opt/hadoop/2.6.0/share/hadoop/common/lib/java-xmlbuilder-0.4.jar:/opt/hadoop/2.6.0/share/hadoop/common/lib/zookeeper-3.4.6.jar:/opt/hadoop/2.6.0/share/hadoop/common/lib/jackson-xc-1.9.13.jar:/opt/hadoop/2.6.0/share/hadoop/common/lib/servlet-api-2.5.jar:/opt/hadoop/2.6.0/share/hadoop/common/lib/api-asn1-api-1.0.0-M20.jar:/opt/hadoop/2.6.0/share/hadoop/common/lib/jsp-api-2.1.jar:/opt/hadoop/2.6.0/share/hadoop/common/lib/snappy-java-1.0.4.1.jar:/opt/hadoop/2.6.0/share/hadoop/common/lib/gson-2.2.4.jar:/opt/hadoop/2.6.0/share/hadoop/common/lib/stax-api-1.0-2.jar:/opt/hadoop/2.6.0/share/hadoop/common/lib/jasper-runtime-5.5.23.jar:/opt/hadoop/2.6.0/share/hadoop/common/lib/commons-beanutils-core-1.8.0.jar:/opt/hadoop/2.6.0/share/hadoop/common/lib/commons-math3-3.1.1.jar:/opt/hadoop/2.6.0/share/hadoop/common/lib/apacheds-kerberos-codec-2.0.0-M15.jar:/opt/hadoop/2.6.0/share/hadoop/common/hadoop-nfs-2.6.0.jar:/opt/hadoop/2.6.0/share/hadoop/common/hadoop-common-2.6.0.jar:/opt/hadoop/2.6.0/share/hadoop/common/hadoop-common-2.6.0-tests.jar:/opt/hadoop/2.6.0/share/hadoop/hdfs:/opt/hadoop/2.6.0/share/hadoop/hdfs/lib/jersey-core-1.9.jar:/opt/hadoop/2.6.0/share/hadoop/hdfs/lib/jetty-6.1.26.jar:/opt/hadoop/2.6.0/share/hadoop/hdfs/lib/netty-3.6.2.Final.jar:/opt/hadoop/2.6.0/share/hadoop/hdfs/lib/guava-11.0.2.jar:/opt/hadoop/2.6.0/share/hadoop/hdfs/lib/jersey-server-1.9.jar:/opt/hadoop/2.6.0/share/hadoop/hdfs/lib/xml-apis-1.3.04.jar:/opt/hadoop/2.6.0/share/hadoop/hdfs/lib/htrace-core-3.0.4.jar:/opt/hadoop/2.6.0/share/hadoop/hdfs/lib/commons-codec-1.4.jar:/opt/hadoop/2.6.0/share/hadoop/hdfs/lib/commons-daemon-1.0.13.jar:/opt/hadoop/2.6.0/share/hadoop/hdfs/lib/commons-lang-2.6.jar:/opt/hadoop/2.6.0/share/hadoop/hdfs/lib/asm-3.2.jar:/opt/hadoop/2.6.0/share/hadoop/hdfs/lib/jackson-mapper-asl-1.9.13.jar:/opt/hadoop/2.6.0/share/hadoop/hdfs/lib/jsr305-1.3.9.jar:/opt/hadoop/2.6.0/share/hadoop/hdfs/lib/commons-cli-1.2.jar:/opt/hadoop/2.6.0/share/hadoop/hdfs/lib/commons-el-1.0.jar:/opt/hadoop/2.6.0/share/hadoop/hdfs/lib/protobuf-java-2.5.0.jar:/opt/hadoop/2.6.0/share/hadoop/hdfs/lib/commons-logging-1.1.3.jar:/opt/hadoop/2.6.0/share/hadoop/hdfs/lib/jackson-core-asl-1.9.13.jar:/opt/hadoop/2.6.0/share/hadoop/hdfs/lib/jetty-util-6.1.26.jar:/opt/hadoop/2.6.0/share/hadoop/hdfs/lib/xmlenc-0.52.jar:/opt/hadoop/2.6.0/share/hadoop/hdfs/lib/log4j-1.2.17.jar:/opt/hadoop/2.6.0/share/hadoop/hdfs/lib/commons-io-2.4.jar:/opt/hadoop/2.6.0/share/hadoop/hdfs/lib/servlet-api-2.5.jar:/opt/hadoop/2.6.0/share/hadoop/hdfs/lib/xercesImpl-2.9.1.jar:/opt/hadoop/2.6.0/share/hadoop/hdfs/lib/jsp-api-2.1.jar:/opt/hadoop/2.6.0/share/hadoop/hdfs/lib/jasper-runtime-5.5.23.jar:/opt/hadoop/2.6.0/share/hadoop/hdfs/hadoop-hdfs-nfs-2.6.0.jar:/opt/hadoop/2.6.0/share/hadoop/hdfs/hadoop-hdfs-2.6.0.jar:/opt/hadoop/2.6.0/share/hadoop/hdfs/hadoop-hdfs-2.6.0-tests.jar:/opt/hadoop/2.6.0/share/hadoop/yarn/lib/jersey-core-1.9.jar:/opt/hadoop/2.6.0/share/hadoop/yarn/lib/guice-servlet-3.0.jar:/opt/hadoop/2.6.0/share/hadoop/yarn/lib/jetty-6.1.26.jar:/opt/hadoop/2.6.0/share/hadoop/yarn/lib/netty-3.6.2.Final.jar:/opt/hadoop/2.6.0/share/hadoop/yarn/lib/activation-1.1.jar:/opt/hadoop/2.6.0/share/hadoop/yarn/lib/jettison-1.1.jar:/opt/hadoop/2.6.0/share/hadoop/yarn/lib/guava-11.0.2.jar:/opt/hadoop/2.6.0/share/hadoop/yarn/lib/jersey-server-1.9.jar:/opt/hadoop/2.6.0/share/hadoop/yarn/lib/commons-compress-1.4.1.jar:/opt/hadoop/2.6.0/share/hadoop/yarn/lib/jaxb-impl-2.2.3-1.jar:/opt/hadoop/2.6.0/share/hadoop/yarn/lib/commons-codec-1.4.jar:/opt/hadoop/2.6.0/share/hadoop/yarn/lib/commons-lang-2.6.jar:/opt/hadoop/2.6.0/share/hadoop/yarn/lib/xz-1.0.jar:/opt/hadoop/2.6.0/share/hadoop/yarn/lib/asm-3.2.jar:/opt/hadoop/2.6.0/share/hadoop/yarn/lib/jersey-client-1.9.jar:/opt/hadoop/2.6.0/share/hadoop/yarn/lib/aopalliance-1.0.jar:/opt/hadoop/2.6.0/share/hadoop/yarn/lib/jackson-mapper-asl-1.9.13.jar:/opt/hadoop/2.6.0/share/hadoop/yarn/lib/jsr305-1.3.9.jar:/opt/hadoop/2.6.0/share/hadoop/yarn/lib/jersey-guice-1.9.jar:/opt/hadoop/2.6.0/share/hadoop/yarn/lib/jaxb-api-2.2.2.jar:/opt/hadoop/2.6.0/share/hadoop/yarn/lib/jackson-jaxrs-1.9.13.jar:/opt/hadoop/2.6.0/share/hadoop/yarn/lib/commons-cli-1.2.jar:/opt/hadoop/2.6.0/share/hadoop/yarn/lib/leveldbjni-all-1.8.jar:/opt/hadoop/2.6.0/share/hadoop/yarn/lib/protobuf-java-2.5.0.jar:/opt/hadoop/2.6.0/share/hadoop/yarn/lib/commons-httpclient-3.1.jar:/opt/hadoop/2.6.0/share/hadoop/yarn/lib/commons-logging-1.1.3.jar:/opt/hadoop/2.6.0/share/hadoop/yarn/lib/jackson-core-asl-1.9.13.jar:/opt/hadoop/2.6.0/share/hadoop/yarn/lib/jetty-util-6.1.26.jar:/opt/hadoop/2.6.0/share/hadoop/yarn/lib/commons-collections-3.2.1.jar:/opt/hadoop/2.6.0/share/hadoop/yarn/lib/javax.inject-1.jar:/opt/hadoop/2.6.0/share/hadoop/yarn/lib/guice-3.0.jar:/opt/hadoop/2.6.0/share/hadoop/yarn/lib/log4j-1.2.17.jar:/opt/hadoop/2.6.0/share/hadoop/yarn/lib/commons-io-2.4.jar:/opt/hadoop/2.6.0/share/hadoop/yarn/lib/jersey-json-1.9.jar:/opt/hadoop/2.6.0/share/hadoop/yarn/lib/zookeeper-3.4.6.jar:/opt/hadoop/2.6.0/share/hadoop/yarn/lib/jackson-xc-1.9.13.jar:/opt/hadoop/2.6.0/share/hadoop/yarn/lib/servlet-api-2.5.jar:/opt/hadoop/2.6.0/share/hadoop/yarn/lib/stax-api-1.0-2.jar:/opt/hadoop/2.6.0/share/hadoop/yarn/lib/jline-0.9.94.jar:/opt/hadoop/2.6.0/share/hadoop/yarn/hadoop-yarn-server-applicationhistoryservice-2.6.0.jar:/opt/hadoop/2.6.0/share/hadoop/yarn/hadoop-yarn-registry-2.6.0.jar:/opt/hadoop/2.6.0/share/hadoop/yarn/hadoop-yarn-api-2.6.0.jar:/opt/hadoop/2.6.0/share/hadoop/yarn/hadoop-yarn-server-resourcemanager-2.6.0.jar:/opt/hadoop/2.6.0/share/hadoop/yarn/hadoop-yarn-common-2.6.0.jar:/opt/hadoop/2.6.0/share/hadoop/yarn/hadoop-yarn-client-2.6.0.jar:/opt/hadoop/2.6.0/share/hadoop/yarn/hadoop-yarn-server-web-proxy-2.6.0.jar:/opt/hadoop/2.6.0/share/hadoop/yarn/hadoop-yarn-applications-unmanaged-am-launcher-2.6.0.jar:/opt/hadoop/2.6.0/share/hadoop/yarn/hadoop-yarn-applications-distributedshell-2.6.0.jar:/opt/hadoop/2.6.0/share/hadoop/yarn/hadoop-yarn-server-nodemanager-2.6.0.jar:/opt/hadoop/2.6.0/share/hadoop/yarn/hadoop-yarn-server-tests-2.6.0.jar:/opt/hadoop/2.6.0/share/hadoop/yarn/hadoop-yarn-server-common-2.6.0.jar:/opt/hadoop/2.6.0/share/hadoop/mapreduce/lib/jersey-core-1.9.jar:/opt/hadoop/2.6.0/share/hadoop/mapreduce/lib/guice-servlet-3.0.jar:/opt/hadoop/2.6.0/share/hadoop/mapreduce/lib/junit-4.11.jar:/opt/hadoop/2.6.0/share/hadoop/mapreduce/lib/netty-3.6.2.Final.jar:/opt/hadoop/2.6.0/share/hadoop/mapreduce/lib/jersey-server-1.9.jar:/opt/hadoop/2.6.0/share/hadoop/mapreduce/lib/commons-compress-1.4.1.jar:/opt/hadoop/2.6.0/share/hadoop/mapreduce/lib/xz-1.0.jar:/opt/hadoop/2.6.0/share/hadoop/mapreduce/lib/asm-3.2.jar:/opt/hadoop/2.6.0/share/hadoop/mapreduce/lib/hamcrest-core-1.3.jar:/opt/hadoop/2.6.0/share/hadoop/mapreduce/lib/aopalliance-1.0.jar:/opt/hadoop/2.6.0/share/hadoop/mapreduce/lib/jackson-mapper-asl-1.9.13.jar:/opt/hadoop/2.6.0/share/hadoop/mapreduce/lib/jersey-guice-1.9.jar:/opt/hadoop/2.6.0/share/hadoop/mapreduce/lib/hadoop-annotations-2.6.0.jar:/opt/hadoop/2.6.0/share/hadoop/mapreduce/lib/leveldbjni-all-1.8.jar:/opt/hadoop/2.6.0/share/hadoop/mapreduce/lib/protobuf-java-2.5.0.jar:/opt/hadoop/2.6.0/share/hadoop/mapreduce/lib/jackson-core-asl-1.9.13.jar:/opt/hadoop/2.6.0/share/hadoop/mapreduce/lib/avro-1.7.4.jar:/opt/hadoop/2.6.0/share/hadoop/mapreduce/lib/paranamer-2.3.jar:/opt/hadoop/2.6.0/share/hadoop/mapreduce/lib/javax.inject-1.jar:/opt/hadoop/2.6.0/share/hadoop/mapreduce/lib/guice-3.0.jar:/opt/hadoop/2.6.0/share/hadoop/mapreduce/lib/log4j-1.2.17.jar:/opt/hadoop/2.6.0/share/hadoop/mapreduce/lib/commons-io-2.4.jar:/opt/hadoop/2.6.0/share/hadoop/mapreduce/lib/snappy-java-1.0.4.1.jar:/opt/hadoop/2.6.0/share/hadoop/mapreduce/hadoop-mapreduce-examples-2.6.0.jar:/opt/hadoop/2.6.0/share/hadoop/mapreduce/hadoop-mapreduce-client-shuffle-2.6.0.jar:/opt/hadoop/2.6.0/share/hadoop/mapreduce/hadoop-mapreduce-client-core-2.6.0.jar:/opt/hadoop/2.6.0/share/hadoop/mapreduce/hadoop-mapreduce-client-app-2.6.0.jar:/opt/hadoop/2.6.0/share/hadoop/mapreduce/hadoop-mapreduce-client-hs-plugins-2.6.0.jar:/opt/hadoop/2.6.0/share/hadoop/mapreduce/hadoop-mapreduce-client-jobclient-2.6.0.jar:/opt/hadoop/2.6.0/share/hadoop/mapreduce/hadoop-mapreduce-client-common-2.6.0.jar:/opt/hadoop/2.6.0/share/hadoop/mapreduce/hadoop-mapreduce-client-hs-2.6.0.jar:/opt/hadoop/2.6.0/share/hadoop/mapreduce/hadoop-mapreduce-client-jobclient-2.6.0-tests.jar
STARTUP_MSG:   build = https://git-wip-us.apache.org/repos/asf/hadoop.git -r e3496499ecb8d220fba99dc5ed4c99c8f9e33bb1; compiled by 'jenkins' on 2014-11-13T21:10Z
STARTUP_MSG:   java = 1.8.0_212
************************************************************/
2021-05-04 21:08:24,288 INFO  [main] namenode.NameNode (SignalLogger.java:register(91)) - registered UNIX signal handlers for [TERM, HUP, INT]
2021-05-04 21:08:24,291 INFO  [main] namenode.NameNode (NameNode.java:createNameNode(1367)) - createNameNode [-format]
2021-05-04 21:08:24,946 WARN  [main] common.Util (Util.java:stringAsURI(56)) - Path DFS_NAME_DIR should be specified as a URI in configuration files. Please update hdfs configuration.
2021-05-04 21:08:24,947 WARN  [main] common.Util (Util.java:stringAsURI(56)) - Path DFS_NAME_DIR should be specified as a URI in configuration files. Please update hdfs configuration.
Formatting using clusterid: CID-1f1115d2-f6d6-4284-a460-6421916f1208
2021-05-04 21:08:24,982 INFO  [main] namenode.FSNamesystem (FSNamesystem.java:<init>(774)) - No KeyProvider found.
2021-05-04 21:08:24,994 INFO  [main] namenode.FSNamesystem (FSNamesystem.java:<init>(786)) - fsLock is fair:true
2021-05-04 21:08:25,022 INFO  [main] blockmanagement.DatanodeManager (DatanodeManager.java:<init>(232)) - dfs.block.invalidate.limit=1000
2021-05-04 21:08:25,023 INFO  [main] blockmanagement.DatanodeManager (DatanodeManager.java:<init>(238)) - dfs.namenode.datanode.registration.ip-hostname-check=true
2021-05-04 21:08:25,025 INFO  [main] blockmanagement.BlockManager (InvalidateBlocks.java:printBlockDeletionTime(71)) - dfs.namenode.startup.delay.block.deletion.sec is set to 000:00:00:00.000
2021-05-04 21:08:25,026 INFO  [main] blockmanagement.BlockManager (InvalidateBlocks.java:printBlockDeletionTime(76)) - The block deletion will start around 2021 May 04 21:08:25
2021-05-04 21:08:25,028 INFO  [main] util.GSet (LightWeightGSet.java:computeCapacity(354)) - Computing capacity for map BlocksMap
2021-05-04 21:08:25,028 INFO  [main] util.GSet (LightWeightGSet.java:computeCapacity(355)) - VM type       = 64-bit
2021-05-04 21:08:25,029 INFO  [main] util.GSet (LightWeightGSet.java:computeCapacity(356)) - 2.0% max memory 889 MB = 17.8 MB
2021-05-04 21:08:25,029 INFO  [main] util.GSet (LightWeightGSet.java:computeCapacity(361)) - capacity      = 2^21 = 2097152 entries
2021-05-04 21:08:25,092 INFO  [main] blockmanagement.BlockManager (BlockManager.java:createBlockTokenSecretManager(364)) - dfs.block.access.token.enable=false
2021-05-04 21:08:25,093 INFO  [main] blockmanagement.BlockManager (BlockManager.java:<init>(349)) - defaultReplication         = 3
2021-05-04 21:08:25,093 INFO  [main] blockmanagement.BlockManager (BlockManager.java:<init>(350)) - maxReplication             = 512
2021-05-04 21:08:25,093 INFO  [main] blockmanagement.BlockManager (BlockManager.java:<init>(351)) - minReplication             = 1
2021-05-04 21:08:25,093 INFO  [main] blockmanagement.BlockManager (BlockManager.java:<init>(352)) - maxReplicationStreams      = 2
2021-05-04 21:08:25,093 INFO  [main] blockmanagement.BlockManager (BlockManager.java:<init>(353)) - shouldCheckForEnoughRacks  = false
2021-05-04 21:08:25,093 INFO  [main] blockmanagement.BlockManager (BlockManager.java:<init>(354)) - replicationRecheckInterval = 3000
2021-05-04 21:08:25,093 INFO  [main] blockmanagement.BlockManager (BlockManager.java:<init>(355)) - encryptDataTransfer        = false
2021-05-04 21:08:25,093 INFO  [main] blockmanagement.BlockManager (BlockManager.java:<init>(356)) - maxNumBlocksToLog          = 1000
2021-05-04 21:08:25,099 INFO  [main] namenode.FSNamesystem (FSNamesystem.java:<init>(809)) - fsOwner             = dxt5888 (auth:SIMPLE)
2021-05-04 21:08:25,100 INFO  [main] namenode.FSNamesystem (FSNamesystem.java:<init>(810)) - supergroup          = supergroup
2021-05-04 21:08:25,100 INFO  [main] namenode.FSNamesystem (FSNamesystem.java:<init>(811)) - isPermissionEnabled = true
2021-05-04 21:08:25,100 INFO  [main] namenode.FSNamesystem (FSNamesystem.java:<init>(822)) - HA Enabled: false
2021-05-04 21:08:25,101 INFO  [main] namenode.FSNamesystem (FSNamesystem.java:<init>(859)) - Append Enabled: true
2021-05-04 21:08:25,203 INFO  [main] util.GSet (LightWeightGSet.java:computeCapacity(354)) - Computing capacity for map INodeMap
2021-05-04 21:08:25,203 INFO  [main] util.GSet (LightWeightGSet.java:computeCapacity(355)) - VM type       = 64-bit
2021-05-04 21:08:25,203 INFO  [main] util.GSet (LightWeightGSet.java:computeCapacity(356)) - 1.0% max memory 889 MB = 8.9 MB
2021-05-04 21:08:25,204 INFO  [main] util.GSet (LightWeightGSet.java:computeCapacity(361)) - capacity      = 2^20 = 1048576 entries
2021-05-04 21:08:25,204 INFO  [main] namenode.NameNode (FSDirectory.java:<init>(234)) - Caching file names occuring more than 10 times
2021-05-04 21:08:25,210 INFO  [main] util.GSet (LightWeightGSet.java:computeCapacity(354)) - Computing capacity for map cachedBlocks
2021-05-04 21:08:25,210 INFO  [main] util.GSet (LightWeightGSet.java:computeCapacity(355)) - VM type       = 64-bit
2021-05-04 21:08:25,210 INFO  [main] util.GSet (LightWeightGSet.java:computeCapacity(356)) - 0.25% max memory 889 MB = 2.2 MB
2021-05-04 21:08:25,210 INFO  [main] util.GSet (LightWeightGSet.java:computeCapacity(361)) - capacity      = 2^18 = 262144 entries
2021-05-04 21:08:25,211 INFO  [main] namenode.FSNamesystem (FSNamesystem.java:<init>(5663)) - dfs.namenode.safemode.threshold-pct = 0.9990000128746033
2021-05-04 21:08:25,212 INFO  [main] namenode.FSNamesystem (FSNamesystem.java:<init>(5664)) - dfs.namenode.safemode.min.datanodes = 0
2021-05-04 21:08:25,212 INFO  [main] namenode.FSNamesystem (FSNamesystem.java:<init>(5665)) - dfs.namenode.safemode.extension     = 30000
2021-05-04 21:08:25,212 INFO  [main] namenode.FSNamesystem (FSNamesystem.java:initRetryCache(957)) - Retry cache on namenode is enabled
2021-05-04 21:08:25,213 INFO  [main] namenode.FSNamesystem (FSNamesystem.java:initRetryCache(965)) - Retry cache will use 0.03 of total heap and retry cache entry expiry time is 600000 millis
2021-05-04 21:08:25,214 INFO  [main] util.GSet (LightWeightGSet.java:computeCapacity(354)) - Computing capacity for map NameNodeRetryCache
2021-05-04 21:08:25,214 INFO  [main] util.GSet (LightWeightGSet.java:computeCapacity(355)) - VM type       = 64-bit
2021-05-04 21:08:25,214 INFO  [main] util.GSet (LightWeightGSet.java:computeCapacity(356)) - 0.029999999329447746% max memory 889 MB = 273.1 KB
2021-05-04 21:08:25,215 INFO  [main] util.GSet (LightWeightGSet.java:computeCapacity(361)) - capacity      = 2^15 = 32768 entries
2021-05-04 21:08:25,218 INFO  [main] namenode.NNConf (NNConf.java:<init>(62)) - ACLs enabled? false
2021-05-04 21:08:25,218 INFO  [main] namenode.NNConf (NNConf.java:<init>(66)) - XAttrs enabled? true
2021-05-04 21:08:25,218 INFO  [main] namenode.NNConf (NNConf.java:<init>(74)) - Maximum size of an xattr: 16384
2021-05-04 21:08:25,388 INFO  [main] namenode.FSImage (FSImage.java:format(145)) - Allocated new BlockPoolId: BP-1965343299-198.202.112.231-1620187705226
2021-05-04 21:08:25,843 INFO  [main] common.Storage (NNStorage.java:format(552)) - Storage directory /home/dxt5888/project8/DFS_NAME_DIR has been successfully formatted.
2021-05-04 21:08:26,946 INFO  [main] namenode.NNStorageRetentionManager (NNStorageRetentionManager.java:getImageTxIdToRetain(203)) - Going to retain 1 images with txid >= 0
2021-05-04 21:08:26,948 INFO  [main] util.ExitUtil (ExitUtil.java:terminate(124)) - Exiting with status 0
2021-05-04 21:08:26,949 INFO  [Thread-1] namenode.NameNode (StringUtils.java:run(659)) - SHUTDOWN_MSG: 
/************************************************************
SHUTDOWN_MSG: Shutting down NameNode at comet-14-01.sdsc.edu/198.202.112.231
************************************************************/
myHadoop:  
myHadoop: Enabling experimental Spark support
myHadoop: Using SPARK_CONF_DIR=/home/dxt5888/cometcluster/spark
myHadoop:  
myHadoop: Designating comet-14-01.ibnet as master node (namenode, secondary namenode, and jobtracker)
To use Spark, you will want to type the following commands:"
  source /home/dxt5888/cometcluster/spark/spark-env.sh
  myspark start
myHadoop: The following nodes will be slaves (datanode, tasktracer):
comet-14-01.ibnet
comet-14-02.ibnet
Incorrect configuration: namenode address dfs.namenode.servicerpc-address or dfs.namenode.rpc-address is not configured.
Starting namenodes on []
comet-14-01.ibnet: mkdir: cannot create directory ‘/opt/hadoop/2.6.0/logs’: Permission denied
comet-14-01.ibnet: chown: cannot access ‘/opt/hadoop/2.6.0/logs’: No such file or directory
comet-14-01.ibnet: starting namenode, logging to /opt/hadoop/2.6.0/logs/hadoop-dxt5888-namenode-comet-14-01.sdsc.edu.out
comet-14-01.ibnet: /opt/hadoop/2.6.0/sbin/hadoop-daemon.sh: line 159: /opt/hadoop/2.6.0/logs/hadoop-dxt5888-namenode-comet-14-01.sdsc.edu.out: No such file or directory
comet-14-01.ibnet: head: cannot open ‘/opt/hadoop/2.6.0/logs/hadoop-dxt5888-namenode-comet-14-01.sdsc.edu.out’ for reading: No such file or directory
comet-14-01.ibnet: /opt/hadoop/2.6.0/sbin/hadoop-daemon.sh: line 177: /opt/hadoop/2.6.0/logs/hadoop-dxt5888-namenode-comet-14-01.sdsc.edu.out: No such file or directory
comet-14-01.ibnet: /opt/hadoop/2.6.0/sbin/hadoop-daemon.sh: line 178: /opt/hadoop/2.6.0/logs/hadoop-dxt5888-namenode-comet-14-01.sdsc.edu.out: No such file or directory
comet-14-02.ibnet: mkdir: cannot create directory ‘/opt/hadoop/2.6.0/logs’: Permission denied
comet-14-02.ibnet: chown: cannot access ‘/opt/hadoop/2.6.0/logs’: No such file or directory
comet-14-02.ibnet: starting namenode, logging to /opt/hadoop/2.6.0/logs/hadoop-dxt5888-namenode-comet-14-02.sdsc.edu.out
comet-14-02.ibnet: /opt/hadoop/2.6.0/sbin/hadoop-daemon.sh: line 159: /opt/hadoop/2.6.0/logs/hadoop-dxt5888-namenode-comet-14-02.sdsc.edu.out: No such file or directory
comet-14-02.ibnet: head: cannot open ‘/opt/hadoop/2.6.0/logs/hadoop-dxt5888-namenode-comet-14-02.sdsc.edu.out’ for reading: No such file or directory
comet-14-02.ibnet: /opt/hadoop/2.6.0/sbin/hadoop-daemon.sh: line 177: /opt/hadoop/2.6.0/logs/hadoop-dxt5888-namenode-comet-14-02.sdsc.edu.out: No such file or directory
comet-14-02.ibnet: /opt/hadoop/2.6.0/sbin/hadoop-daemon.sh: line 178: /opt/hadoop/2.6.0/logs/hadoop-dxt5888-namenode-comet-14-02.sdsc.edu.out: No such file or directory
comet-14-02.ibnet: mkdir: cannot create directory ‘/opt/hadoop/2.6.0/logs’: Permission denied
comet-14-02.ibnet: chown: cannot access ‘/opt/hadoop/2.6.0/logs’: No such file or directory
comet-14-02.ibnet: starting datanode, logging to /opt/hadoop/2.6.0/logs/hadoop-dxt5888-datanode-comet-14-02.sdsc.edu.out
comet-14-02.ibnet: /opt/hadoop/2.6.0/sbin/hadoop-daemon.sh: line 159: /opt/hadoop/2.6.0/logs/hadoop-dxt5888-datanode-comet-14-02.sdsc.edu.out: No such file or directory
comet-14-02.ibnet: head: cannot open ‘/opt/hadoop/2.6.0/logs/hadoop-dxt5888-datanode-comet-14-02.sdsc.edu.out’ for reading: No such file or directory
comet-14-02.ibnet: /opt/hadoop/2.6.0/sbin/hadoop-daemon.sh: line 177: /opt/hadoop/2.6.0/logs/hadoop-dxt5888-datanode-comet-14-02.sdsc.edu.out: No such file or directory
comet-14-02.ibnet: /opt/hadoop/2.6.0/sbin/hadoop-daemon.sh: line 178: /opt/hadoop/2.6.0/logs/hadoop-dxt5888-datanode-comet-14-02.sdsc.edu.out: No such file or directory
comet-14-01.ibnet: mkdir: cannot create directory ‘/opt/hadoop/2.6.0/logs’: Permission denied
comet-14-01.ibnet: chown: cannot access ‘/opt/hadoop/2.6.0/logs’: No such file or directory
comet-14-01.ibnet: starting datanode, logging to /opt/hadoop/2.6.0/logs/hadoop-dxt5888-datanode-comet-14-01.sdsc.edu.out
comet-14-01.ibnet: /opt/hadoop/2.6.0/sbin/hadoop-daemon.sh: line 159: /opt/hadoop/2.6.0/logs/hadoop-dxt5888-datanode-comet-14-01.sdsc.edu.out: No such file or directory
comet-14-01.ibnet: head: cannot open ‘/opt/hadoop/2.6.0/logs/hadoop-dxt5888-datanode-comet-14-01.sdsc.edu.out’ for reading: No such file or directory
comet-14-01.ibnet: /opt/hadoop/2.6.0/sbin/hadoop-daemon.sh: line 177: /opt/hadoop/2.6.0/logs/hadoop-dxt5888-datanode-comet-14-01.sdsc.edu.out: No such file or directory
comet-14-01.ibnet: /opt/hadoop/2.6.0/sbin/hadoop-daemon.sh: line 178: /opt/hadoop/2.6.0/logs/hadoop-dxt5888-datanode-comet-14-01.sdsc.edu.out: No such file or directory
Starting secondary namenodes [comet-14-01.ibnet]
21/05/04 21:08:46 INFO namenode.NameNode: STARTUP_MSG: 
/************************************************************
STARTUP_MSG: Starting NameNode
STARTUP_MSG:   host = comet-14-01.sdsc.edu/198.202.112.231
STARTUP_MSG:   args = [-format]
STARTUP_MSG:   version = 2.6.0
STARTUP_MSG:   classpath = /home/dxt5888/cometcluster:/opt/hadoop/2.6.0/share/hadoop/common/lib/jersey-core-1.9.jar:/opt/hadoop/2.6.0/share/hadoop/common/lib/api-util-1.0.0-M20.jar:/opt/hadoop/2.6.0/share/hadoop/common/lib/jetty-6.1.26.jar:/opt/hadoop/2.6.0/share/hadoop/common/lib/junit-4.11.jar:/opt/hadoop/2.6.0/share/hadoop/common/lib/slf4j-api-1.7.5.jar:/opt/hadoop/2.6.0/share/hadoop/common/lib/netty-3.6.2.Final.jar:/opt/hadoop/2.6.0/share/hadoop/common/lib/activation-1.1.jar:/opt/hadoop/2.6.0/share/hadoop/common/lib/jettison-1.1.jar:/opt/hadoop/2.6.0/share/hadoop/common/lib/guava-11.0.2.jar:/opt/hadoop/2.6.0/share/hadoop/common/lib/curator-framework-2.6.0.jar:/opt/hadoop/2.6.0/share/hadoop/common/lib/jersey-server-1.9.jar:/opt/hadoop/2.6.0/share/hadoop/common/lib/commons-compress-1.4.1.jar:/opt/hadoop/2.6.0/share/hadoop/common/lib/jsch-0.1.42.jar:/opt/hadoop/2.6.0/share/hadoop/common/lib/jaxb-impl-2.2.3-1.jar:/opt/hadoop/2.6.0/share/hadoop/common/lib/htrace-core-3.0.4.jar:/opt/hadoop/2.6.0/share/hadoop/common/lib/apacheds-i18n-2.0.0-M15.jar:/opt/hadoop/2.6.0/share/hadoop/common/lib/jasper-compiler-5.5.23.jar:/opt/hadoop/2.6.0/share/hadoop/common/lib/commons-codec-1.4.jar:/opt/hadoop/2.6.0/share/hadoop/common/lib/commons-lang-2.6.jar:/opt/hadoop/2.6.0/share/hadoop/common/lib/xz-1.0.jar:/opt/hadoop/2.6.0/share/hadoop/common/lib/httpclient-4.2.5.jar:/opt/hadoop/2.6.0/share/hadoop/common/lib/asm-3.2.jar:/opt/hadoop/2.6.0/share/hadoop/common/lib/hamcrest-core-1.3.jar:/opt/hadoop/2.6.0/share/hadoop/common/lib/jets3t-0.9.0.jar:/opt/hadoop/2.6.0/share/hadoop/common/lib/curator-recipes-2.6.0.jar:/opt/hadoop/2.6.0/share/hadoop/common/lib/jackson-mapper-asl-1.9.13.jar:/opt/hadoop/2.6.0/share/hadoop/common/lib/jsr305-1.3.9.jar:/opt/hadoop/2.6.0/share/hadoop/common/lib/jaxb-api-2.2.2.jar:/opt/hadoop/2.6.0/share/hadoop/common/lib/jackson-jaxrs-1.9.13.jar:/opt/hadoop/2.6.0/share/hadoop/common/lib/hadoop-annotations-2.6.0.jar:/opt/hadoop/2.6.0/share/hadoop/common/lib/commons-cli-1.2.jar:/opt/hadoop/2.6.0/share/hadoop/common/lib/curator-client-2.6.0.jar:/opt/hadoop/2.6.0/share/hadoop/common/lib/hadoop-auth-2.6.0.jar:/opt/hadoop/2.6.0/share/hadoop/common/lib/commons-digester-1.8.jar:/opt/hadoop/2.6.0/share/hadoop/common/lib/commons-el-1.0.jar:/opt/hadoop/2.6.0/share/hadoop/common/lib/protobuf-java-2.5.0.jar:/opt/hadoop/2.6.0/share/hadoop/common/lib/commons-httpclient-3.1.jar:/opt/hadoop/2.6.0/share/hadoop/common/lib/commons-logging-1.1.3.jar:/opt/hadoop/2.6.0/share/hadoop/common/lib/jackson-core-asl-1.9.13.jar:/opt/hadoop/2.6.0/share/hadoop/common/lib/jetty-util-6.1.26.jar:/opt/hadoop/2.6.0/share/hadoop/common/lib/commons-collections-3.2.1.jar:/opt/hadoop/2.6.0/share/hadoop/common/lib/avro-1.7.4.jar:/opt/hadoop/2.6.0/share/hadoop/common/lib/httpcore-4.2.5.jar:/opt/hadoop/2.6.0/share/hadoop/common/lib/xmlenc-0.52.jar:/opt/hadoop/2.6.0/share/hadoop/common/lib/commons-configuration-1.6.jar:/opt/hadoop/2.6.0/share/hadoop/common/lib/paranamer-2.3.jar:/opt/hadoop/2.6.0/share/hadoop/common/lib/slf4j-log4j12-1.7.5.jar:/opt/hadoop/2.6.0/share/hadoop/common/lib/mockito-all-1.8.5.jar:/opt/hadoop/2.6.0/share/hadoop/common/lib/commons-beanutils-1.7.0.jar:/opt/hadoop/2.6.0/share/hadoop/common/lib/log4j-1.2.17.jar:/opt/hadoop/2.6.0/share/hadoop/common/lib/commons-io-2.4.jar:/opt/hadoop/2.6.0/share/hadoop/common/lib/jersey-json-1.9.jar:/opt/hadoop/2.6.0/share/hadoop/common/lib/commons-net-3.1.jar:/opt/hadoop/2.6.0/share/hadoop/common/lib/java-xmlbuilder-0.4.jar:/opt/hadoop/2.6.0/share/hadoop/common/lib/zookeeper-3.4.6.jar:/opt/hadoop/2.6.0/share/hadoop/common/lib/jackson-xc-1.9.13.jar:/opt/hadoop/2.6.0/share/hadoop/common/lib/servlet-api-2.5.jar:/opt/hadoop/2.6.0/share/hadoop/common/lib/api-asn1-api-1.0.0-M20.jar:/opt/hadoop/2.6.0/share/hadoop/common/lib/jsp-api-2.1.jar:/opt/hadoop/2.6.0/share/hadoop/common/lib/snappy-java-1.0.4.1.jar:/opt/hadoop/2.6.0/share/hadoop/common/lib/gson-2.2.4.jar:/opt/hadoop/2.6.0/share/hadoop/common/lib/stax-api-1.0-2.jar:/opt/hadoop/2.6.0/share/hadoop/common/lib/jasper-runtime-5.5.23.jar:/opt/hadoop/2.6.0/share/hadoop/common/lib/commons-beanutils-core-1.8.0.jar:/opt/hadoop/2.6.0/share/hadoop/common/lib/commons-math3-3.1.1.jar:/opt/hadoop/2.6.0/share/hadoop/common/lib/apacheds-kerberos-codec-2.0.0-M15.jar:/opt/hadoop/2.6.0/share/hadoop/common/hadoop-nfs-2.6.0.jar:/opt/hadoop/2.6.0/share/hadoop/common/hadoop-common-2.6.0.jar:/opt/hadoop/2.6.0/share/hadoop/common/hadoop-common-2.6.0-tests.jar:/opt/hadoop/2.6.0/share/hadoop/hdfs:/opt/hadoop/2.6.0/share/hadoop/hdfs/lib/jersey-core-1.9.jar:/opt/hadoop/2.6.0/share/hadoop/hdfs/lib/jetty-6.1.26.jar:/opt/hadoop/2.6.0/share/hadoop/hdfs/lib/netty-3.6.2.Final.jar:/opt/hadoop/2.6.0/share/hadoop/hdfs/lib/guava-11.0.2.jar:/opt/hadoop/2.6.0/share/hadoop/hdfs/lib/jersey-server-1.9.jar:/opt/hadoop/2.6.0/share/hadoop/hdfs/lib/xml-apis-1.3.04.jar:/opt/hadoop/2.6.0/share/hadoop/hdfs/lib/htrace-core-3.0.4.jar:/opt/hadoop/2.6.0/share/hadoop/hdfs/lib/commons-codec-1.4.jar:/opt/hadoop/2.6.0/share/hadoop/hdfs/lib/commons-daemon-1.0.13.jar:/opt/hadoop/2.6.0/share/hadoop/hdfs/lib/commons-lang-2.6.jar:/opt/hadoop/2.6.0/share/hadoop/hdfs/lib/asm-3.2.jar:/opt/hadoop/2.6.0/share/hadoop/hdfs/lib/jackson-mapper-asl-1.9.13.jar:/opt/hadoop/2.6.0/share/hadoop/hdfs/lib/jsr305-1.3.9.jar:/opt/hadoop/2.6.0/share/hadoop/hdfs/lib/commons-cli-1.2.jar:/opt/hadoop/2.6.0/share/hadoop/hdfs/lib/commons-el-1.0.jar:/opt/hadoop/2.6.0/share/hadoop/hdfs/lib/protobuf-java-2.5.0.jar:/opt/hadoop/2.6.0/share/hadoop/hdfs/lib/commons-logging-1.1.3.jar:/opt/hadoop/2.6.0/share/hadoop/hdfs/lib/jackson-core-asl-1.9.13.jar:/opt/hadoop/2.6.0/share/hadoop/hdfs/lib/jetty-util-6.1.26.jar:/opt/hadoop/2.6.0/share/hadoop/hdfs/lib/xmlenc-0.52.jar:/opt/hadoop/2.6.0/share/hadoop/hdfs/lib/log4j-1.2.17.jar:/opt/hadoop/2.6.0/share/hadoop/hdfs/lib/commons-io-2.4.jar:/opt/hadoop/2.6.0/share/hadoop/hdfs/lib/servlet-api-2.5.jar:/opt/hadoop/2.6.0/share/hadoop/hdfs/lib/xercesImpl-2.9.1.jar:/opt/hadoop/2.6.0/share/hadoop/hdfs/lib/jsp-api-2.1.jar:/opt/hadoop/2.6.0/share/hadoop/hdfs/lib/jasper-runtime-5.5.23.jar:/opt/hadoop/2.6.0/share/hadoop/hdfs/hadoop-hdfs-nfs-2.6.0.jar:/opt/hadoop/2.6.0/share/hadoop/hdfs/hadoop-hdfs-2.6.0.jar:/opt/hadoop/2.6.0/share/hadoop/hdfs/hadoop-hdfs-2.6.0-tests.jar:/opt/hadoop/2.6.0/share/hadoop/yarn/lib/jersey-core-1.9.jar:/opt/hadoop/2.6.0/share/hadoop/yarn/lib/guice-servlet-3.0.jar:/opt/hadoop/2.6.0/share/hadoop/yarn/lib/jetty-6.1.26.jar:/opt/hadoop/2.6.0/share/hadoop/yarn/lib/netty-3.6.2.Final.jar:/opt/hadoop/2.6.0/share/hadoop/yarn/lib/activation-1.1.jar:/opt/hadoop/2.6.0/share/hadoop/yarn/lib/jettison-1.1.jar:/opt/hadoop/2.6.0/share/hadoop/yarn/lib/guava-11.0.2.jar:/opt/hadoop/2.6.0/share/hadoop/yarn/lib/jersey-server-1.9.jar:/opt/hadoop/2.6.0/share/hadoop/yarn/lib/commons-compress-1.4.1.jar:/opt/hadoop/2.6.0/share/hadoop/yarn/lib/jaxb-impl-2.2.3-1.jar:/opt/hadoop/2.6.0/share/hadoop/yarn/lib/commons-codec-1.4.jar:/opt/hadoop/2.6.0/share/hadoop/yarn/lib/commons-lang-2.6.jar:/opt/hadoop/2.6.0/share/hadoop/yarn/lib/xz-1.0.jar:/opt/hadoop/2.6.0/share/hadoop/yarn/lib/asm-3.2.jar:/opt/hadoop/2.6.0/share/hadoop/yarn/lib/jersey-client-1.9.jar:/opt/hadoop/2.6.0/share/hadoop/yarn/lib/aopalliance-1.0.jar:/opt/hadoop/2.6.0/share/hadoop/yarn/lib/jackson-mapper-asl-1.9.13.jar:/opt/hadoop/2.6.0/share/hadoop/yarn/lib/jsr305-1.3.9.jar:/opt/hadoop/2.6.0/share/hadoop/yarn/lib/jersey-guice-1.9.jar:/opt/hadoop/2.6.0/share/hadoop/yarn/lib/jaxb-api-2.2.2.jar:/opt/hadoop/2.6.0/share/hadoop/yarn/lib/jackson-jaxrs-1.9.13.jar:/opt/hadoop/2.6.0/share/hadoop/yarn/lib/commons-cli-1.2.jar:/opt/hadoop/2.6.0/share/hadoop/yarn/lib/leveldbjni-all-1.8.jar:/opt/hadoop/2.6.0/share/hadoop/yarn/lib/protobuf-java-2.5.0.jar:/opt/hadoop/2.6.0/share/hadoop/yarn/lib/commons-httpclient-3.1.jar:/opt/hadoop/2.6.0/share/hadoop/yarn/lib/commons-logging-1.1.3.jar:/opt/hadoop/2.6.0/share/hadoop/yarn/lib/jackson-core-asl-1.9.13.jar:/opt/hadoop/2.6.0/share/hadoop/yarn/lib/jetty-util-6.1.26.jar:/opt/hadoop/2.6.0/share/hadoop/yarn/lib/commons-collections-3.2.1.jar:/opt/hadoop/2.6.0/share/hadoop/yarn/lib/javax.inject-1.jar:/opt/hadoop/2.6.0/share/hadoop/yarn/lib/guice-3.0.jar:/opt/hadoop/2.6.0/share/hadoop/yarn/lib/log4j-1.2.17.jar:/opt/hadoop/2.6.0/share/hadoop/yarn/lib/commons-io-2.4.jar:/opt/hadoop/2.6.0/share/hadoop/yarn/lib/jersey-json-1.9.jar:/opt/hadoop/2.6.0/share/hadoop/yarn/lib/zookeeper-3.4.6.jar:/opt/hadoop/2.6.0/share/hadoop/yarn/lib/jackson-xc-1.9.13.jar:/opt/hadoop/2.6.0/share/hadoop/yarn/lib/servlet-api-2.5.jar:/opt/hadoop/2.6.0/share/hadoop/yarn/lib/stax-api-1.0-2.jar:/opt/hadoop/2.6.0/share/hadoop/yarn/lib/jline-0.9.94.jar:/opt/hadoop/2.6.0/share/hadoop/yarn/hadoop-yarn-server-applicationhistoryservice-2.6.0.jar:/opt/hadoop/2.6.0/share/hadoop/yarn/hadoop-yarn-registry-2.6.0.jar:/opt/hadoop/2.6.0/share/hadoop/yarn/hadoop-yarn-api-2.6.0.jar:/opt/hadoop/2.6.0/share/hadoop/yarn/hadoop-yarn-server-resourcemanager-2.6.0.jar:/opt/hadoop/2.6.0/share/hadoop/yarn/hadoop-yarn-common-2.6.0.jar:/opt/hadoop/2.6.0/share/hadoop/yarn/hadoop-yarn-client-2.6.0.jar:/opt/hadoop/2.6.0/share/hadoop/yarn/hadoop-yarn-server-web-proxy-2.6.0.jar:/opt/hadoop/2.6.0/share/hadoop/yarn/hadoop-yarn-applications-unmanaged-am-launcher-2.6.0.jar:/opt/hadoop/2.6.0/share/hadoop/yarn/hadoop-yarn-applications-distributedshell-2.6.0.jar:/opt/hadoop/2.6.0/share/hadoop/yarn/hadoop-yarn-server-nodemanager-2.6.0.jar:/opt/hadoop/2.6.0/share/hadoop/yarn/hadoop-yarn-server-tests-2.6.0.jar:/opt/hadoop/2.6.0/share/hadoop/yarn/hadoop-yarn-server-common-2.6.0.jar:/opt/hadoop/2.6.0/share/hadoop/mapreduce/lib/jersey-core-1.9.jar:/opt/hadoop/2.6.0/share/hadoop/mapreduce/lib/guice-servlet-3.0.jar:/opt/hadoop/2.6.0/share/hadoop/mapreduce/lib/junit-4.11.jar:/opt/hadoop/2.6.0/share/hadoop/mapreduce/lib/netty-3.6.2.Final.jar:/opt/hadoop/2.6.0/share/hadoop/mapreduce/lib/jersey-server-1.9.jar:/opt/hadoop/2.6.0/share/hadoop/mapreduce/lib/commons-compress-1.4.1.jar:/opt/hadoop/2.6.0/share/hadoop/mapreduce/lib/xz-1.0.jar:/opt/hadoop/2.6.0/share/hadoop/mapreduce/lib/asm-3.2.jar:/opt/hadoop/2.6.0/share/hadoop/mapreduce/lib/hamcrest-core-1.3.jar:/opt/hadoop/2.6.0/share/hadoop/mapreduce/lib/aopalliance-1.0.jar:/opt/hadoop/2.6.0/share/hadoop/mapreduce/lib/jackson-mapper-asl-1.9.13.jar:/opt/hadoop/2.6.0/share/hadoop/mapreduce/lib/jersey-guice-1.9.jar:/opt/hadoop/2.6.0/share/hadoop/mapreduce/lib/hadoop-annotations-2.6.0.jar:/opt/hadoop/2.6.0/share/hadoop/mapreduce/lib/leveldbjni-all-1.8.jar:/opt/hadoop/2.6.0/share/hadoop/mapreduce/lib/protobuf-java-2.5.0.jar:/opt/hadoop/2.6.0/share/hadoop/mapreduce/lib/jackson-core-asl-1.9.13.jar:/opt/hadoop/2.6.0/share/hadoop/mapreduce/lib/avro-1.7.4.jar:/opt/hadoop/2.6.0/share/hadoop/mapreduce/lib/paranamer-2.3.jar:/opt/hadoop/2.6.0/share/hadoop/mapreduce/lib/javax.inject-1.jar:/opt/hadoop/2.6.0/share/hadoop/mapreduce/lib/guice-3.0.jar:/opt/hadoop/2.6.0/share/hadoop/mapreduce/lib/log4j-1.2.17.jar:/opt/hadoop/2.6.0/share/hadoop/mapreduce/lib/commons-io-2.4.jar:/opt/hadoop/2.6.0/share/hadoop/mapreduce/lib/snappy-java-1.0.4.1.jar:/opt/hadoop/2.6.0/share/hadoop/mapreduce/hadoop-mapreduce-examples-2.6.0.jar:/opt/hadoop/2.6.0/share/hadoop/mapreduce/hadoop-mapreduce-client-shuffle-2.6.0.jar:/opt/hadoop/2.6.0/share/hadoop/mapreduce/hadoop-mapreduce-client-core-2.6.0.jar:/opt/hadoop/2.6.0/share/hadoop/mapreduce/hadoop-mapreduce-client-app-2.6.0.jar:/opt/hadoop/2.6.0/share/hadoop/mapreduce/hadoop-mapreduce-client-hs-plugins-2.6.0.jar:/opt/hadoop/2.6.0/share/hadoop/mapreduce/hadoop-mapreduce-client-jobclient-2.6.0.jar:/opt/hadoop/2.6.0/share/hadoop/mapreduce/hadoop-mapreduce-client-common-2.6.0.jar:/opt/hadoop/2.6.0/share/hadoop/mapreduce/hadoop-mapreduce-client-hs-2.6.0.jar:/opt/hadoop/2.6.0/share/hadoop/mapreduce/hadoop-mapreduce-client-jobclient-2.6.0-tests.jar:/opt/hadoop/2.6.0/contrib/capacity-scheduler/*.jar
STARTUP_MSG:   build = https://git-wip-us.apache.org/repos/asf/hadoop.git -r e3496499ecb8d220fba99dc5ed4c99c8f9e33bb1; compiled by 'jenkins' on 2014-11-13T21:10Z
STARTUP_MSG:   java = 1.8.0_212
************************************************************/
21/05/04 21:08:46 INFO namenode.NameNode: registered UNIX signal handlers for [TERM, HUP, INT]
21/05/04 21:08:46 INFO namenode.NameNode: createNameNode [-format]
21/05/04 21:08:46 WARN common.Util: Path /scratch/dxt5888/39429396/namenode_data should be specified as a URI in configuration files. Please update hdfs configuration.
21/05/04 21:08:46 WARN common.Util: Path /scratch/dxt5888/39429396/namenode_data should be specified as a URI in configuration files. Please update hdfs configuration.
Formatting using clusterid: CID-46d48694-d4c1-4b5d-bfef-f94532e011e1
21/05/04 21:08:46 INFO namenode.FSNamesystem: No KeyProvider found.
21/05/04 21:08:46 INFO namenode.FSNamesystem: fsLock is fair:true
21/05/04 21:08:46 INFO blockmanagement.DatanodeManager: dfs.block.invalidate.limit=1000
21/05/04 21:08:46 INFO blockmanagement.DatanodeManager: dfs.namenode.datanode.registration.ip-hostname-check=true
21/05/04 21:08:46 INFO blockmanagement.BlockManager: dfs.namenode.startup.delay.block.deletion.sec is set to 000:00:00:00.000
21/05/04 21:08:46 INFO blockmanagement.BlockManager: The block deletion will start around 2021 May 04 21:08:46
21/05/04 21:08:46 INFO util.GSet: Computing capacity for map BlocksMap
21/05/04 21:08:46 INFO util.GSet: VM type       = 64-bit
21/05/04 21:08:46 INFO util.GSet: 2.0% max memory 889 MB = 17.8 MB
21/05/04 21:08:46 INFO util.GSet: capacity      = 2^21 = 2097152 entries
21/05/04 21:08:46 INFO blockmanagement.BlockManager: dfs.block.access.token.enable=false
21/05/04 21:08:46 INFO blockmanagement.BlockManager: defaultReplication         = 3
21/05/04 21:08:46 INFO blockmanagement.BlockManager: maxReplication             = 512
21/05/04 21:08:46 INFO blockmanagement.BlockManager: minReplication             = 1
21/05/04 21:08:46 INFO blockmanagement.BlockManager: maxReplicationStreams      = 2
21/05/04 21:08:46 INFO blockmanagement.BlockManager: shouldCheckForEnoughRacks  = false
21/05/04 21:08:46 INFO blockmanagement.BlockManager: replicationRecheckInterval = 3000
21/05/04 21:08:46 INFO blockmanagement.BlockManager: encryptDataTransfer        = false
21/05/04 21:08:46 INFO blockmanagement.BlockManager: maxNumBlocksToLog          = 1000
21/05/04 21:08:46 INFO namenode.FSNamesystem: fsOwner             = dxt5888 (auth:SIMPLE)
21/05/04 21:08:46 INFO namenode.FSNamesystem: supergroup          = supergroup
21/05/04 21:08:46 INFO namenode.FSNamesystem: isPermissionEnabled = true
21/05/04 21:08:46 INFO namenode.FSNamesystem: HA Enabled: false
21/05/04 21:08:46 INFO namenode.FSNamesystem: Append Enabled: true
21/05/04 21:08:46 INFO util.GSet: Computing capacity for map INodeMap
21/05/04 21:08:46 INFO util.GSet: VM type       = 64-bit
21/05/04 21:08:46 INFO util.GSet: 1.0% max memory 889 MB = 8.9 MB
21/05/04 21:08:46 INFO util.GSet: capacity      = 2^20 = 1048576 entries
21/05/04 21:08:46 INFO namenode.NameNode: Caching file names occuring more than 10 times
21/05/04 21:08:46 INFO util.GSet: Computing capacity for map cachedBlocks
21/05/04 21:08:46 INFO util.GSet: VM type       = 64-bit
21/05/04 21:08:46 INFO util.GSet: 0.25% max memory 889 MB = 2.2 MB
21/05/04 21:08:46 INFO util.GSet: capacity      = 2^18 = 262144 entries
21/05/04 21:08:46 INFO namenode.FSNamesystem: dfs.namenode.safemode.threshold-pct = 0.9990000128746033
21/05/04 21:08:46 INFO namenode.FSNamesystem: dfs.namenode.safemode.min.datanodes = 0
21/05/04 21:08:46 INFO namenode.FSNamesystem: dfs.namenode.safemode.extension     = 30000
21/05/04 21:08:46 INFO namenode.FSNamesystem: Retry cache on namenode is enabled
21/05/04 21:08:46 INFO namenode.FSNamesystem: Retry cache will use 0.03 of total heap and retry cache entry expiry time is 600000 millis
21/05/04 21:08:46 INFO util.GSet: Computing capacity for map NameNodeRetryCache
21/05/04 21:08:46 INFO util.GSet: VM type       = 64-bit
21/05/04 21:08:46 INFO util.GSet: 0.029999999329447746% max memory 889 MB = 273.1 KB
21/05/04 21:08:46 INFO util.GSet: capacity      = 2^15 = 32768 entries
21/05/04 21:08:46 INFO namenode.NNConf: ACLs enabled? false
21/05/04 21:08:46 INFO namenode.NNConf: XAttrs enabled? true
21/05/04 21:08:46 INFO namenode.NNConf: Maximum size of an xattr: 16384
21/05/04 21:08:46 INFO namenode.FSImage: Allocated new BlockPoolId: BP-142802214-198.202.112.231-1620187726936
21/05/04 21:08:46 INFO common.Storage: Storage directory /scratch/dxt5888/39429396/namenode_data has been successfully formatted.
21/05/04 21:08:47 INFO namenode.NNStorageRetentionManager: Going to retain 1 images with txid >= 0
21/05/04 21:08:47 INFO util.ExitUtil: Exiting with status 0
21/05/04 21:08:47 INFO namenode.NameNode: SHUTDOWN_MSG: 
/************************************************************
SHUTDOWN_MSG: Shutting down NameNode at comet-14-01.sdsc.edu/198.202.112.231
************************************************************/
myHadoop:  
myHadoop: Enabling experimental Spark support
myHadoop: Using SPARK_CONF_DIR=/home/dxt5888/cometcluster/spark
myHadoop:  
To use Spark, you will want to type the following commands:"
  source /home/dxt5888/cometcluster/spark/spark-env.sh
  myspark start
comet-14-01.ibnet: mkdir: cannot create directory ‘/opt/hadoop/2.6.0/logs’: Permission denied
comet-14-01.ibnet: chown: cannot access ‘/opt/hadoop/2.6.0/logs’: No such file or directory
comet-14-01.ibnet: starting secondarynamenode, logging to /opt/hadoop/2.6.0/logs/hadoop-dxt5888-secondarynamenode-comet-14-01.sdsc.edu.out
comet-14-01.ibnet: /opt/hadoop/2.6.0/sbin/hadoop-daemon.sh: line 159: /opt/hadoop/2.6.0/logs/hadoop-dxt5888-secondarynamenode-comet-14-01.sdsc.edu.out: No such file or directory
comet-14-01.ibnet: head: cannot open ‘/opt/hadoop/2.6.0/logs/hadoop-dxt5888-secondarynamenode-comet-14-01.sdsc.edu.out’ for reading: No such file or directory
comet-14-01.ibnet: /opt/hadoop/2.6.0/sbin/hadoop-daemon.sh: line 177: /opt/hadoop/2.6.0/logs/hadoop-dxt5888-secondarynamenode-comet-14-01.sdsc.edu.out: No such file or directory
comet-14-01.ibnet: /opt/hadoop/2.6.0/sbin/hadoop-daemon.sh: line 178: /opt/hadoop/2.6.0/logs/hadoop-dxt5888-secondarynamenode-comet-14-01.sdsc.edu.out: No such file or directory
Starting namenodes on [comet-14-01.ibnet]
starting yarn daemons
starting resourcemanager, logging to /scratch/dxt5888/39429396/logs/yarn-dxt5888-resourcemanager-comet-14-01.out
comet-14-02.ibnet: starting nodemanager, logging to /scratch/dxt5888/39429396/logs/yarn-dxt5888-nodemanager-comet-14-02.sdsc.edu.out
comet-14-01.ibnet: starting nodemanager, logging to /scratch/dxt5888/39429396/logs/yarn-dxt5888-nodemanager-comet-14-01.sdsc.edu.out
mySpark: Using /home/dxt5888/cometcluster/spark/slaves as our slaves file
mySpark: Reading in /home/dxt5888/cometcluster/spark/spark-env.sh as our slaves file
starting org.apache.spark.deploy.master.Master, logging to /scratch/dxt5888/39429396/logs/spark-dxt5888-org.apache.spark.deploy.master.Master-1-comet-14-01.out
comet-14-01.ibnet: starting namenode, logging to /scratch/dxt5888/39429396/logs/hadoop-dxt5888-namenode-comet-14-01.sdsc.edu.out
mySpark: Starting worker on comet-14-01.ibnet:
  /opt/spark/1.5.2/sbin/spark-daemon.sh --config /home/dxt5888/cometcluster/spark start org.apache.spark.deploy.worker.Worker 1 spark://comet-14-01.ibnet:7077
starting org.apache.spark.deploy.worker.Worker, logging to /scratch/dxt5888/39429396/logs/spark-dxt5888-org.apache.spark.deploy.worker.Worker-1-comet-14-01.sdsc.edu.out
mySpark: Starting worker on comet-14-02.ibnet:
  /opt/spark/1.5.2/sbin/spark-daemon.sh --config /home/dxt5888/cometcluster/spark start org.apache.spark.deploy.worker.Worker 1 spark://comet-14-01.ibnet:7077
starting org.apache.spark.deploy.worker.Worker, logging to /scratch/dxt5888/39429396/logs/spark-dxt5888-org.apache.spark.deploy.worker.Worker-1-comet-14-02.sdsc.edu.out
comet-14-02.ibnet: starting datanode, logging to /scratch/dxt5888/39429396/logs/hadoop-dxt5888-datanode-comet-14-02.sdsc.edu.out
comet-14-01.ibnet: starting datanode, logging to /scratch/dxt5888/39429396/logs/hadoop-dxt5888-datanode-comet-14-01.sdsc.edu.out
Starting secondary namenodes [comet-14-01.ibnet]
mkdir: Permission denied: user=dxt5888, access=WRITE, inode="/user":apoorva:supergroup:drwxr-xr-x
put: `/user/dxt5888/large-twitter.csv': No such file or directory
comet-14-01.ibnet: starting secondarynamenode, logging to /scratch/dxt5888/39429396/logs/hadoop-dxt5888-secondarynamenode-comet-14-01.sdsc.edu.out
21/05/04 21:09:04 INFO spark.SparkContext: Running Spark version 1.5.2
21/05/04 21:09:04 WARN util.NativeCodeLoader: Unable to load native-hadoop library for your platform... using builtin-java classes where applicable
21/05/04 21:09:04 INFO spark.SecurityManager: Changing view acls to: dxt5888
21/05/04 21:09:04 INFO spark.SecurityManager: Changing modify acls to: dxt5888
21/05/04 21:09:04 INFO spark.SecurityManager: SecurityManager: authentication disabled; ui acls disabled; users with view permissions: Set(dxt5888); users with modify permissions: Set(dxt5888)
21/05/04 21:09:05 INFO slf4j.Slf4jLogger: Slf4jLogger started
21/05/04 21:09:05 INFO Remoting: Starting remoting
21/05/04 21:09:05 INFO Remoting: Remoting started; listening on addresses :[akka.tcp://sparkDriver@10.22.252.158:43156]
21/05/04 21:09:05 INFO util.Utils: Successfully started service 'sparkDriver' on port 43156.
21/05/04 21:09:05 INFO spark.SparkEnv: Registering MapOutputTracker
21/05/04 21:09:05 INFO spark.SparkEnv: Registering BlockManagerMaster
21/05/04 21:09:05 INFO storage.DiskBlockManager: Created local directory at /tmp/blockmgr-bee9e838-bcc5-4c10-b82c-4925445fa654
21/05/04 21:09:05 INFO storage.MemoryStore: MemoryStore started with capacity 530.0 MB
21/05/04 21:09:05 INFO spark.HttpFileServer: HTTP File server directory is /tmp/spark-6365b845-92e4-4193-9dd2-32b44eb83ab8/httpd-a4bd648d-7178-4847-8c46-6ce7c0d90d7a
21/05/04 21:09:05 INFO spark.HttpServer: Starting HTTP Server
21/05/04 21:09:05 INFO server.Server: jetty-8.y.z-SNAPSHOT
21/05/04 21:09:05 INFO server.AbstractConnector: Started SocketConnector@0.0.0.0:37484
21/05/04 21:09:05 INFO util.Utils: Successfully started service 'HTTP file server' on port 37484.
21/05/04 21:09:05 INFO spark.SparkEnv: Registering OutputCommitCoordinator
21/05/04 21:09:05 INFO server.Server: jetty-8.y.z-SNAPSHOT
21/05/04 21:09:05 WARN component.AbstractLifeCycle: FAILED SelectChannelConnector@0.0.0.0:4040: java.net.BindException: Address already in use
java.net.BindException: Address already in use
	at sun.nio.ch.Net.bind0(Native Method)
	at sun.nio.ch.Net.bind(Net.java:433)
	at sun.nio.ch.Net.bind(Net.java:425)
	at sun.nio.ch.ServerSocketChannelImpl.bind(ServerSocketChannelImpl.java:223)
	at sun.nio.ch.ServerSocketAdaptor.bind(ServerSocketAdaptor.java:74)
	at org.spark-project.jetty.server.nio.SelectChannelConnector.open(SelectChannelConnector.java:187)
	at org.spark-project.jetty.server.AbstractConnector.doStart(AbstractConnector.java:316)
	at org.spark-project.jetty.server.nio.SelectChannelConnector.doStart(SelectChannelConnector.java:265)
	at org.spark-project.jetty.util.component.AbstractLifeCycle.start(AbstractLifeCycle.java:64)
	at org.spark-project.jetty.server.Server.doStart(Server.java:293)
	at org.spark-project.jetty.util.component.AbstractLifeCycle.start(AbstractLifeCycle.java:64)
	at org.apache.spark.ui.JettyUtils$.org$apache$spark$ui$JettyUtils$$connect$1(JettyUtils.scala:236)
	at org.apache.spark.ui.JettyUtils$$anonfun$3.apply(JettyUtils.scala:246)
	at org.apache.spark.ui.JettyUtils$$anonfun$3.apply(JettyUtils.scala:246)
	at org.apache.spark.util.Utils$$anonfun$startServiceOnPort$1.apply$mcVI$sp(Utils.scala:1920)
	at scala.collection.immutable.Range.foreach$mVc$sp(Range.scala:141)
	at org.apache.spark.util.Utils$.startServiceOnPort(Utils.scala:1911)
	at org.apache.spark.ui.JettyUtils$.startJettyServer(JettyUtils.scala:246)
	at org.apache.spark.ui.WebUI.bind(WebUI.scala:136)
	at org.apache.spark.SparkContext$$anonfun$13.apply(SparkContext.scala:474)
	at org.apache.spark.SparkContext$$anonfun$13.apply(SparkContext.scala:474)
	at scala.Option.foreach(Option.scala:236)
	at org.apache.spark.SparkContext.<init>(SparkContext.scala:474)
	at PageRank$.main(PageRank.scala:10)
	at PageRank.main(PageRank.scala)
	at sun.reflect.NativeMethodAccessorImpl.invoke0(Native Method)
	at sun.reflect.NativeMethodAccessorImpl.invoke(NativeMethodAccessorImpl.java:62)
	at sun.reflect.DelegatingMethodAccessorImpl.invoke(DelegatingMethodAccessorImpl.java:43)
	at java.lang.reflect.Method.invoke(Method.java:498)
	at org.apache.spark.deploy.SparkSubmit$.org$apache$spark$deploy$SparkSubmit$$runMain(SparkSubmit.scala:674)
	at org.apache.spark.deploy.SparkSubmit$.doRunMain$1(SparkSubmit.scala:180)
	at org.apache.spark.deploy.SparkSubmit$.submit(SparkSubmit.scala:205)
	at org.apache.spark.deploy.SparkSubmit$.main(SparkSubmit.scala:120)
	at org.apache.spark.deploy.SparkSubmit.main(SparkSubmit.scala)
21/05/04 21:09:05 WARN component.AbstractLifeCycle: FAILED org.spark-project.jetty.server.Server@590c73d3: java.net.BindException: Address already in use
java.net.BindException: Address already in use
	at sun.nio.ch.Net.bind0(Native Method)
	at sun.nio.ch.Net.bind(Net.java:433)
	at sun.nio.ch.Net.bind(Net.java:425)
	at sun.nio.ch.ServerSocketChannelImpl.bind(ServerSocketChannelImpl.java:223)
	at sun.nio.ch.ServerSocketAdaptor.bind(ServerSocketAdaptor.java:74)
	at org.spark-project.jetty.server.nio.SelectChannelConnector.open(SelectChannelConnector.java:187)
	at org.spark-project.jetty.server.AbstractConnector.doStart(AbstractConnector.java:316)
	at org.spark-project.jetty.server.nio.SelectChannelConnector.doStart(SelectChannelConnector.java:265)
	at org.spark-project.jetty.util.component.AbstractLifeCycle.start(AbstractLifeCycle.java:64)
	at org.spark-project.jetty.server.Server.doStart(Server.java:293)
	at org.spark-project.jetty.util.component.AbstractLifeCycle.start(AbstractLifeCycle.java:64)
	at org.apache.spark.ui.JettyUtils$.org$apache$spark$ui$JettyUtils$$connect$1(JettyUtils.scala:236)
	at org.apache.spark.ui.JettyUtils$$anonfun$3.apply(JettyUtils.scala:246)
	at org.apache.spark.ui.JettyUtils$$anonfun$3.apply(JettyUtils.scala:246)
	at org.apache.spark.util.Utils$$anonfun$startServiceOnPort$1.apply$mcVI$sp(Utils.scala:1920)
	at scala.collection.immutable.Range.foreach$mVc$sp(Range.scala:141)
	at org.apache.spark.util.Utils$.startServiceOnPort(Utils.scala:1911)
	at org.apache.spark.ui.JettyUtils$.startJettyServer(JettyUtils.scala:246)
	at org.apache.spark.ui.WebUI.bind(WebUI.scala:136)
	at org.apache.spark.SparkContext$$anonfun$13.apply(SparkContext.scala:474)
	at org.apache.spark.SparkContext$$anonfun$13.apply(SparkContext.scala:474)
	at scala.Option.foreach(Option.scala:236)
	at org.apache.spark.SparkContext.<init>(SparkContext.scala:474)
	at PageRank$.main(PageRank.scala:10)
	at PageRank.main(PageRank.scala)
	at sun.reflect.NativeMethodAccessorImpl.invoke0(Native Method)
	at sun.reflect.NativeMethodAccessorImpl.invoke(NativeMethodAccessorImpl.java:62)
	at sun.reflect.DelegatingMethodAccessorImpl.invoke(DelegatingMethodAccessorImpl.java:43)
	at java.lang.reflect.Method.invoke(Method.java:498)
	at org.apache.spark.deploy.SparkSubmit$.org$apache$spark$deploy$SparkSubmit$$runMain(SparkSubmit.scala:674)
	at org.apache.spark.deploy.SparkSubmit$.doRunMain$1(SparkSubmit.scala:180)
	at org.apache.spark.deploy.SparkSubmit$.submit(SparkSubmit.scala:205)
	at org.apache.spark.deploy.SparkSubmit$.main(SparkSubmit.scala:120)
	at org.apache.spark.deploy.SparkSubmit.main(SparkSubmit.scala)
21/05/04 21:09:05 INFO handler.ContextHandler: stopped o.s.j.s.ServletContextHandler{/stages/stage/kill,null}
21/05/04 21:09:05 INFO handler.ContextHandler: stopped o.s.j.s.ServletContextHandler{/api,null}
21/05/04 21:09:05 INFO handler.ContextHandler: stopped o.s.j.s.ServletContextHandler{/,null}
21/05/04 21:09:05 INFO handler.ContextHandler: stopped o.s.j.s.ServletContextHandler{/static,null}
21/05/04 21:09:05 INFO handler.ContextHandler: stopped o.s.j.s.ServletContextHandler{/executors/threadDump/json,null}
21/05/04 21:09:05 INFO handler.ContextHandler: stopped o.s.j.s.ServletContextHandler{/executors/threadDump,null}
21/05/04 21:09:05 INFO handler.ContextHandler: stopped o.s.j.s.ServletContextHandler{/executors/json,null}
21/05/04 21:09:05 INFO handler.ContextHandler: stopped o.s.j.s.ServletContextHandler{/executors,null}
21/05/04 21:09:05 INFO handler.ContextHandler: stopped o.s.j.s.ServletContextHandler{/environment/json,null}
21/05/04 21:09:05 INFO handler.ContextHandler: stopped o.s.j.s.ServletContextHandler{/environment,null}
21/05/04 21:09:05 INFO handler.ContextHandler: stopped o.s.j.s.ServletContextHandler{/storage/rdd/json,null}
21/05/04 21:09:05 INFO handler.ContextHandler: stopped o.s.j.s.ServletContextHandler{/storage/rdd,null}
21/05/04 21:09:05 INFO handler.ContextHandler: stopped o.s.j.s.ServletContextHandler{/storage/json,null}
21/05/04 21:09:05 INFO handler.ContextHandler: stopped o.s.j.s.ServletContextHandler{/storage,null}
21/05/04 21:09:05 INFO handler.ContextHandler: stopped o.s.j.s.ServletContextHandler{/stages/pool/json,null}
21/05/04 21:09:05 INFO handler.ContextHandler: stopped o.s.j.s.ServletContextHandler{/stages/pool,null}
21/05/04 21:09:05 INFO handler.ContextHandler: stopped o.s.j.s.ServletContextHandler{/stages/stage/json,null}
21/05/04 21:09:05 INFO handler.ContextHandler: stopped o.s.j.s.ServletContextHandler{/stages/stage,null}
21/05/04 21:09:05 INFO handler.ContextHandler: stopped o.s.j.s.ServletContextHandler{/stages/json,null}
21/05/04 21:09:05 INFO handler.ContextHandler: stopped o.s.j.s.ServletContextHandler{/stages,null}
21/05/04 21:09:05 INFO handler.ContextHandler: stopped o.s.j.s.ServletContextHandler{/jobs/job/json,null}
21/05/04 21:09:05 INFO handler.ContextHandler: stopped o.s.j.s.ServletContextHandler{/jobs/job,null}
21/05/04 21:09:05 INFO handler.ContextHandler: stopped o.s.j.s.ServletContextHandler{/jobs/json,null}
21/05/04 21:09:05 INFO handler.ContextHandler: stopped o.s.j.s.ServletContextHandler{/jobs,null}
21/05/04 21:09:05 WARN util.Utils: Service 'SparkUI' could not bind on port 4040. Attempting port 4041.
21/05/04 21:09:05 INFO server.Server: jetty-8.y.z-SNAPSHOT
21/05/04 21:09:05 INFO server.AbstractConnector: Started SelectChannelConnector@0.0.0.0:4041
21/05/04 21:09:05 INFO util.Utils: Successfully started service 'SparkUI' on port 4041.
21/05/04 21:09:05 INFO ui.SparkUI: Started SparkUI at http://10.22.252.158:4041
21/05/04 21:09:05 INFO spark.SparkContext: Added JAR file:/home/dxt5888/project8/pagerank.jar at http://10.22.252.158:37484/jars/pagerank.jar with timestamp 1620187745839
21/05/04 21:09:05 WARN metrics.MetricsSystem: Using default name DAGScheduler for source because spark.app.id is not set.
21/05/04 21:09:05 INFO client.AppClient$ClientEndpoint: Connecting to master spark://comet-14-01.ibnet:7077...
starting yarn daemons
starting resourcemanager, logging to /scratch/dxt5888/39429396/logs/yarn-dxt5888-resourcemanager-comet-14-01.out
21/05/04 21:09:06 INFO cluster.SparkDeploySchedulerBackend: Connected to Spark cluster with app ID app-20210504210906-0007
21/05/04 21:09:06 INFO util.Utils: Successfully started service 'org.apache.spark.network.netty.NettyBlockTransferService' on port 46006.
21/05/04 21:09:06 INFO netty.NettyBlockTransferService: Server created on 46006
21/05/04 21:09:06 INFO storage.BlockManagerMaster: Trying to register BlockManager
21/05/04 21:09:06 INFO storage.BlockManagerMasterEndpoint: Registering block manager 10.22.252.158:46006 with 530.0 MB RAM, BlockManagerId(driver, 10.22.252.158, 46006)
21/05/04 21:09:06 INFO storage.BlockManagerMaster: Registered BlockManager
21/05/04 21:09:06 INFO cluster.SparkDeploySchedulerBackend: SchedulerBackend is ready for scheduling beginning after reached minRegisteredResourcesRatio: 0.0
21/05/04 21:09:06 INFO storage.MemoryStore: ensureFreeSpace(120176) called with curMem=0, maxMem=555755765
21/05/04 21:09:06 INFO storage.MemoryStore: Block broadcast_0 stored as values in memory (estimated size 117.4 KB, free 529.9 MB)
21/05/04 21:09:06 INFO storage.MemoryStore: ensureFreeSpace(12888) called with curMem=120176, maxMem=555755765
21/05/04 21:09:06 INFO storage.MemoryStore: Block broadcast_0_piece0 stored as bytes in memory (estimated size 12.6 KB, free 529.9 MB)
21/05/04 21:09:06 INFO storage.BlockManagerInfo: Added broadcast_0_piece0 in memory on 10.22.252.158:46006 (size: 12.6 KB, free: 530.0 MB)
21/05/04 21:09:06 INFO spark.SparkContext: Created broadcast 0 from textFile at PageRank.scala:16
Exception in thread "main" org.apache.hadoop.mapred.InvalidInputException: Input path does not exist: hdfs://comet-14-01.ibnet:54310/user/dxt5888/large-twitter.csv
	at org.apache.hadoop.mapred.FileInputFormat.singleThreadedListStatus(FileInputFormat.java:285)
	at org.apache.hadoop.mapred.FileInputFormat.listStatus(FileInputFormat.java:228)
	at org.apache.hadoop.mapred.FileInputFormat.getSplits(FileInputFormat.java:304)
	at org.apache.spark.rdd.HadoopRDD.getPartitions(HadoopRDD.scala:207)
	at org.apache.spark.rdd.RDD$$anonfun$partitions$2.apply(RDD.scala:239)
	at org.apache.spark.rdd.RDD$$anonfun$partitions$2.apply(RDD.scala:237)
	at scala.Option.getOrElse(Option.scala:120)
	at org.apache.spark.rdd.RDD.partitions(RDD.scala:237)
	at org.apache.spark.rdd.MapPartitionsRDD.getPartitions(MapPartitionsRDD.scala:35)
	at org.apache.spark.rdd.RDD$$anonfun$partitions$2.apply(RDD.scala:239)
	at org.apache.spark.rdd.RDD$$anonfun$partitions$2.apply(RDD.scala:237)
	at scala.Option.getOrElse(Option.scala:120)
	at org.apache.spark.rdd.RDD.partitions(RDD.scala:237)
	at org.apache.spark.rdd.MapPartitionsRDD.getPartitions(MapPartitionsRDD.scala:35)
	at org.apache.spark.rdd.RDD$$anonfun$partitions$2.apply(RDD.scala:239)
	at org.apache.spark.rdd.RDD$$anonfun$partitions$2.apply(RDD.scala:237)
	at scala.Option.getOrElse(Option.scala:120)
	at org.apache.spark.rdd.RDD.partitions(RDD.scala:237)
	at org.apache.spark.rdd.MapPartitionsRDD.getPartitions(MapPartitionsRDD.scala:35)
	at org.apache.spark.rdd.RDD$$anonfun$partitions$2.apply(RDD.scala:239)
	at org.apache.spark.rdd.RDD$$anonfun$partitions$2.apply(RDD.scala:237)
	at scala.Option.getOrElse(Option.scala:120)
	at org.apache.spark.rdd.RDD.partitions(RDD.scala:237)
	at org.apache.spark.rdd.MapPartitionsRDD.getPartitions(MapPartitionsRDD.scala:35)
	at org.apache.spark.rdd.RDD$$anonfun$partitions$2.apply(RDD.scala:239)
	at org.apache.spark.rdd.RDD$$anonfun$partitions$2.apply(RDD.scala:237)
	at scala.Option.getOrElse(Option.scala:120)
	at org.apache.spark.rdd.RDD.partitions(RDD.scala:237)
	at org.apache.spark.Partitioner$.defaultPartitioner(Partitioner.scala:65)
	at org.apache.spark.rdd.PairRDDFunctions$$anonfun$reduceByKey$3.apply(PairRDDFunctions.scala:290)
	at org.apache.spark.rdd.PairRDDFunctions$$anonfun$reduceByKey$3.apply(PairRDDFunctions.scala:290)
	at org.apache.spark.rdd.RDDOperationScope$.withScope(RDDOperationScope.scala:147)
	at org.apache.spark.rdd.RDDOperationScope$.withScope(RDDOperationScope.scala:108)
	at org.apache.spark.rdd.RDD.withScope(RDD.scala:310)
	at org.apache.spark.rdd.PairRDDFunctions.reduceByKey(PairRDDFunctions.scala:289)
	at PageRank$.main(PageRank.scala:27)
	at PageRank.main(PageRank.scala)
	at sun.reflect.NativeMethodAccessorImpl.invoke0(Native Method)
	at sun.reflect.NativeMethodAccessorImpl.invoke(NativeMethodAccessorImpl.java:62)
	at sun.reflect.DelegatingMethodAccessorImpl.invoke(DelegatingMethodAccessorImpl.java:43)
	at java.lang.reflect.Method.invoke(Method.java:498)
	at org.apache.spark.deploy.SparkSubmit$.org$apache$spark$deploy$SparkSubmit$$runMain(SparkSubmit.scala:674)
	at org.apache.spark.deploy.SparkSubmit$.doRunMain$1(SparkSubmit.scala:180)
	at org.apache.spark.deploy.SparkSubmit$.submit(SparkSubmit.scala:205)
	at org.apache.spark.deploy.SparkSubmit$.main(SparkSubmit.scala:120)
	at org.apache.spark.deploy.SparkSubmit.main(SparkSubmit.scala)
21/05/04 21:09:07 INFO spark.SparkContext: Invoking stop() from shutdown hook
21/05/04 21:09:07 INFO handler.ContextHandler: stopped o.s.j.s.ServletContextHandler{/metrics/json,null}
21/05/04 21:09:07 INFO handler.ContextHandler: stopped o.s.j.s.ServletContextHandler{/stages/stage/kill,null}
21/05/04 21:09:07 INFO handler.ContextHandler: stopped o.s.j.s.ServletContextHandler{/api,null}
21/05/04 21:09:07 INFO handler.ContextHandler: stopped o.s.j.s.ServletContextHandler{/,null}
21/05/04 21:09:07 INFO handler.ContextHandler: stopped o.s.j.s.ServletContextHandler{/static,null}
21/05/04 21:09:07 INFO handler.ContextHandler: stopped o.s.j.s.ServletContextHandler{/executors/threadDump/json,null}
21/05/04 21:09:07 INFO handler.ContextHandler: stopped o.s.j.s.ServletContextHandler{/executors/threadDump,null}
21/05/04 21:09:07 INFO handler.ContextHandler: stopped o.s.j.s.ServletContextHandler{/executors/json,null}
21/05/04 21:09:07 INFO handler.ContextHandler: stopped o.s.j.s.ServletContextHandler{/executors,null}
21/05/04 21:09:07 INFO handler.ContextHandler: stopped o.s.j.s.ServletContextHandler{/environment/json,null}
21/05/04 21:09:07 INFO handler.ContextHandler: stopped o.s.j.s.ServletContextHandler{/environment,null}
21/05/04 21:09:07 INFO handler.ContextHandler: stopped o.s.j.s.ServletContextHandler{/storage/rdd/json,null}
21/05/04 21:09:07 INFO handler.ContextHandler: stopped o.s.j.s.ServletContextHandler{/storage/rdd,null}
21/05/04 21:09:07 INFO handler.ContextHandler: stopped o.s.j.s.ServletContextHandler{/storage/json,null}
21/05/04 21:09:07 INFO handler.ContextHandler: stopped o.s.j.s.ServletContextHandler{/storage,null}
21/05/04 21:09:07 INFO handler.ContextHandler: stopped o.s.j.s.ServletContextHandler{/stages/pool/json,null}
21/05/04 21:09:07 INFO handler.ContextHandler: stopped o.s.j.s.ServletContextHandler{/stages/pool,null}
21/05/04 21:09:07 INFO handler.ContextHandler: stopped o.s.j.s.ServletContextHandler{/stages/stage/json,null}
21/05/04 21:09:07 INFO handler.ContextHandler: stopped o.s.j.s.ServletContextHandler{/stages/stage,null}
21/05/04 21:09:07 INFO handler.ContextHandler: stopped o.s.j.s.ServletContextHandler{/stages/json,null}
21/05/04 21:09:07 INFO handler.ContextHandler: stopped o.s.j.s.ServletContextHandler{/stages,null}
21/05/04 21:09:07 INFO handler.ContextHandler: stopped o.s.j.s.ServletContextHandler{/jobs/job/json,null}
21/05/04 21:09:07 INFO handler.ContextHandler: stopped o.s.j.s.ServletContextHandler{/jobs/job,null}
21/05/04 21:09:07 INFO handler.ContextHandler: stopped o.s.j.s.ServletContextHandler{/jobs/json,null}
21/05/04 21:09:07 INFO handler.ContextHandler: stopped o.s.j.s.ServletContextHandler{/jobs,null}
21/05/04 21:09:07 INFO ui.SparkUI: Stopped Spark web UI at http://10.22.252.158:4041
21/05/04 21:09:07 INFO scheduler.DAGScheduler: Stopping DAGScheduler
21/05/04 21:09:07 INFO cluster.SparkDeploySchedulerBackend: Shutting down all executors
21/05/04 21:09:07 INFO cluster.SparkDeploySchedulerBackend: Asking each executor to shut down
21/05/04 21:09:07 INFO spark.MapOutputTrackerMasterEndpoint: MapOutputTrackerMasterEndpoint stopped!
21/05/04 21:09:07 INFO storage.MemoryStore: MemoryStore cleared
21/05/04 21:09:07 INFO storage.BlockManager: BlockManager stopped
21/05/04 21:09:07 INFO storage.BlockManagerMaster: BlockManagerMaster stopped
21/05/04 21:09:07 INFO scheduler.OutputCommitCoordinator$OutputCommitCoordinatorEndpoint: OutputCommitCoordinator stopped!
21/05/04 21:09:07 INFO spark.SparkContext: Successfully stopped SparkContext
21/05/04 21:09:07 INFO util.ShutdownHookManager: Shutdown hook called
21/05/04 21:09:07 INFO util.ShutdownHookManager: Deleting directory /tmp/spark-6365b845-92e4-4193-9dd2-32b44eb83ab8
21/05/04 21:09:07 INFO remote.RemoteActorRefProvider$RemotingTerminator: Shutting down remote daemon.
21/05/04 21:09:07 INFO remote.RemoteActorRefProvider$RemotingTerminator: Remote daemon shut down; proceeding with flushing remote transports.
21/05/04 21:09:07 INFO remote.RemoteActorRefProvider$RemotingTerminator: Remoting shut down.
stopping yarn daemons
no resourcemanager to stop
comet-14-01.ibnet: starting nodemanager, logging to /scratch/dxt5888/39429396/logs/yarn-dxt5888-nodemanager-comet-14-01.sdsc.edu.out
comet-14-02.ibnet: starting nodemanager, logging to /scratch/dxt5888/39429396/logs/yarn-dxt5888-nodemanager-comet-14-02.sdsc.edu.out
mySpark: Using /home/dxt5888/cometcluster/spark/slaves as our slaves file
mySpark: Reading in /home/dxt5888/cometcluster/spark/spark-env.sh as our slaves file
org.apache.spark.deploy.master.Master running as process 18098.  Stop it first.
mySpark: Starting worker on comet-14-01.ibnet:
  /opt/spark/1.5.2/sbin/spark-daemon.sh --config /home/dxt5888/cometcluster/spark start org.apache.spark.deploy.worker.Worker 1 spark://comet-14-01.ibnet:7077
org.apache.spark.deploy.worker.Worker running as process 18943.  Stop it first.
mySpark: Starting worker on comet-14-02.ibnet:
  /opt/spark/1.5.2/sbin/spark-daemon.sh --config /home/dxt5888/cometcluster/spark start org.apache.spark.deploy.worker.Worker 1 spark://comet-14-01.ibnet:7077
org.apache.spark.deploy.worker.Worker running as process 8246.  Stop it first.
mkdir: Permission denied: user=dxt5888, access=WRITE, inode="/user":apoorva:supergroup:drwxr-xr-x
put: `/user/dxt5888/large-twitter.csv': No such file or directory
comet-14-02.ibnet: stopping nodemanager
comet-14-01.ibnet: stopping nodemanager
no proxyserver to stop
21/05/04 21:09:13 INFO spark.SparkContext: Running Spark version 1.5.2
21/05/04 21:09:13 WARN util.NativeCodeLoader: Unable to load native-hadoop library for your platform... using builtin-java classes where applicable
21/05/04 21:09:13 INFO spark.SecurityManager: Changing view acls to: dxt5888
21/05/04 21:09:13 INFO spark.SecurityManager: Changing modify acls to: dxt5888
21/05/04 21:09:13 INFO spark.SecurityManager: SecurityManager: authentication disabled; ui acls disabled; users with view permissions: Set(dxt5888); users with modify permissions: Set(dxt5888)
21/05/04 21:09:14 INFO slf4j.Slf4jLogger: Slf4jLogger started
Stopping namenodes on [comet-14-01.ibnet]
21/05/04 21:09:14 INFO Remoting: Starting remoting
21/05/04 21:09:14 INFO Remoting: Remoting started; listening on addresses :[akka.tcp://sparkDriver@10.22.252.158:44970]
21/05/04 21:09:14 INFO util.Utils: Successfully started service 'sparkDriver' on port 44970.
21/05/04 21:09:14 INFO spark.SparkEnv: Registering MapOutputTracker
21/05/04 21:09:14 INFO spark.SparkEnv: Registering BlockManagerMaster
21/05/04 21:09:14 INFO storage.DiskBlockManager: Created local directory at /tmp/blockmgr-324ce759-8acd-457c-bb13-d2cc567e56bb
21/05/04 21:09:14 INFO storage.MemoryStore: MemoryStore started with capacity 530.0 MB
21/05/04 21:09:14 INFO spark.HttpFileServer: HTTP File server directory is /tmp/spark-f3cad0bb-e448-42d5-bed2-b2225d37bb7b/httpd-7aa61330-5f34-4376-a864-3d15b1e9894e
21/05/04 21:09:14 INFO spark.HttpServer: Starting HTTP Server
21/05/04 21:09:14 INFO server.Server: jetty-8.y.z-SNAPSHOT
21/05/04 21:09:14 INFO server.AbstractConnector: Started SocketConnector@0.0.0.0:34629
21/05/04 21:09:14 INFO util.Utils: Successfully started service 'HTTP file server' on port 34629.
21/05/04 21:09:14 INFO spark.SparkEnv: Registering OutputCommitCoordinator
21/05/04 21:09:15 INFO server.Server: jetty-8.y.z-SNAPSHOT
21/05/04 21:09:15 WARN component.AbstractLifeCycle: FAILED SelectChannelConnector@0.0.0.0:4040: java.net.BindException: Address already in use
java.net.BindException: Address already in use
	at sun.nio.ch.Net.bind0(Native Method)
	at sun.nio.ch.Net.bind(Net.java:433)
	at sun.nio.ch.Net.bind(Net.java:425)
	at sun.nio.ch.ServerSocketChannelImpl.bind(ServerSocketChannelImpl.java:223)
	at sun.nio.ch.ServerSocketAdaptor.bind(ServerSocketAdaptor.java:74)
	at org.spark-project.jetty.server.nio.SelectChannelConnector.open(SelectChannelConnector.java:187)
	at org.spark-project.jetty.server.AbstractConnector.doStart(AbstractConnector.java:316)
	at org.spark-project.jetty.server.nio.SelectChannelConnector.doStart(SelectChannelConnector.java:265)
	at org.spark-project.jetty.util.component.AbstractLifeCycle.start(AbstractLifeCycle.java:64)
	at org.spark-project.jetty.server.Server.doStart(Server.java:293)
	at org.spark-project.jetty.util.component.AbstractLifeCycle.start(AbstractLifeCycle.java:64)
	at org.apache.spark.ui.JettyUtils$.org$apache$spark$ui$JettyUtils$$connect$1(JettyUtils.scala:236)
	at org.apache.spark.ui.JettyUtils$$anonfun$3.apply(JettyUtils.scala:246)
	at org.apache.spark.ui.JettyUtils$$anonfun$3.apply(JettyUtils.scala:246)
	at org.apache.spark.util.Utils$$anonfun$startServiceOnPort$1.apply$mcVI$sp(Utils.scala:1920)
	at scala.collection.immutable.Range.foreach$mVc$sp(Range.scala:141)
	at org.apache.spark.util.Utils$.startServiceOnPort(Utils.scala:1911)
	at org.apache.spark.ui.JettyUtils$.startJettyServer(JettyUtils.scala:246)
	at org.apache.spark.ui.WebUI.bind(WebUI.scala:136)
	at org.apache.spark.SparkContext$$anonfun$13.apply(SparkContext.scala:474)
	at org.apache.spark.SparkContext$$anonfun$13.apply(SparkContext.scala:474)
	at scala.Option.foreach(Option.scala:236)
	at org.apache.spark.SparkContext.<init>(SparkContext.scala:474)
	at PageRank$.main(PageRank.scala:10)
	at PageRank.main(PageRank.scala)
	at sun.reflect.NativeMethodAccessorImpl.invoke0(Native Method)
	at sun.reflect.NativeMethodAccessorImpl.invoke(NativeMethodAccessorImpl.java:62)
	at sun.reflect.DelegatingMethodAccessorImpl.invoke(DelegatingMethodAccessorImpl.java:43)
	at java.lang.reflect.Method.invoke(Method.java:498)
	at org.apache.spark.deploy.SparkSubmit$.org$apache$spark$deploy$SparkSubmit$$runMain(SparkSubmit.scala:674)
	at org.apache.spark.deploy.SparkSubmit$.doRunMain$1(SparkSubmit.scala:180)
	at org.apache.spark.deploy.SparkSubmit$.submit(SparkSubmit.scala:205)
	at org.apache.spark.deploy.SparkSubmit$.main(SparkSubmit.scala:120)
	at org.apache.spark.deploy.SparkSubmit.main(SparkSubmit.scala)
21/05/04 21:09:15 WARN component.AbstractLifeCycle: FAILED org.spark-project.jetty.server.Server@590c73d3: java.net.BindException: Address already in use
java.net.BindException: Address already in use
	at sun.nio.ch.Net.bind0(Native Method)
	at sun.nio.ch.Net.bind(Net.java:433)
	at sun.nio.ch.Net.bind(Net.java:425)
	at sun.nio.ch.ServerSocketChannelImpl.bind(ServerSocketChannelImpl.java:223)
	at sun.nio.ch.ServerSocketAdaptor.bind(ServerSocketAdaptor.java:74)
	at org.spark-project.jetty.server.nio.SelectChannelConnector.open(SelectChannelConnector.java:187)
	at org.spark-project.jetty.server.AbstractConnector.doStart(AbstractConnector.java:316)
	at org.spark-project.jetty.server.nio.SelectChannelConnector.doStart(SelectChannelConnector.java:265)
	at org.spark-project.jetty.util.component.AbstractLifeCycle.start(AbstractLifeCycle.java:64)
	at org.spark-project.jetty.server.Server.doStart(Server.java:293)
	at org.spark-project.jetty.util.component.AbstractLifeCycle.start(AbstractLifeCycle.java:64)
	at org.apache.spark.ui.JettyUtils$.org$apache$spark$ui$JettyUtils$$connect$1(JettyUtils.scala:236)
	at org.apache.spark.ui.JettyUtils$$anonfun$3.apply(JettyUtils.scala:246)
	at org.apache.spark.ui.JettyUtils$$anonfun$3.apply(JettyUtils.scala:246)
	at org.apache.spark.util.Utils$$anonfun$startServiceOnPort$1.apply$mcVI$sp(Utils.scala:1920)
	at scala.collection.immutable.Range.foreach$mVc$sp(Range.scala:141)
	at org.apache.spark.util.Utils$.startServiceOnPort(Utils.scala:1911)
	at org.apache.spark.ui.JettyUtils$.startJettyServer(JettyUtils.scala:246)
	at org.apache.spark.ui.WebUI.bind(WebUI.scala:136)
	at org.apache.spark.SparkContext$$anonfun$13.apply(SparkContext.scala:474)
	at org.apache.spark.SparkContext$$anonfun$13.apply(SparkContext.scala:474)
	at scala.Option.foreach(Option.scala:236)
	at org.apache.spark.SparkContext.<init>(SparkContext.scala:474)
	at PageRank$.main(PageRank.scala:10)
	at PageRank.main(PageRank.scala)
	at sun.reflect.NativeMethodAccessorImpl.invoke0(Native Method)
	at sun.reflect.NativeMethodAccessorImpl.invoke(NativeMethodAccessorImpl.java:62)
	at sun.reflect.DelegatingMethodAccessorImpl.invoke(DelegatingMethodAccessorImpl.java:43)
	at java.lang.reflect.Method.invoke(Method.java:498)
	at org.apache.spark.deploy.SparkSubmit$.org$apache$spark$deploy$SparkSubmit$$runMain(SparkSubmit.scala:674)
	at org.apache.spark.deploy.SparkSubmit$.doRunMain$1(SparkSubmit.scala:180)
	at org.apache.spark.deploy.SparkSubmit$.submit(SparkSubmit.scala:205)
	at org.apache.spark.deploy.SparkSubmit$.main(SparkSubmit.scala:120)
	at org.apache.spark.deploy.SparkSubmit.main(SparkSubmit.scala)
21/05/04 21:09:15 INFO handler.ContextHandler: stopped o.s.j.s.ServletContextHandler{/stages/stage/kill,null}
21/05/04 21:09:15 INFO handler.ContextHandler: stopped o.s.j.s.ServletContextHandler{/api,null}
21/05/04 21:09:15 INFO handler.ContextHandler: stopped o.s.j.s.ServletContextHandler{/,null}
21/05/04 21:09:15 INFO handler.ContextHandler: stopped o.s.j.s.ServletContextHandler{/static,null}
21/05/04 21:09:15 INFO handler.ContextHandler: stopped o.s.j.s.ServletContextHandler{/executors/threadDump/json,null}
21/05/04 21:09:15 INFO handler.ContextHandler: stopped o.s.j.s.ServletContextHandler{/executors/threadDump,null}
21/05/04 21:09:15 INFO handler.ContextHandler: stopped o.s.j.s.ServletContextHandler{/executors/json,null}
21/05/04 21:09:15 INFO handler.ContextHandler: stopped o.s.j.s.ServletContextHandler{/executors,null}
21/05/04 21:09:15 INFO handler.ContextHandler: stopped o.s.j.s.ServletContextHandler{/environment/json,null}
21/05/04 21:09:15 INFO handler.ContextHandler: stopped o.s.j.s.ServletContextHandler{/environment,null}
21/05/04 21:09:15 INFO handler.ContextHandler: stopped o.s.j.s.ServletContextHandler{/storage/rdd/json,null}
21/05/04 21:09:15 INFO handler.ContextHandler: stopped o.s.j.s.ServletContextHandler{/storage/rdd,null}
21/05/04 21:09:15 INFO handler.ContextHandler: stopped o.s.j.s.ServletContextHandler{/storage/json,null}
21/05/04 21:09:15 INFO handler.ContextHandler: stopped o.s.j.s.ServletContextHandler{/storage,null}
21/05/04 21:09:15 INFO handler.ContextHandler: stopped o.s.j.s.ServletContextHandler{/stages/pool/json,null}
21/05/04 21:09:15 INFO handler.ContextHandler: stopped o.s.j.s.ServletContextHandler{/stages/pool,null}
21/05/04 21:09:15 INFO handler.ContextHandler: stopped o.s.j.s.ServletContextHandler{/stages/stage/json,null}
21/05/04 21:09:15 INFO handler.ContextHandler: stopped o.s.j.s.ServletContextHandler{/stages/stage,null}
21/05/04 21:09:15 INFO handler.ContextHandler: stopped o.s.j.s.ServletContextHandler{/stages/json,null}
21/05/04 21:09:15 INFO handler.ContextHandler: stopped o.s.j.s.ServletContextHandler{/stages,null}
21/05/04 21:09:15 INFO handler.ContextHandler: stopped o.s.j.s.ServletContextHandler{/jobs/job/json,null}
21/05/04 21:09:15 INFO handler.ContextHandler: stopped o.s.j.s.ServletContextHandler{/jobs/job,null}
21/05/04 21:09:15 INFO handler.ContextHandler: stopped o.s.j.s.ServletContextHandler{/jobs/json,null}
21/05/04 21:09:15 INFO handler.ContextHandler: stopped o.s.j.s.ServletContextHandler{/jobs,null}
21/05/04 21:09:15 WARN util.Utils: Service 'SparkUI' could not bind on port 4040. Attempting port 4041.
21/05/04 21:09:15 INFO server.Server: jetty-8.y.z-SNAPSHOT
21/05/04 21:09:15 INFO server.AbstractConnector: Started SelectChannelConnector@0.0.0.0:4041
21/05/04 21:09:15 INFO util.Utils: Successfully started service 'SparkUI' on port 4041.
21/05/04 21:09:15 INFO ui.SparkUI: Started SparkUI at http://10.22.252.158:4041
21/05/04 21:09:15 INFO spark.SparkContext: Added JAR file:/home/dxt5888/project8/pagerank.jar at http://10.22.252.158:34629/jars/pagerank.jar with timestamp 1620187755156
21/05/04 21:09:15 WARN metrics.MetricsSystem: Using default name DAGScheduler for source because spark.app.id is not set.
21/05/04 21:09:15 INFO client.AppClient$ClientEndpoint: Connecting to master spark://comet-14-01.ibnet:7077...
comet-14-01.ibnet: no namenode to stop
21/05/04 21:09:15 INFO cluster.SparkDeploySchedulerBackend: Connected to Spark cluster with app ID app-20210504210915-0008
21/05/04 21:09:15 INFO util.Utils: Successfully started service 'org.apache.spark.network.netty.NettyBlockTransferService' on port 34341.
21/05/04 21:09:15 INFO netty.NettyBlockTransferService: Server created on 34341
21/05/04 21:09:15 INFO storage.BlockManagerMaster: Trying to register BlockManager
21/05/04 21:09:15 INFO storage.BlockManagerMasterEndpoint: Registering block manager 10.22.252.158:34341 with 530.0 MB RAM, BlockManagerId(driver, 10.22.252.158, 34341)
21/05/04 21:09:15 INFO storage.BlockManagerMaster: Registered BlockManager
21/05/04 21:09:15 INFO cluster.SparkDeploySchedulerBackend: SchedulerBackend is ready for scheduling beginning after reached minRegisteredResourcesRatio: 0.0
comet-14-01.ibnet: no datanode to stop
comet-14-02.ibnet: no datanode to stop
21/05/04 21:09:16 INFO storage.MemoryStore: ensureFreeSpace(120176) called with curMem=0, maxMem=555755765
21/05/04 21:09:16 INFO storage.MemoryStore: Block broadcast_0 stored as values in memory (estimated size 117.4 KB, free 529.9 MB)
21/05/04 21:09:16 INFO storage.MemoryStore: ensureFreeSpace(12888) called with curMem=120176, maxMem=555755765
21/05/04 21:09:16 INFO storage.MemoryStore: Block broadcast_0_piece0 stored as bytes in memory (estimated size 12.6 KB, free 529.9 MB)
21/05/04 21:09:16 INFO storage.BlockManagerInfo: Added broadcast_0_piece0 in memory on 10.22.252.158:34341 (size: 12.6 KB, free: 530.0 MB)
21/05/04 21:09:16 INFO spark.SparkContext: Created broadcast 0 from textFile at PageRank.scala:16
Exception in thread "main" org.apache.hadoop.mapred.InvalidInputException: Input path does not exist: hdfs://comet-14-01.ibnet:54310/user/dxt5888/large-twitter.csv
	at org.apache.hadoop.mapred.FileInputFormat.singleThreadedListStatus(FileInputFormat.java:285)
	at org.apache.hadoop.mapred.FileInputFormat.listStatus(FileInputFormat.java:228)
	at org.apache.hadoop.mapred.FileInputFormat.getSplits(FileInputFormat.java:304)
	at org.apache.spark.rdd.HadoopRDD.getPartitions(HadoopRDD.scala:207)
	at org.apache.spark.rdd.RDD$$anonfun$partitions$2.apply(RDD.scala:239)
	at org.apache.spark.rdd.RDD$$anonfun$partitions$2.apply(RDD.scala:237)
	at scala.Option.getOrElse(Option.scala:120)
	at org.apache.spark.rdd.RDD.partitions(RDD.scala:237)
	at org.apache.spark.rdd.MapPartitionsRDD.getPartitions(MapPartitionsRDD.scala:35)
	at org.apache.spark.rdd.RDD$$anonfun$partitions$2.apply(RDD.scala:239)
	at org.apache.spark.rdd.RDD$$anonfun$partitions$2.apply(RDD.scala:237)
	at scala.Option.getOrElse(Option.scala:120)
	at org.apache.spark.rdd.RDD.partitions(RDD.scala:237)
	at org.apache.spark.rdd.MapPartitionsRDD.getPartitions(MapPartitionsRDD.scala:35)
	at org.apache.spark.rdd.RDD$$anonfun$partitions$2.apply(RDD.scala:239)
	at org.apache.spark.rdd.RDD$$anonfun$partitions$2.apply(RDD.scala:237)
	at scala.Option.getOrElse(Option.scala:120)
	at org.apache.spark.rdd.RDD.partitions(RDD.scala:237)
	at org.apache.spark.rdd.MapPartitionsRDD.getPartitions(MapPartitionsRDD.scala:35)
	at org.apache.spark.rdd.RDD$$anonfun$partitions$2.apply(RDD.scala:239)
	at org.apache.spark.rdd.RDD$$anonfun$partitions$2.apply(RDD.scala:237)
	at scala.Option.getOrElse(Option.scala:120)
	at org.apache.spark.rdd.RDD.partitions(RDD.scala:237)
	at org.apache.spark.rdd.MapPartitionsRDD.getPartitions(MapPartitionsRDD.scala:35)
	at org.apache.spark.rdd.RDD$$anonfun$partitions$2.apply(RDD.scala:239)
	at org.apache.spark.rdd.RDD$$anonfun$partitions$2.apply(RDD.scala:237)
	at scala.Option.getOrElse(Option.scala:120)
	at org.apache.spark.rdd.RDD.partitions(RDD.scala:237)
	at org.apache.spark.Partitioner$.defaultPartitioner(Partitioner.scala:65)
	at org.apache.spark.rdd.PairRDDFunctions$$anonfun$reduceByKey$3.apply(PairRDDFunctions.scala:290)
	at org.apache.spark.rdd.PairRDDFunctions$$anonfun$reduceByKey$3.apply(PairRDDFunctions.scala:290)
	at org.apache.spark.rdd.RDDOperationScope$.withScope(RDDOperationScope.scala:147)
	at org.apache.spark.rdd.RDDOperationScope$.withScope(RDDOperationScope.scala:108)
	at org.apache.spark.rdd.RDD.withScope(RDD.scala:310)
	at org.apache.spark.rdd.PairRDDFunctions.reduceByKey(PairRDDFunctions.scala:289)
	at PageRank$.main(PageRank.scala:27)
	at PageRank.main(PageRank.scala)
	at sun.reflect.NativeMethodAccessorImpl.invoke0(Native Method)
	at sun.reflect.NativeMethodAccessorImpl.invoke(NativeMethodAccessorImpl.java:62)
	at sun.reflect.DelegatingMethodAccessorImpl.invoke(DelegatingMethodAccessorImpl.java:43)
	at java.lang.reflect.Method.invoke(Method.java:498)
	at org.apache.spark.deploy.SparkSubmit$.org$apache$spark$deploy$SparkSubmit$$runMain(SparkSubmit.scala:674)
	at org.apache.spark.deploy.SparkSubmit$.doRunMain$1(SparkSubmit.scala:180)
	at org.apache.spark.deploy.SparkSubmit$.submit(SparkSubmit.scala:205)
	at org.apache.spark.deploy.SparkSubmit$.main(SparkSubmit.scala:120)
	at org.apache.spark.deploy.SparkSubmit.main(SparkSubmit.scala)
21/05/04 21:09:16 INFO spark.SparkContext: Invoking stop() from shutdown hook
21/05/04 21:09:16 INFO handler.ContextHandler: stopped o.s.j.s.ServletContextHandler{/metrics/json,null}
21/05/04 21:09:16 INFO handler.ContextHandler: stopped o.s.j.s.ServletContextHandler{/stages/stage/kill,null}
21/05/04 21:09:16 INFO handler.ContextHandler: stopped o.s.j.s.ServletContextHandler{/api,null}
21/05/04 21:09:16 INFO handler.ContextHandler: stopped o.s.j.s.ServletContextHandler{/,null}
21/05/04 21:09:16 INFO handler.ContextHandler: stopped o.s.j.s.ServletContextHandler{/static,null}
21/05/04 21:09:16 INFO handler.ContextHandler: stopped o.s.j.s.ServletContextHandler{/executors/threadDump/json,null}
21/05/04 21:09:16 INFO handler.ContextHandler: stopped o.s.j.s.ServletContextHandler{/executors/threadDump,null}
21/05/04 21:09:16 INFO handler.ContextHandler: stopped o.s.j.s.ServletContextHandler{/executors/json,null}
21/05/04 21:09:16 INFO handler.ContextHandler: stopped o.s.j.s.ServletContextHandler{/executors,null}
21/05/04 21:09:16 INFO handler.ContextHandler: stopped o.s.j.s.ServletContextHandler{/environment/json,null}
21/05/04 21:09:16 INFO handler.ContextHandler: stopped o.s.j.s.ServletContextHandler{/environment,null}
21/05/04 21:09:16 INFO handler.ContextHandler: stopped o.s.j.s.ServletContextHandler{/storage/rdd/json,null}
21/05/04 21:09:16 INFO handler.ContextHandler: stopped o.s.j.s.ServletContextHandler{/storage/rdd,null}
21/05/04 21:09:16 INFO handler.ContextHandler: stopped o.s.j.s.ServletContextHandler{/storage/json,null}
21/05/04 21:09:16 INFO handler.ContextHandler: stopped o.s.j.s.ServletContextHandler{/storage,null}
21/05/04 21:09:16 INFO handler.ContextHandler: stopped o.s.j.s.ServletContextHandler{/stages/pool/json,null}
21/05/04 21:09:16 INFO handler.ContextHandler: stopped o.s.j.s.ServletContextHandler{/stages/pool,null}
21/05/04 21:09:16 INFO handler.ContextHandler: stopped o.s.j.s.ServletContextHandler{/stages/stage/json,null}
21/05/04 21:09:16 INFO handler.ContextHandler: stopped o.s.j.s.ServletContextHandler{/stages/stage,null}
21/05/04 21:09:16 INFO handler.ContextHandler: stopped o.s.j.s.ServletContextHandler{/stages/json,null}
21/05/04 21:09:16 INFO handler.ContextHandler: stopped o.s.j.s.ServletContextHandler{/stages,null}
21/05/04 21:09:16 INFO handler.ContextHandler: stopped o.s.j.s.ServletContextHandler{/jobs/job/json,null}
21/05/04 21:09:16 INFO handler.ContextHandler: stopped o.s.j.s.ServletContextHandler{/jobs/job,null}
21/05/04 21:09:16 INFO handler.ContextHandler: stopped o.s.j.s.ServletContextHandler{/jobs/json,null}
21/05/04 21:09:16 INFO handler.ContextHandler: stopped o.s.j.s.ServletContextHandler{/jobs,null}
21/05/04 21:09:16 INFO ui.SparkUI: Stopped Spark web UI at http://10.22.252.158:4041
21/05/04 21:09:16 INFO scheduler.DAGScheduler: Stopping DAGScheduler
21/05/04 21:09:16 INFO cluster.SparkDeploySchedulerBackend: Shutting down all executors
21/05/04 21:09:16 INFO cluster.SparkDeploySchedulerBackend: Asking each executor to shut down
21/05/04 21:09:16 INFO spark.MapOutputTrackerMasterEndpoint: MapOutputTrackerMasterEndpoint stopped!
21/05/04 21:09:16 INFO storage.MemoryStore: MemoryStore cleared
21/05/04 21:09:16 INFO storage.BlockManager: BlockManager stopped
21/05/04 21:09:16 INFO storage.BlockManagerMaster: BlockManagerMaster stopped
21/05/04 21:09:16 INFO spark.SparkContext: Successfully stopped SparkContext
21/05/04 21:09:16 INFO util.ShutdownHookManager: Shutdown hook called
21/05/04 21:09:16 INFO util.ShutdownHookManager: Deleting directory /tmp/spark-f3cad0bb-e448-42d5-bed2-b2225d37bb7b
21/05/04 21:09:16 INFO scheduler.OutputCommitCoordinator$OutputCommitCoordinatorEndpoint: OutputCommitCoordinator stopped!
21/05/04 21:09:16 INFO remote.RemoteActorRefProvider$RemotingTerminator: Shutting down remote daemon.
21/05/04 21:09:16 INFO remote.RemoteActorRefProvider$RemotingTerminator: Remote daemon shut down; proceeding with flushing remote transports.
21/05/04 21:09:16 INFO remote.RemoteActorRefProvider$RemotingTerminator: Remoting shut down.
Stopping secondary namenodes [comet-14-01.ibnet]
stopping yarn daemons
no resourcemanager to stop
comet-14-01.ibnet: no secondarynamenode to stop
comet-14-02.ibnet: no nodemanager to stop
comet-14-01.ibnet: no nodemanager to stop
no proxyserver to stop
Stopping namenodes on [comet-14-01.ibnet]
Copying Hadoop logs back to /home/dxt5888/cometcluster/logs...
comet-14-01.ibnet: no namenode to stop
comet-14-02.ibnet: no datanode to stop
comet-14-01.ibnet: no datanode to stop
‘/scratch/dxt5888/39429396/logs’ -> ‘/home/dxt5888/cometcluster/logs’
‘/scratch/dxt5888/39429396/logs/yarn-dxt5888-resourcemanager-comet-14-01.log’ -> ‘/home/dxt5888/cometcluster/logs/yarn-dxt5888-resourcemanager-comet-14-01.log’
‘/scratch/dxt5888/39429396/logs/SecurityAuth-dxt5888.audit’ -> ‘/home/dxt5888/cometcluster/logs/SecurityAuth-dxt5888.audit’
‘/scratch/dxt5888/39429396/logs/userlogs’ -> ‘/home/dxt5888/cometcluster/logs/userlogs’
‘/scratch/dxt5888/39429396/logs/spark-dxt5888-org.apache.spark.deploy.worker.Worker-1-comet-14-01.sdsc.edu.out’ -> ‘/home/dxt5888/cometcluster/logs/spark-dxt5888-org.apache.spark.deploy.worker.Worker-1-comet-14-01.sdsc.edu.out’
‘/scratch/dxt5888/39429396/logs/yarn-dxt5888-nodemanager-comet-14-01.sdsc.edu.out’ -> ‘/home/dxt5888/cometcluster/logs/yarn-dxt5888-nodemanager-comet-14-01.sdsc.edu.out’
‘/scratch/dxt5888/39429396/logs/hadoop-dxt5888-namenode-comet-14-01.sdsc.edu.out’ -> ‘/home/dxt5888/cometcluster/logs/hadoop-dxt5888-namenode-comet-14-01.sdsc.edu.out’
‘/scratch/dxt5888/39429396/logs/yarn-dxt5888-resourcemanager-comet-14-01.out.1’ -> ‘/home/dxt5888/cometcluster/logs/yarn-dxt5888-resourcemanager-comet-14-01.out.1’
‘/scratch/dxt5888/39429396/logs/hadoop-dxt5888-secondarynamenode-comet-14-01.sdsc.edu.log’ -> ‘/home/dxt5888/cometcluster/logs/hadoop-dxt5888-secondarynamenode-comet-14-01.sdsc.edu.log’
‘/scratch/dxt5888/39429396/logs/hadoop-dxt5888-datanode-comet-14-01.sdsc.edu.out’ -> ‘/home/dxt5888/cometcluster/logs/hadoop-dxt5888-datanode-comet-14-01.sdsc.edu.out’
‘/scratch/dxt5888/39429396/logs/spark-dxt5888-org.apache.spark.deploy.master.Master-1-comet-14-01.out’ -> ‘/home/dxt5888/cometcluster/logs/spark-dxt5888-org.apache.spark.deploy.master.Master-1-comet-14-01.out’
‘/scratch/dxt5888/39429396/logs/hadoop-dxt5888-datanode-comet-14-01.sdsc.edu.log’ -> ‘/home/dxt5888/cometcluster/logs/hadoop-dxt5888-datanode-comet-14-01.sdsc.edu.log’
‘/scratch/dxt5888/39429396/logs/hadoop-dxt5888-secondarynamenode-comet-14-01.sdsc.edu.out’ -> ‘/home/dxt5888/cometcluster/logs/hadoop-dxt5888-secondarynamenode-comet-14-01.sdsc.edu.out’
‘/scratch/dxt5888/39429396/logs/yarn-dxt5888-nodemanager-comet-14-01.sdsc.edu.log’ -> ‘/home/dxt5888/cometcluster/logs/yarn-dxt5888-nodemanager-comet-14-01.sdsc.edu.log’
‘/scratch/dxt5888/39429396/logs/hadoop-dxt5888-namenode-comet-14-01.sdsc.edu.log’ -> ‘/home/dxt5888/cometcluster/logs/hadoop-dxt5888-namenode-comet-14-01.sdsc.edu.log’
‘/scratch/dxt5888/39429396/logs/yarn-dxt5888-resourcemanager-comet-14-01.out’ -> ‘/home/dxt5888/cometcluster/logs/yarn-dxt5888-resourcemanager-comet-14-01.out’
‘/scratch/dxt5888/39429396/logs/yarn-dxt5888-nodemanager-comet-14-01.sdsc.edu.out.1’ -> ‘/home/dxt5888/cometcluster/logs/yarn-dxt5888-nodemanager-comet-14-01.sdsc.edu.out.1’
Stopping secondary namenodes [comet-14-01.ibnet]
removed directory: ‘/scratch/dxt5888/39429396/mapred_scratch/nmPrivate’
removed directory: ‘/scratch/dxt5888/39429396/mapred_scratch/usercache’
removed directory: ‘/scratch/dxt5888/39429396/mapred_scratch/filecache’
removed directory: ‘/scratch/dxt5888/39429396/mapred_scratch’
removed directory: ‘/scratch/dxt5888/39429396/tmp/dfs/namesecondary’
removed directory: ‘/scratch/dxt5888/39429396/tmp/dfs’
removed directory: ‘/scratch/dxt5888/39429396/tmp’
removed ‘/scratch/dxt5888/39429396/namenode_data/current/VERSION’
removed ‘/scratch/dxt5888/39429396/namenode_data/current/seen_txid’
removed ‘/scratch/dxt5888/39429396/namenode_data/current/fsimage_0000000000000000000’
removed ‘/scratch/dxt5888/39429396/namenode_data/current/fsimage_0000000000000000000.md5’
removed directory: ‘/scratch/dxt5888/39429396/namenode_data/current’
removed directory: ‘/scratch/dxt5888/39429396/namenode_data’
removed directory: ‘/scratch/dxt5888/39429396/hdfs_data’
removed directory: ‘/scratch/dxt5888/39429396/pids’
removed ‘/scratch/dxt5888/39429396/logs/yarn-dxt5888-resourcemanager-comet-14-01.log’
removed ‘/scratch/dxt5888/39429396/logs/SecurityAuth-dxt5888.audit’
removed directory: ‘/scratch/dxt5888/39429396/logs/userlogs’
removed ‘/scratch/dxt5888/39429396/logs/spark-dxt5888-org.apache.spark.deploy.worker.Worker-1-comet-14-01.sdsc.edu.out’
removed ‘/scratch/dxt5888/39429396/logs/yarn-dxt5888-nodemanager-comet-14-01.sdsc.edu.out’
removed ‘/scratch/dxt5888/39429396/logs/hadoop-dxt5888-namenode-comet-14-01.sdsc.edu.out’
removed ‘/scratch/dxt5888/39429396/logs/yarn-dxt5888-resourcemanager-comet-14-01.out.1’
removed ‘/scratch/dxt5888/39429396/logs/hadoop-dxt5888-secondarynamenode-comet-14-01.sdsc.edu.log’
removed ‘/scratch/dxt5888/39429396/logs/hadoop-dxt5888-datanode-comet-14-01.sdsc.edu.out’
removed ‘/scratch/dxt5888/39429396/logs/spark-dxt5888-org.apache.spark.deploy.master.Master-1-comet-14-01.out’
removed ‘/scratch/dxt5888/39429396/logs/hadoop-dxt5888-datanode-comet-14-01.sdsc.edu.log’
removed ‘/scratch/dxt5888/39429396/logs/hadoop-dxt5888-secondarynamenode-comet-14-01.sdsc.edu.out’
removed ‘/scratch/dxt5888/39429396/logs/yarn-dxt5888-nodemanager-comet-14-01.sdsc.edu.log’
removed ‘/scratch/dxt5888/39429396/logs/hadoop-dxt5888-namenode-comet-14-01.sdsc.edu.log’
removed ‘/scratch/dxt5888/39429396/logs/yarn-dxt5888-resourcemanager-comet-14-01.out’
removed ‘/scratch/dxt5888/39429396/logs/yarn-dxt5888-nodemanager-comet-14-01.sdsc.edu.out.1’
removed directory: ‘/scratch/dxt5888/39429396/logs’
comet-14-01.ibnet: no secondarynamenode to stop
removed directory: ‘/scratch/dxt5888/39429396/mapred_scratch/nmPrivate’
removed directory: ‘/scratch/dxt5888/39429396/mapred_scratch/usercache’
removed directory: ‘/scratch/dxt5888/39429396/mapred_scratch/filecache’
removed directory: ‘/scratch/dxt5888/39429396/mapred_scratch’
removed directory: ‘/scratch/dxt5888/39429396/hdfs_data’
removed directory: ‘/scratch/dxt5888/39429396/pids’
removed ‘/scratch/dxt5888/39429396/logs/hadoop-dxt5888-datanode-comet-14-02.sdsc.edu.log’
removed ‘/scratch/dxt5888/39429396/logs/spark-dxt5888-org.apache.spark.deploy.worker.Worker-1-comet-14-02.sdsc.edu.out’
removed ‘/scratch/dxt5888/39429396/logs/SecurityAuth-dxt5888.audit’
removed ‘/scratch/dxt5888/39429396/logs/yarn-dxt5888-nodemanager-comet-14-02.sdsc.edu.out.1’
removed directory: ‘/scratch/dxt5888/39429396/logs/userlogs’
removed ‘/scratch/dxt5888/39429396/logs/yarn-dxt5888-nodemanager-comet-14-02.sdsc.edu.out’
removed ‘/scratch/dxt5888/39429396/logs/yarn-dxt5888-nodemanager-comet-14-02.sdsc.edu.log’
removed ‘/scratch/dxt5888/39429396/logs/hadoop-dxt5888-datanode-comet-14-02.sdsc.edu.out’
removed directory: ‘/scratch/dxt5888/39429396/logs’
Copying Hadoop logs back to /home/dxt5888/cometcluster/logs...
‘/scratch/dxt5888/39429396/logs’ -> ‘/home/dxt5888/cometcluster/logs/logs’
removed directory: ‘/scratch/dxt5888/39429396/logs’
